<?xml version="1.0" encoding="utf-8"?>
<CoverageSession xmlns:xsd="http://www.w3.org/2001/XMLSchema" xmlns:xsi="http://www.w3.org/2001/XMLSchema-instance" Version="0.0.0.0">
  <Summary numSequencePoints="908" visitedSequencePoints="662" numBranchPoints="0" visitedBranchPoints="0" sequenceCoverage="72.91" branchCoverage="0.0" maxCyclomaticComplexity="0" minCyclomaticComplexity="0" maxCrapScore="0" minCrapScore="0" visitedClasses="42" numClasses="45" visitedMethods="103" numMethods="129" />
  <Modules>
    <Module>
      <Summary numSequencePoints="420" visitedSequencePoints="393" numBranchPoints="0" visitedBranchPoints="0" sequenceCoverage="93.57" branchCoverage="0.0" maxCyclomaticComplexity="0" minCyclomaticComplexity="0" maxCrapScore="0" minCrapScore="0" visitedClasses="27" numClasses="27" visitedMethods="53" numMethods="53" />
      <ModuleTime>0001-01-01T00:00:00</ModuleTime>
      <ModuleName>EditMode</ModuleName>
      <Files>
        <File uid="1" fullPath="C:/Users/Zach/Documents/.myDocs/School/teamwaterfall/src/Flow Runner/Assets/Tests/EditMode/AirMeterTest.cs" />
        <File uid="2" fullPath="C:/Users/Zach/Documents/.myDocs/School/teamwaterfall/src/Flow Runner/Assets/Tests/EditMode/CoinCollectorTest.cs" />
        <File uid="3" fullPath="C:/Users/Zach/Documents/.myDocs/School/teamwaterfall/src/Flow Runner/Assets/Tests/EditMode/CoinControllerTest.cs" />
        <File uid="4" fullPath="C:/Users/Zach/Documents/.myDocs/School/teamwaterfall/src/Flow Runner/Assets/Tests/EditMode/CoinDeleteTest.cs" />
        <File uid="5" fullPath="C:/Users/Zach/Documents/.myDocs/School/teamwaterfall/src/Flow Runner/Assets/Tests/EditMode/RockFallingTest.cs" />
        <File uid="6" fullPath="C:/Users/Zach/Documents/.myDocs/School/teamwaterfall/src/Flow Runner/Assets/Tests/EditMode/RockKillTest.cs" />
        <File uid="7" fullPath="C:/Users/Zach/Documents/.myDocs/School/teamwaterfall/src/Flow Runner/Assets/Tests/EditMode/TotalCoinControllerTest.cs" />
        <File uid="8" fullPath="C:/Users/Zach/Documents/.myDocs/School/teamwaterfall/src/Flow Runner/Assets/Tests/EditMode/WaterRiseTest.cs" />
        <File uid="9" fullPath="C:/Users/Zach/Documents/.myDocs/School/teamwaterfall/src/Flow Runner/Assets/Tests/EditMode/ChangeSpriteTest.cs" />
        <File uid="10" fullPath="C:/Users/Zach/Documents/.myDocs/School/teamwaterfall/src/Flow Runner/Assets/Tests/EditMode/PlayerMovementTests.cs" />
      </Files>
      <Classes>
        <Class>
          <Summary numSequencePoints="36" visitedSequencePoints="36" numBranchPoints="0" visitedBranchPoints="0" sequenceCoverage="100.0" branchCoverage="0.0" maxCyclomaticComplexity="0" minCyclomaticComplexity="0" maxCrapScore="0" minCrapScore="0" visitedClasses="1" numClasses="1" visitedMethods="5" numMethods="5" />
          <FullName>AirMeterTest</FullName>
          <Methods>
            <Method visited="true" cyclomaticComplexity="0" nPathComplexity="0" sequenceCoverage="100.0" branchCoverage="0" crapScore="0" isConstructor="false" isStatic="false" isGetter="false" isSetter="false">
              <Summary numSequencePoints="11" visitedSequencePoints="11" numBranchPoints="0" visitedBranchPoints="0" sequenceCoverage="100.0" branchCoverage="0" maxCyclomaticComplexity="0" minCyclomaticComplexity="0" maxCrapScore="0" minCrapScore="0" visitedClasses="0" numClasses="0" visitedMethods="1" numMethods="1" />
              <MetadataToken>100663297</MetadataToken>
              <Name>System.Void AirMeterTest::Setup()</Name>
              <FileRef uid="1" />
              <SequencePoints>
                <SequencePoint vc="8" uspid="2478" ordinal="0" offset="0" sl="18" sc="5" el="18" ec="5" bec="0" bev="0" fileid="1" />
                <SequencePoint vc="8" uspid="2479" ordinal="0" offset="1" sl="20" sc="9" el="20" ec="9" bec="0" bev="0" fileid="1" />
                <SequencePoint vc="8" uspid="2480" ordinal="0" offset="12" sl="21" sc="9" el="21" ec="9" bec="0" bev="0" fileid="1" />
                <SequencePoint vc="8" uspid="2481" ordinal="0" offset="29" sl="22" sc="9" el="22" ec="9" bec="0" bev="0" fileid="1" />
                <SequencePoint vc="8" uspid="2482" ordinal="0" offset="45" sl="23" sc="9" el="23" ec="9" bec="0" bev="0" fileid="1" />
                <SequencePoint vc="8" uspid="2483" ordinal="0" offset="62" sl="24" sc="9" el="24" ec="9" bec="0" bev="0" fileid="1" />
                <SequencePoint vc="8" uspid="2484" ordinal="0" offset="78" sl="25" sc="9" el="25" ec="9" bec="0" bev="0" fileid="1" />
                <SequencePoint vc="8" uspid="2485" ordinal="0" offset="94" sl="26" sc="9" el="26" ec="9" bec="0" bev="0" fileid="1" />
                <SequencePoint vc="8" uspid="2486" ordinal="0" offset="110" sl="27" sc="9" el="27" ec="9" bec="0" bev="0" fileid="1" />
                <SequencePoint vc="8" uspid="2487" ordinal="0" offset="126" sl="28" sc="9" el="28" ec="9" bec="0" bev="0" fileid="1" />
                <SequencePoint vc="8" uspid="2488" ordinal="0" offset="144" sl="29" sc="5" el="29" ec="5" bec="0" bev="0" fileid="1" />
              </SequencePoints>
              <BranchPoints />
            </Method>
            <Method visited="true" cyclomaticComplexity="0" nPathComplexity="0" sequenceCoverage="100.0" branchCoverage="0" crapScore="0" isConstructor="false" isStatic="false" isGetter="false" isSetter="false">
              <Summary numSequencePoints="5" visitedSequencePoints="5" numBranchPoints="0" visitedBranchPoints="0" sequenceCoverage="100.0" branchCoverage="0" maxCyclomaticComplexity="0" minCyclomaticComplexity="0" maxCrapScore="0" minCrapScore="0" visitedClasses="0" numClasses="0" visitedMethods="1" numMethods="1" />
              <MetadataToken>100663298</MetadataToken>
              <Name>System.Void AirMeterTest::Start_AirSliderIsNull_LogsError()</Name>
              <FileRef uid="1" />
              <SequencePoints>
                <SequencePoint vc="1" uspid="2489" ordinal="0" offset="0" sl="36" sc="5" el="36" ec="5" bec="0" bev="0" fileid="1" />
                <SequencePoint vc="1" uspid="2490" ordinal="0" offset="1" sl="37" sc="9" el="37" ec="9" bec="0" bev="0" fileid="1" />
                <SequencePoint vc="1" uspid="2491" ordinal="0" offset="13" sl="39" sc="9" el="39" ec="9" bec="0" bev="0" fileid="1" />
                <SequencePoint vc="1" uspid="2492" ordinal="0" offset="25" sl="40" sc="9" el="40" ec="9" bec="0" bev="0" fileid="1" />
                <SequencePoint vc="1" uspid="2493" ordinal="0" offset="37" sl="41" sc="5" el="41" ec="5" bec="0" bev="0" fileid="1" />
              </SequencePoints>
              <BranchPoints />
            </Method>
            <Method visited="true" cyclomaticComplexity="0" nPathComplexity="0" sequenceCoverage="100.0" branchCoverage="0" crapScore="0" isConstructor="false" isStatic="false" isGetter="false" isSetter="false">
              <Summary numSequencePoints="8" visitedSequencePoints="8" numBranchPoints="0" visitedBranchPoints="0" sequenceCoverage="100.0" branchCoverage="0" maxCyclomaticComplexity="0" minCyclomaticComplexity="0" maxCrapScore="0" minCrapScore="0" visitedClasses="0" numClasses="0" visitedMethods="1" numMethods="1" />
              <MetadataToken>100663299</MetadataToken>
              <Name>System.Void AirMeterTest::Start_AirSliderIsAssigned_SetsInitialValuesCorrectly()</Name>
              <FileRef uid="1" />
              <SequencePoints>
                <SequencePoint vc="1" uspid="2494" ordinal="0" offset="0" sl="48" sc="5" el="48" ec="5" bec="0" bev="0" fileid="1" />
                <SequencePoint vc="1" uspid="2495" ordinal="0" offset="1" sl="49" sc="9" el="49" ec="9" bec="0" bev="0" fileid="1" />
                <SequencePoint vc="1" uspid="2496" ordinal="0" offset="18" sl="50" sc="9" el="50" ec="9" bec="0" bev="0" fileid="1" />
                <SequencePoint vc="1" uspid="2497" ordinal="0" offset="34" sl="52" sc="9" el="52" ec="9" bec="0" bev="0" fileid="1" />
                <SequencePoint vc="1" uspid="2498" ordinal="0" offset="46" sl="54" sc="9" el="54" ec="9" bec="0" bev="0" fileid="1" />
                <SequencePoint vc="1" uspid="2499" ordinal="0" offset="88" sl="55" sc="9" el="55" ec="9" bec="0" bev="0" fileid="1" />
                <SequencePoint vc="1" uspid="2500" ordinal="0" offset="130" sl="56" sc="9" el="56" ec="9" bec="0" bev="0" fileid="1" />
                <SequencePoint vc="1" uspid="2501" ordinal="0" offset="172" sl="57" sc="5" el="57" ec="5" bec="0" bev="0" fileid="1" />
              </SequencePoints>
              <BranchPoints />
            </Method>
            <Method visited="true" cyclomaticComplexity="0" nPathComplexity="0" sequenceCoverage="100.0" branchCoverage="0" crapScore="0" isConstructor="false" isStatic="false" isGetter="false" isSetter="false">
              <Summary numSequencePoints="5" visitedSequencePoints="5" numBranchPoints="0" visitedBranchPoints="0" sequenceCoverage="100.0" branchCoverage="0" maxCyclomaticComplexity="0" minCyclomaticComplexity="0" maxCrapScore="0" minCrapScore="0" visitedClasses="0" numClasses="0" visitedMethods="1" numMethods="1" />
              <MetadataToken>100663302</MetadataToken>
              <Name>System.Void AirMeterTest::Start_WithNoSliderAssigned_LogsError()</Name>
              <FileRef uid="1" />
              <SequencePoints>
                <SequencePoint vc="1" uspid="2502" ordinal="0" offset="0" sl="104" sc="5" el="104" ec="5" bec="0" bev="0" fileid="1" />
                <SequencePoint vc="1" uspid="2503" ordinal="0" offset="1" sl="105" sc="9" el="105" ec="9" bec="0" bev="0" fileid="1" />
                <SequencePoint vc="1" uspid="2504" ordinal="0" offset="12" sl="106" sc="9" el="106" ec="9" bec="0" bev="0" fileid="1" />
                <SequencePoint vc="1" uspid="2505" ordinal="0" offset="19" sl="107" sc="9" el="107" ec="9" bec="0" bev="0" fileid="1" />
                <SequencePoint vc="1" uspid="2506" ordinal="0" offset="31" sl="108" sc="5" el="108" ec="5" bec="0" bev="0" fileid="1" />
              </SequencePoints>
              <BranchPoints />
            </Method>
            <Method visited="true" cyclomaticComplexity="0" nPathComplexity="0" sequenceCoverage="100.0" branchCoverage="0" crapScore="0" isConstructor="false" isStatic="false" isGetter="false" isSetter="false">
              <Summary numSequencePoints="7" visitedSequencePoints="7" numBranchPoints="0" visitedBranchPoints="0" sequenceCoverage="100.0" branchCoverage="0" maxCyclomaticComplexity="0" minCyclomaticComplexity="0" maxCrapScore="0" minCrapScore="0" visitedClasses="0" numClasses="0" visitedMethods="1" numMethods="1" />
              <MetadataToken>100663303</MetadataToken>
              <Name>System.Void AirMeterTest::Update_WithNoPlayerMovementAssigned_LogsError()</Name>
              <FileRef uid="1" />
              <SequencePoints>
                <SequencePoint vc="1" uspid="2507" ordinal="0" offset="0" sl="115" sc="5" el="115" ec="5" bec="0" bev="0" fileid="1" />
                <SequencePoint vc="1" uspid="2508" ordinal="0" offset="1" sl="116" sc="9" el="116" ec="9" bec="0" bev="0" fileid="1" />
                <SequencePoint vc="1" uspid="2509" ordinal="0" offset="7" sl="117" sc="9" el="117" ec="9" bec="0" bev="0" fileid="1" />
                <SequencePoint vc="1" uspid="2510" ordinal="0" offset="14" sl="118" sc="9" el="118" ec="9" bec="0" bev="0" fileid="1" />
                <SequencePoint vc="1" uspid="2511" ordinal="0" offset="21" sl="120" sc="9" el="120" ec="9" bec="0" bev="0" fileid="1" />
                <SequencePoint vc="1" uspid="2512" ordinal="0" offset="28" sl="122" sc="9" el="122" ec="9" bec="0" bev="0" fileid="1" />
                <SequencePoint vc="1" uspid="2513" ordinal="0" offset="40" sl="123" sc="5" el="123" ec="5" bec="0" bev="0" fileid="1" />
              </SequencePoints>
              <BranchPoints />
            </Method>
          </Methods>
        </Class>
        <Class>
          <Summary numSequencePoints="21" visitedSequencePoints="21" numBranchPoints="0" visitedBranchPoints="0" sequenceCoverage="100.0" branchCoverage="0.0" maxCyclomaticComplexity="0" minCyclomaticComplexity="0" maxCrapScore="0" minCrapScore="0" visitedClasses="1" numClasses="1" visitedMethods="3" numMethods="3" />
          <FullName>CoinCollectorTest</FullName>
          <Methods>
            <Method visited="true" cyclomaticComplexity="0" nPathComplexity="0" sequenceCoverage="100.0" branchCoverage="0" crapScore="0" isConstructor="false" isStatic="false" isGetter="false" isSetter="false">
              <Summary numSequencePoints="7" visitedSequencePoints="7" numBranchPoints="0" visitedBranchPoints="0" sequenceCoverage="100.0" branchCoverage="0" maxCyclomaticComplexity="0" minCyclomaticComplexity="0" maxCrapScore="0" minCrapScore="0" visitedClasses="0" numClasses="0" visitedMethods="1" numMethods="1" />
              <MetadataToken>100663312</MetadataToken>
              <Name>System.Void CoinCollectorTest::Setup()</Name>
              <FileRef uid="2" />
              <SequencePoints>
                <SequencePoint vc="2" uspid="2514" ordinal="0" offset="0" sl="17" sc="5" el="17" ec="5" bec="0" bev="0" fileid="2" />
                <SequencePoint vc="2" uspid="2515" ordinal="0" offset="1" sl="19" sc="9" el="19" ec="9" bec="0" bev="0" fileid="2" />
                <SequencePoint vc="2" uspid="2516" ordinal="0" offset="12" sl="20" sc="9" el="20" ec="9" bec="0" bev="0" fileid="2" />
                <SequencePoint vc="2" uspid="2517" ordinal="0" offset="23" sl="21" sc="9" el="21" ec="9" bec="0" bev="0" fileid="2" />
                <SequencePoint vc="2" uspid="2518" ordinal="0" offset="40" sl="22" sc="9" el="22" ec="9" bec="0" bev="0" fileid="2" />
                <SequencePoint vc="2" uspid="2519" ordinal="0" offset="57" sl="23" sc="9" el="23" ec="9" bec="0" bev="0" fileid="2" />
                <SequencePoint vc="2" uspid="2520" ordinal="0" offset="74" sl="24" sc="5" el="24" ec="5" bec="0" bev="0" fileid="2" />
              </SequencePoints>
              <BranchPoints />
            </Method>
            <Method visited="true" cyclomaticComplexity="0" nPathComplexity="0" sequenceCoverage="100.0" branchCoverage="0" crapScore="0" isConstructor="false" isStatic="false" isGetter="false" isSetter="false">
              <Summary numSequencePoints="4" visitedSequencePoints="4" numBranchPoints="0" visitedBranchPoints="0" sequenceCoverage="100.0" branchCoverage="0" maxCyclomaticComplexity="0" minCyclomaticComplexity="0" maxCrapScore="0" minCrapScore="0" visitedClasses="0" numClasses="0" visitedMethods="1" numMethods="1" />
              <MetadataToken>100663313</MetadataToken>
              <Name>System.Void CoinCollectorTest::Start_AssignsCoinController()</Name>
              <FileRef uid="2" />
              <SequencePoints>
                <SequencePoint vc="1" uspid="2521" ordinal="0" offset="0" sl="31" sc="5" el="31" ec="5" bec="0" bev="0" fileid="2" />
                <SequencePoint vc="1" uspid="2522" ordinal="0" offset="1" sl="33" sc="9" el="33" ec="9" bec="0" bev="0" fileid="2" />
                <SequencePoint vc="1" uspid="2523" ordinal="0" offset="13" sl="36" sc="9" el="36" ec="9" bec="0" bev="0" fileid="2" />
                <SequencePoint vc="1" uspid="2524" ordinal="0" offset="35" sl="37" sc="5" el="37" ec="5" bec="0" bev="0" fileid="2" />
              </SequencePoints>
              <BranchPoints />
            </Method>
            <Method visited="true" cyclomaticComplexity="0" nPathComplexity="0" sequenceCoverage="100.0" branchCoverage="0" crapScore="0" isConstructor="false" isStatic="false" isGetter="false" isSetter="false">
              <Summary numSequencePoints="10" visitedSequencePoints="10" numBranchPoints="0" visitedBranchPoints="0" sequenceCoverage="100.0" branchCoverage="0" maxCyclomaticComplexity="0" minCyclomaticComplexity="0" maxCrapScore="0" minCrapScore="0" visitedClasses="0" numClasses="0" visitedMethods="1" numMethods="1" />
              <MetadataToken>100663314</MetadataToken>
              <Name>System.Void CoinCollectorTest::IncrementsCoinCount()</Name>
              <FileRef uid="2" />
              <SequencePoints>
                <SequencePoint vc="1" uspid="2525" ordinal="0" offset="0" sl="44" sc="5" el="44" ec="5" bec="0" bev="0" fileid="2" />
                <SequencePoint vc="1" uspid="2526" ordinal="0" offset="1" sl="46" sc="9" el="46" ec="9" bec="0" bev="0" fileid="2" />
                <SequencePoint vc="1" uspid="2527" ordinal="0" offset="13" sl="49" sc="9" el="49" ec="9" bec="0" bev="0" fileid="2" />
                <SequencePoint vc="1" uspid="2528" ordinal="0" offset="19" sl="50" sc="9" el="50" ec="9" bec="0" bev="0" fileid="2" />
                <SequencePoint vc="1" uspid="2529" ordinal="0" offset="26" sl="51" sc="9" el="51" ec="9" bec="0" bev="0" fileid="2" />
                <SequencePoint vc="1" uspid="2530" ordinal="0" offset="38" sl="52" sc="9" el="52" ec="9" bec="0" bev="0" fileid="2" />
                <SequencePoint vc="1" uspid="2531" ordinal="0" offset="46" sl="55" sc="9" el="55" ec="9" bec="0" bev="0" fileid="2" />
                <SequencePoint vc="1" uspid="2532" ordinal="0" offset="58" sl="59" sc="9" el="59" ec="9" bec="0" bev="0" fileid="2" />
                <SequencePoint vc="1" uspid="2533" ordinal="0" offset="71" sl="62" sc="9" el="62" ec="9" bec="0" bev="0" fileid="2" />
                <SequencePoint vc="1" uspid="2534" ordinal="0" offset="111" sl="63" sc="5" el="63" ec="5" bec="0" bev="0" fileid="2" />
              </SequencePoints>
              <BranchPoints />
            </Method>
          </Methods>
        </Class>
        <Class>
          <Summary numSequencePoints="49" visitedSequencePoints="49" numBranchPoints="0" visitedBranchPoints="0" sequenceCoverage="100.0" branchCoverage="0.0" maxCyclomaticComplexity="0" minCyclomaticComplexity="0" maxCrapScore="0" minCrapScore="0" visitedClasses="1" numClasses="1" visitedMethods="8" numMethods="8" />
          <FullName>CoinControllerTests</FullName>
          <Methods>
            <Method visited="true" cyclomaticComplexity="0" nPathComplexity="0" sequenceCoverage="100.0" branchCoverage="0" crapScore="0" isConstructor="false" isStatic="false" isGetter="false" isSetter="false">
              <Summary numSequencePoints="5" visitedSequencePoints="5" numBranchPoints="0" visitedBranchPoints="0" sequenceCoverage="100.0" branchCoverage="0" maxCyclomaticComplexity="0" minCyclomaticComplexity="0" maxCrapScore="0" minCrapScore="0" visitedClasses="0" numClasses="0" visitedMethods="1" numMethods="1" />
              <MetadataToken>100663318</MetadataToken>
              <Name>System.Void CoinControllerTests::Setup()</Name>
              <FileRef uid="3" />
              <SequencePoints>
                <SequencePoint vc="7" uspid="2537" ordinal="0" offset="0" sl="17" sc="5" el="17" ec="5" bec="0" bev="0" fileid="3" />
                <SequencePoint vc="7" uspid="2538" ordinal="0" offset="1" sl="19" sc="9" el="19" ec="9" bec="0" bev="0" fileid="3" />
                <SequencePoint vc="7" uspid="2539" ordinal="0" offset="12" sl="20" sc="9" el="20" ec="9" bec="0" bev="0" fileid="3" />
                <SequencePoint vc="7" uspid="2540" ordinal="0" offset="29" sl="21" sc="9" el="21" ec="9" bec="0" bev="0" fileid="3" />
                <SequencePoint vc="7" uspid="2541" ordinal="0" offset="51" sl="22" sc="5" el="22" ec="5" bec="0" bev="0" fileid="3" />
              </SequencePoints>
              <BranchPoints />
            </Method>
            <Method visited="true" cyclomaticComplexity="0" nPathComplexity="0" sequenceCoverage="100.0" branchCoverage="0" crapScore="0" isConstructor="false" isStatic="false" isGetter="false" isSetter="false">
              <Summary numSequencePoints="5" visitedSequencePoints="5" numBranchPoints="0" visitedBranchPoints="0" sequenceCoverage="100.0" branchCoverage="0" maxCyclomaticComplexity="0" minCyclomaticComplexity="0" maxCrapScore="0" minCrapScore="0" visitedClasses="0" numClasses="0" visitedMethods="1" numMethods="1" />
              <MetadataToken>100663319</MetadataToken>
              <Name>System.Void CoinControllerTests::Awake_SetsTotalCoinsFilePath()</Name>
              <FileRef uid="3" />
              <SequencePoints>
                <SequencePoint vc="1" uspid="2542" ordinal="0" offset="0" sl="29" sc="5" el="29" ec="5" bec="0" bev="0" fileid="3" />
                <SequencePoint vc="1" uspid="2543" ordinal="0" offset="1" sl="31" sc="9" el="31" ec="9" bec="0" bev="0" fileid="3" />
                <SequencePoint vc="1" uspid="2544" ordinal="0" offset="13" sl="34" sc="9" el="34" ec="9" bec="0" bev="0" fileid="3" />
                <SequencePoint vc="1" uspid="2545" ordinal="0" offset="29" sl="35" sc="9" el="35" ec="9" bec="0" bev="0" fileid="3" />
                <SequencePoint vc="1" uspid="2546" ordinal="0" offset="57" sl="36" sc="5" el="36" ec="5" bec="0" bev="0" fileid="3" />
              </SequencePoints>
              <BranchPoints />
            </Method>
            <Method visited="true" cyclomaticComplexity="0" nPathComplexity="0" sequenceCoverage="100.0" branchCoverage="0" crapScore="0" isConstructor="false" isStatic="false" isGetter="false" isSetter="false">
              <Summary numSequencePoints="6" visitedSequencePoints="6" numBranchPoints="0" visitedBranchPoints="0" sequenceCoverage="100.0" branchCoverage="0" maxCyclomaticComplexity="0" minCyclomaticComplexity="0" maxCrapScore="0" minCrapScore="0" visitedClasses="0" numClasses="0" visitedMethods="1" numMethods="1" />
              <MetadataToken>100663320</MetadataToken>
              <Name>System.Void CoinControllerTests::Start_LoadsCoinsAndSetsTextComponent()</Name>
              <FileRef uid="3" />
              <SequencePoints>
                <SequencePoint vc="1" uspid="2547" ordinal="0" offset="0" sl="43" sc="5" el="43" ec="5" bec="0" bev="0" fileid="3" />
                <SequencePoint vc="1" uspid="2548" ordinal="0" offset="1" sl="45" sc="9" el="45" ec="9" bec="0" bev="0" fileid="3" />
                <SequencePoint vc="1" uspid="2549" ordinal="0" offset="13" sl="46" sc="9" el="46" ec="9" bec="0" bev="0" fileid="3" />
                <SequencePoint vc="1" uspid="2550" ordinal="0" offset="25" sl="49" sc="9" el="49" ec="9" bec="0" bev="0" fileid="3" />
                <SequencePoint vc="1" uspid="2551" ordinal="0" offset="37" sl="52" sc="9" el="52" ec="9" bec="0" bev="0" fileid="3" />
                <SequencePoint vc="1" uspid="2552" ordinal="0" offset="64" sl="54" sc="5" el="54" ec="5" bec="0" bev="0" fileid="3" />
              </SequencePoints>
              <BranchPoints />
            </Method>
            <Method visited="true" cyclomaticComplexity="0" nPathComplexity="0" sequenceCoverage="100.0" branchCoverage="0" crapScore="0" isConstructor="false" isStatic="false" isGetter="false" isSetter="false">
              <Summary numSequencePoints="9" visitedSequencePoints="9" numBranchPoints="0" visitedBranchPoints="0" sequenceCoverage="100.0" branchCoverage="0" maxCyclomaticComplexity="0" minCyclomaticComplexity="0" maxCrapScore="0" minCrapScore="0" visitedClasses="0" numClasses="0" visitedMethods="1" numMethods="1" />
              <MetadataToken>100663321</MetadataToken>
              <Name>System.Void CoinControllerTests::Update_UpdatesTextDisplay()</Name>
              <FileRef uid="3" />
              <SequencePoints>
                <SequencePoint vc="1" uspid="2553" ordinal="0" offset="0" sl="61" sc="5" el="61" ec="5" bec="0" bev="0" fileid="3" />
                <SequencePoint vc="1" uspid="2554" ordinal="0" offset="1" sl="63" sc="9" el="63" ec="9" bec="0" bev="0" fileid="3" />
                <SequencePoint vc="1" uspid="2555" ordinal="0" offset="13" sl="64" sc="9" el="64" ec="9" bec="0" bev="0" fileid="3" />
                <SequencePoint vc="1" uspid="2556" ordinal="0" offset="25" sl="65" sc="9" el="65" ec="9" bec="0" bev="0" fileid="3" />
                <SequencePoint vc="1" uspid="2557" ordinal="0" offset="37" sl="66" sc="9" el="66" ec="9" bec="0" bev="0" fileid="3" />
                <SequencePoint vc="1" uspid="2558" ordinal="0" offset="49" sl="69" sc="9" el="69" ec="9" bec="0" bev="0" fileid="3" />
                <SequencePoint vc="1" uspid="2559" ordinal="0" offset="61" sl="72" sc="9" el="72" ec="9" bec="0" bev="0" fileid="3" />
                <SequencePoint vc="1" uspid="2560" ordinal="0" offset="67" sl="73" sc="9" el="73" ec="9" bec="0" bev="0" fileid="3" />
                <SequencePoint vc="1" uspid="2561" ordinal="0" offset="100" sl="74" sc="5" el="74" ec="5" bec="0" bev="0" fileid="3" />
              </SequencePoints>
              <BranchPoints />
            </Method>
            <Method visited="true" cyclomaticComplexity="0" nPathComplexity="0" sequenceCoverage="100.0" branchCoverage="0" crapScore="0" isConstructor="false" isStatic="false" isGetter="false" isSetter="false">
              <Summary numSequencePoints="5" visitedSequencePoints="5" numBranchPoints="0" visitedBranchPoints="0" sequenceCoverage="100.0" branchCoverage="0" maxCyclomaticComplexity="0" minCyclomaticComplexity="0" maxCrapScore="0" minCrapScore="0" visitedClasses="0" numClasses="0" visitedMethods="1" numMethods="1" />
              <MetadataToken>100663322</MetadataToken>
              <Name>System.Void CoinControllerTests::TextCoin_ReturnsRoundedString()</Name>
              <FileRef uid="3" />
              <SequencePoints>
                <SequencePoint vc="1" uspid="2562" ordinal="0" offset="0" sl="81" sc="5" el="81" ec="5" bec="0" bev="0" fileid="3" />
                <SequencePoint vc="1" uspid="2563" ordinal="0" offset="1" sl="83" sc="9" el="83" ec="9" bec="0" bev="0" fileid="3" />
                <SequencePoint vc="1" uspid="2564" ordinal="0" offset="7" sl="86" sc="9" el="86" ec="9" bec="0" bev="0" fileid="3" />
                <SequencePoint vc="1" uspid="2565" ordinal="0" offset="20" sl="89" sc="9" el="89" ec="9" bec="0" bev="0" fileid="3" />
                <SequencePoint vc="1" uspid="2566" ordinal="0" offset="42" sl="90" sc="5" el="90" ec="5" bec="0" bev="0" fileid="3" />
              </SequencePoints>
              <BranchPoints />
            </Method>
            <Method visited="true" cyclomaticComplexity="0" nPathComplexity="0" sequenceCoverage="100.0" branchCoverage="0" crapScore="0" isConstructor="false" isStatic="false" isGetter="false" isSetter="false">
              <Summary numSequencePoints="6" visitedSequencePoints="6" numBranchPoints="0" visitedBranchPoints="0" sequenceCoverage="100.0" branchCoverage="0" maxCyclomaticComplexity="0" minCyclomaticComplexity="0" maxCrapScore="0" minCrapScore="0" visitedClasses="0" numClasses="0" visitedMethods="1" numMethods="1" />
              <MetadataToken>100663323</MetadataToken>
              <Name>System.Void CoinControllerTests::SaveCoins_CreatesOrUpdatesFile()</Name>
              <FileRef uid="3" />
              <SequencePoints>
                <SequencePoint vc="1" uspid="2567" ordinal="0" offset="0" sl="97" sc="5" el="97" ec="5" bec="0" bev="0" fileid="3" />
                <SequencePoint vc="1" uspid="2568" ordinal="0" offset="1" sl="99" sc="9" el="99" ec="9" bec="0" bev="0" fileid="3" />
                <SequencePoint vc="1" uspid="2569" ordinal="0" offset="14" sl="100" sc="9" el="100" ec="9" bec="0" bev="0" fileid="3" />
                <SequencePoint vc="1" uspid="2570" ordinal="0" offset="30" sl="103" sc="9" el="103" ec="9" bec="0" bev="0" fileid="3" />
                <SequencePoint vc="1" uspid="2571" ordinal="0" offset="42" sl="106" sc="9" el="106" ec="9" bec="0" bev="0" fileid="3" />
                <SequencePoint vc="1" uspid="2572" ordinal="0" offset="64" sl="107" sc="5" el="107" ec="5" bec="0" bev="0" fileid="3" />
              </SequencePoints>
              <BranchPoints />
            </Method>
            <Method visited="true" cyclomaticComplexity="0" nPathComplexity="0" sequenceCoverage="100.0" branchCoverage="0" crapScore="0" isConstructor="false" isStatic="false" isGetter="false" isSetter="false">
              <Summary numSequencePoints="6" visitedSequencePoints="6" numBranchPoints="0" visitedBranchPoints="0" sequenceCoverage="100.0" branchCoverage="0" maxCyclomaticComplexity="0" minCyclomaticComplexity="0" maxCrapScore="0" minCrapScore="0" visitedClasses="0" numClasses="0" visitedMethods="1" numMethods="1" />
              <MetadataToken>100663324</MetadataToken>
              <Name>System.Void CoinControllerTests::LoadCoins_LoadsFromExistingFile()</Name>
              <FileRef uid="3" />
              <SequencePoints>
                <SequencePoint vc="1" uspid="2573" ordinal="0" offset="0" sl="114" sc="5" el="114" ec="5" bec="0" bev="0" fileid="3" />
                <SequencePoint vc="1" uspid="2574" ordinal="0" offset="1" sl="116" sc="9" el="116" ec="9" bec="0" bev="0" fileid="3" />
                <SequencePoint vc="1" uspid="2575" ordinal="0" offset="14" sl="119" sc="9" el="119" ec="9" bec="0" bev="0" fileid="3" />
                <SequencePoint vc="1" uspid="2576" ordinal="0" offset="26" sl="120" sc="9" el="120" ec="9" bec="0" bev="0" fileid="3" />
                <SequencePoint vc="1" uspid="2577" ordinal="0" offset="38" sl="123" sc="9" el="123" ec="9" bec="0" bev="0" fileid="3" />
                <SequencePoint vc="1" uspid="2578" ordinal="0" offset="77" sl="124" sc="5" el="124" ec="5" bec="0" bev="0" fileid="3" />
              </SequencePoints>
              <BranchPoints />
            </Method>
            <Method visited="true" cyclomaticComplexity="0" nPathComplexity="0" sequenceCoverage="100.0" branchCoverage="0" crapScore="0" isConstructor="false" isStatic="false" isGetter="false" isSetter="false">
              <Summary numSequencePoints="7" visitedSequencePoints="7" numBranchPoints="0" visitedBranchPoints="0" sequenceCoverage="100.0" branchCoverage="0" maxCyclomaticComplexity="0" minCyclomaticComplexity="0" maxCrapScore="0" minCrapScore="0" visitedClasses="0" numClasses="0" visitedMethods="1" numMethods="1" />
              <MetadataToken>100663325</MetadataToken>
              <Name>System.Void CoinControllerTests::AddCoin_IncrementsCurrentAndTotalCoins()</Name>
              <FileRef uid="3" />
              <SequencePoints>
                <SequencePoint vc="1" uspid="2579" ordinal="0" offset="0" sl="131" sc="5" el="131" ec="5" bec="0" bev="0" fileid="3" />
                <SequencePoint vc="1" uspid="2580" ordinal="0" offset="1" sl="133" sc="9" el="133" ec="9" bec="0" bev="0" fileid="3" />
                <SequencePoint vc="1" uspid="2581" ordinal="0" offset="13" sl="134" sc="9" el="134" ec="9" bec="0" bev="0" fileid="3" />
                <SequencePoint vc="1" uspid="2582" ordinal="0" offset="26" sl="137" sc="9" el="137" ec="9" bec="0" bev="0" fileid="3" />
                <SequencePoint vc="1" uspid="2583" ordinal="0" offset="38" sl="140" sc="9" el="140" ec="9" bec="0" bev="0" fileid="3" />
                <SequencePoint vc="1" uspid="2584" ordinal="0" offset="76" sl="141" sc="9" el="141" ec="9" bec="0" bev="0" fileid="3" />
                <SequencePoint vc="1" uspid="2585" ordinal="0" offset="115" sl="142" sc="5" el="142" ec="5" bec="0" bev="0" fileid="3" />
              </SequencePoints>
              <BranchPoints />
            </Method>
          </Methods>
        </Class>
        <Class>
          <Summary numSequencePoints="15" visitedSequencePoints="15" numBranchPoints="0" visitedBranchPoints="0" sequenceCoverage="100.0" branchCoverage="0.0" maxCyclomaticComplexity="0" minCyclomaticComplexity="0" maxCrapScore="0" minCrapScore="0" visitedClasses="1" numClasses="1" visitedMethods="3" numMethods="3" />
          <FullName>CoinDeleteTest</FullName>
          <Methods>
            <Method visited="true" cyclomaticComplexity="0" nPathComplexity="0" sequenceCoverage="100.0" branchCoverage="0" crapScore="0" isConstructor="false" isStatic="false" isGetter="false" isSetter="false">
              <Summary numSequencePoints="7" visitedSequencePoints="7" numBranchPoints="0" visitedBranchPoints="0" sequenceCoverage="100.0" branchCoverage="0" maxCyclomaticComplexity="0" minCyclomaticComplexity="0" maxCrapScore="0" minCrapScore="0" visitedClasses="0" numClasses="0" visitedMethods="1" numMethods="1" />
              <MetadataToken>100663327</MetadataToken>
              <Name>System.Void CoinDeleteTest::Setup()</Name>
              <FileRef uid="4" />
              <SequencePoints>
                <SequencePoint vc="2" uspid="2586" ordinal="0" offset="0" sl="17" sc="5" el="17" ec="5" bec="0" bev="0" fileid="4" />
                <SequencePoint vc="2" uspid="2587" ordinal="0" offset="1" sl="19" sc="9" el="19" ec="9" bec="0" bev="0" fileid="4" />
                <SequencePoint vc="2" uspid="2588" ordinal="0" offset="17" sl="20" sc="9" el="20" ec="9" bec="0" bev="0" fileid="4" />
                <SequencePoint vc="2" uspid="2589" ordinal="0" offset="33" sl="23" sc="9" el="23" ec="9" bec="0" bev="0" fileid="4" />
                <SequencePoint vc="2" uspid="2590" ordinal="0" offset="50" sl="24" sc="9" el="24" ec="9" bec="0" bev="0" fileid="4" />
                <SequencePoint vc="2" uspid="2591" ordinal="0" offset="62" sl="25" sc="9" el="25" ec="9" bec="0" bev="0" fileid="4" />
                <SequencePoint vc="2" uspid="2592" ordinal="0" offset="79" sl="26" sc="5" el="26" ec="5" bec="0" bev="0" fileid="4" />
              </SequencePoints>
              <BranchPoints />
            </Method>
            <Method visited="true" cyclomaticComplexity="0" nPathComplexity="0" sequenceCoverage="100.0" branchCoverage="0" crapScore="0" isConstructor="false" isStatic="false" isGetter="false" isSetter="false">
              <Summary numSequencePoints="4" visitedSequencePoints="4" numBranchPoints="0" visitedBranchPoints="0" sequenceCoverage="100.0" branchCoverage="0" maxCyclomaticComplexity="0" minCyclomaticComplexity="0" maxCrapScore="0" minCrapScore="0" visitedClasses="0" numClasses="0" visitedMethods="1" numMethods="1" />
              <MetadataToken>100663328</MetadataToken>
              <Name>System.Void CoinDeleteTest::OnTriggerEnter2D_WithPlayerTag_DestroysCoin()</Name>
              <FileRef uid="4" />
              <SequencePoints>
                <SequencePoint vc="1" uspid="2593" ordinal="0" offset="0" sl="33" sc="5" el="33" ec="5" bec="0" bev="0" fileid="4" />
                <SequencePoint vc="1" uspid="2594" ordinal="0" offset="1" sl="35" sc="9" el="35" ec="9" bec="0" bev="0" fileid="4" />
                <SequencePoint vc="1" uspid="2595" ordinal="0" offset="13" sl="38" sc="9" el="38" ec="9" bec="0" bev="0" fileid="4" />
                <SequencePoint vc="1" uspid="2596" ordinal="0" offset="26" sl="43" sc="5" el="43" ec="5" bec="0" bev="0" fileid="4" />
              </SequencePoints>
              <BranchPoints />
            </Method>
            <Method visited="true" cyclomaticComplexity="0" nPathComplexity="0" sequenceCoverage="100.0" branchCoverage="0" crapScore="0" isConstructor="false" isStatic="false" isGetter="false" isSetter="false">
              <Summary numSequencePoints="4" visitedSequencePoints="4" numBranchPoints="0" visitedBranchPoints="0" sequenceCoverage="100.0" branchCoverage="0" maxCyclomaticComplexity="0" minCyclomaticComplexity="0" maxCrapScore="0" minCrapScore="0" visitedClasses="0" numClasses="0" visitedMethods="1" numMethods="1" />
              <MetadataToken>100663329</MetadataToken>
              <Name>System.Void CoinDeleteTest::OnTriggerEnter2D_WhenPaused_DoesNotDestroyCoin()</Name>
              <FileRef uid="4" />
              <SequencePoints>
                <SequencePoint vc="1" uspid="2597" ordinal="0" offset="0" sl="50" sc="5" el="50" ec="5" bec="0" bev="0" fileid="4" />
                <SequencePoint vc="1" uspid="2598" ordinal="0" offset="1" sl="52" sc="9" el="52" ec="9" bec="0" bev="0" fileid="4" />
                <SequencePoint vc="1" uspid="2599" ordinal="0" offset="13" sl="55" sc="9" el="55" ec="9" bec="0" bev="0" fileid="4" />
                <SequencePoint vc="1" uspid="2600" ordinal="0" offset="26" sl="59" sc="5" el="59" ec="5" bec="0" bev="0" fileid="4" />
              </SequencePoints>
              <BranchPoints />
            </Method>
          </Methods>
        </Class>
        <Class>
          <Summary numSequencePoints="35" visitedSequencePoints="34" numBranchPoints="0" visitedBranchPoints="0" sequenceCoverage="97.14" branchCoverage="0.0" maxCyclomaticComplexity="0" minCyclomaticComplexity="0" maxCrapScore="0" minCrapScore="0" visitedClasses="1" numClasses="1" visitedMethods="6" numMethods="6" />
          <FullName>RockFallingTest</FullName>
          <Methods>
            <Method visited="true" cyclomaticComplexity="0" nPathComplexity="0" sequenceCoverage="100.0" branchCoverage="0" crapScore="0" isConstructor="false" isStatic="false" isGetter="false" isSetter="false">
              <Summary numSequencePoints="8" visitedSequencePoints="8" numBranchPoints="0" visitedBranchPoints="0" sequenceCoverage="100.0" branchCoverage="0" maxCyclomaticComplexity="0" minCyclomaticComplexity="0" maxCrapScore="0" minCrapScore="0" visitedClasses="0" numClasses="0" visitedMethods="1" numMethods="1" />
              <MetadataToken>100663335</MetadataToken>
              <Name>System.Void RockFallingTest::SetUp()</Name>
              <FileRef uid="5" />
              <SequencePoints>
                <SequencePoint vc="6" uspid="2601" ordinal="0" offset="0" sl="14" sc="5" el="14" ec="5" bec="0" bev="0" fileid="5" />
                <SequencePoint vc="6" uspid="2602" ordinal="0" offset="1" sl="16" sc="9" el="16" ec="9" bec="0" bev="0" fileid="5" />
                <SequencePoint vc="6" uspid="2603" ordinal="0" offset="17" sl="17" sc="9" el="17" ec="9" bec="0" bev="0" fileid="5" />
                <SequencePoint vc="6" uspid="2604" ordinal="0" offset="34" sl="20" sc="9" el="20" ec="9" bec="0" bev="0" fileid="5" />
                <SequencePoint vc="6" uspid="2605" ordinal="0" offset="50" sl="21" sc="9" el="21" ec="9" bec="0" bev="0" fileid="5" />
                <SequencePoint vc="6" uspid="2606" ordinal="0" offset="67" sl="22" sc="9" el="22" ec="9" bec="0" bev="0" fileid="5" />
                <SequencePoint vc="6" uspid="2607" ordinal="0" offset="84" sl="25" sc="9" el="25" ec="9" bec="0" bev="0" fileid="5" />
                <SequencePoint vc="6" uspid="2608" ordinal="0" offset="106" sl="26" sc="5" el="26" ec="5" bec="0" bev="0" fileid="5" />
              </SequencePoints>
              <BranchPoints />
            </Method>
            <Method visited="true" cyclomaticComplexity="0" nPathComplexity="0" sequenceCoverage="100.0" branchCoverage="0" crapScore="0" isConstructor="false" isStatic="false" isGetter="false" isSetter="false">
              <Summary numSequencePoints="4" visitedSequencePoints="4" numBranchPoints="0" visitedBranchPoints="0" sequenceCoverage="100.0" branchCoverage="0" maxCyclomaticComplexity="0" minCyclomaticComplexity="0" maxCrapScore="0" minCrapScore="0" visitedClasses="0" numClasses="0" visitedMethods="1" numMethods="1" />
              <MetadataToken>100663336</MetadataToken>
              <Name>System.Void RockFallingTest::TearDown()</Name>
              <FileRef uid="5" />
              <SequencePoints>
                <SequencePoint vc="6" uspid="2609" ordinal="0" offset="0" sl="30" sc="5" el="30" ec="5" bec="0" bev="0" fileid="5" />
                <SequencePoint vc="6" uspid="2610" ordinal="0" offset="1" sl="32" sc="9" el="32" ec="9" bec="0" bev="0" fileid="5" />
                <SequencePoint vc="6" uspid="2611" ordinal="0" offset="13" sl="33" sc="9" el="33" ec="9" bec="0" bev="0" fileid="5" />
                <SequencePoint vc="6" uspid="2612" ordinal="0" offset="25" sl="34" sc="5" el="34" ec="5" bec="0" bev="0" fileid="5" />
              </SequencePoints>
              <BranchPoints />
            </Method>
            <Method visited="true" cyclomaticComplexity="0" nPathComplexity="0" sequenceCoverage="100.0" branchCoverage="0" crapScore="0" isConstructor="false" isStatic="false" isGetter="false" isSetter="false">
              <Summary numSequencePoints="7" visitedSequencePoints="7" numBranchPoints="0" visitedBranchPoints="0" sequenceCoverage="100.0" branchCoverage="0" maxCyclomaticComplexity="0" minCyclomaticComplexity="0" maxCrapScore="0" minCrapScore="0" visitedClasses="0" numClasses="0" visitedMethods="1" numMethods="1" />
              <MetadataToken>100663337</MetadataToken>
              <Name>System.Void RockFallingTest::Start_InitializesCorrectly()</Name>
              <FileRef uid="5" />
              <SequencePoints>
                <SequencePoint vc="1" uspid="2613" ordinal="0" offset="0" sl="41" sc="5" el="41" ec="5" bec="0" bev="0" fileid="5" />
                <SequencePoint vc="1" uspid="2614" ordinal="0" offset="1" sl="42" sc="9" el="42" ec="9" bec="0" bev="0" fileid="5" />
                <SequencePoint vc="1" uspid="2615" ordinal="0" offset="13" sl="44" sc="9" el="44" ec="9" bec="0" bev="0" fileid="5" />
                <SequencePoint vc="1" uspid="2616" ordinal="0" offset="45" sl="45" sc="9" el="45" ec="9" bec="0" bev="0" fileid="5" />
                <SequencePoint vc="1" uspid="2617" ordinal="0" offset="73" sl="46" sc="9" el="46" ec="9" bec="0" bev="0" fileid="5" />
                <SequencePoint vc="1" uspid="2618" ordinal="0" offset="111" sl="47" sc="9" el="47" ec="9" bec="0" bev="0" fileid="5" />
                <SequencePoint vc="1" uspid="2619" ordinal="0" offset="149" sl="48" sc="5" el="48" ec="5" bec="0" bev="0" fileid="5" />
              </SequencePoints>
              <BranchPoints />
            </Method>
            <Method visited="true" cyclomaticComplexity="0" nPathComplexity="0" sequenceCoverage="100.0" branchCoverage="0" crapScore="0" isConstructor="false" isStatic="false" isGetter="false" isSetter="false">
              <Summary numSequencePoints="7" visitedSequencePoints="7" numBranchPoints="0" visitedBranchPoints="0" sequenceCoverage="100.0" branchCoverage="0" maxCyclomaticComplexity="0" minCyclomaticComplexity="0" maxCrapScore="0" minCrapScore="0" visitedClasses="0" numClasses="0" visitedMethods="1" numMethods="1" />
              <MetadataToken>100663340</MetadataToken>
              <Name>System.Void RockFallingTest::SpawnRock_CreatesRockAtBirdPosition()</Name>
              <FileRef uid="5" />
              <SequencePoints>
                <SequencePoint vc="1" uspid="2620" ordinal="0" offset="0" sl="102" sc="5" el="102" ec="5" bec="0" bev="0" fileid="5" />
                <SequencePoint vc="1" uspid="2621" ordinal="0" offset="1" sl="103" sc="9" el="103" ec="9" bec="0" bev="0" fileid="5" />
                <SequencePoint vc="1" uspid="2622" ordinal="0" offset="13" sl="104" sc="9" el="104" ec="9" bec="0" bev="0" fileid="5" />
                <SequencePoint vc="1" uspid="2623" ordinal="0" offset="35" sl="106" sc="9" el="106" ec="9" bec="0" bev="0" fileid="5" />
                <SequencePoint vc="1" uspid="2624" ordinal="0" offset="46" sl="107" sc="9" el="107" ec="9" bec="0" bev="0" fileid="5" />
                <SequencePoint vc="1" uspid="2625" ordinal="0" offset="63" sl="108" sc="9" el="108" ec="9" bec="0" bev="0" fileid="5" />
                <SequencePoint vc="1" uspid="2626" ordinal="0" offset="101" sl="109" sc="5" el="109" ec="5" bec="0" bev="0" fileid="5" />
              </SequencePoints>
              <BranchPoints />
            </Method>
            <Method visited="true" cyclomaticComplexity="0" nPathComplexity="0" sequenceCoverage="80.00" branchCoverage="0" crapScore="0" isConstructor="false" isStatic="false" isGetter="false" isSetter="false">
              <Summary numSequencePoints="5" visitedSequencePoints="4" numBranchPoints="0" visitedBranchPoints="0" sequenceCoverage="80.00" branchCoverage="0" maxCyclomaticComplexity="0" minCyclomaticComplexity="0" maxCrapScore="0" minCrapScore="0" visitedClasses="0" numClasses="0" visitedMethods="1" numMethods="1" />
              <MetadataToken>100663341</MetadataToken>
              <Name>System.Void RockFallingTest::DespawnDistantRocks_RemovesDistantRocks()</Name>
              <FileRef uid="5" />
              <SequencePoints>
                <SequencePoint vc="1" uspid="2627" ordinal="0" offset="0" sl="117" sc="5" el="117" ec="5" bec="0" bev="0" fileid="5" />
                <SequencePoint vc="1" uspid="2628" ordinal="0" offset="1" sl="119" sc="9" el="119" ec="9" bec="0" bev="0" fileid="5" />
                <SequencePoint vc="1" uspid="2629" ordinal="0" offset="54" sl="121" sc="9" el="121" ec="9" bec="0" bev="0" fileid="5" />
                <SequencePoint vc="1" uspid="2630" ordinal="0" offset="66" sl="123" sc="9" el="123" ec="9" bec="0" bev="0" fileid="5" />
                <SequencePoint vc="0" uspid="2631" ordinal="0" offset="89" sl="124" sc="5" el="124" ec="5" bec="0" bev="0" fileid="5" />
              </SequencePoints>
              <BranchPoints />
            </Method>
            <Method visited="true" cyclomaticComplexity="0" nPathComplexity="0" sequenceCoverage="100.0" branchCoverage="0" crapScore="0" isConstructor="false" isStatic="false" isGetter="false" isSetter="false">
              <Summary numSequencePoints="4" visitedSequencePoints="4" numBranchPoints="0" visitedBranchPoints="0" sequenceCoverage="100.0" branchCoverage="0" maxCyclomaticComplexity="0" minCyclomaticComplexity="0" maxCrapScore="0" minCrapScore="0" visitedClasses="0" numClasses="0" visitedMethods="1" numMethods="1" />
              <MetadataToken>100663342</MetadataToken>
              <Name>System.Void RockFallingTest::SetRandomSpawnInterval_SetsIntervalWithinRange()</Name>
              <FileRef uid="5" />
              <SequencePoints>
                <SequencePoint vc="1" uspid="2632" ordinal="0" offset="0" sl="131" sc="5" el="131" ec="5" bec="0" bev="0" fileid="5" />
                <SequencePoint vc="1" uspid="2633" ordinal="0" offset="1" sl="132" sc="9" el="132" ec="9" bec="0" bev="0" fileid="5" />
                <SequencePoint vc="1" uspid="2634" ordinal="0" offset="13" sl="134" sc="9" el="134" ec="9" bec="0" bev="0" fileid="5" />
                <SequencePoint vc="1" uspid="2635" ordinal="0" offset="73" sl="136" sc="5" el="136" ec="5" bec="0" bev="0" fileid="5" />
              </SequencePoints>
              <BranchPoints />
            </Method>
          </Methods>
        </Class>
        <Class>
          <Summary numSequencePoints="19" visitedSequencePoints="19" numBranchPoints="0" visitedBranchPoints="0" sequenceCoverage="100.0" branchCoverage="0.0" maxCyclomaticComplexity="0" minCyclomaticComplexity="0" maxCrapScore="0" minCrapScore="0" visitedClasses="1" numClasses="1" visitedMethods="3" numMethods="3" />
          <FullName>RockKillTest</FullName>
          <Methods>
            <Method visited="true" cyclomaticComplexity="0" nPathComplexity="0" sequenceCoverage="100.0" branchCoverage="0" crapScore="0" isConstructor="false" isStatic="false" isGetter="false" isSetter="false">
              <Summary numSequencePoints="7" visitedSequencePoints="7" numBranchPoints="0" visitedBranchPoints="0" sequenceCoverage="100.0" branchCoverage="0" maxCyclomaticComplexity="0" minCyclomaticComplexity="0" maxCrapScore="0" minCrapScore="0" visitedClasses="0" numClasses="0" visitedMethods="1" numMethods="1" />
              <MetadataToken>100663344</MetadataToken>
              <Name>System.Void RockKillTest::SetUp()</Name>
              <FileRef uid="6" />
              <SequencePoints>
                <SequencePoint vc="5" uspid="2636" ordinal="0" offset="0" sl="15" sc="5" el="15" ec="5" bec="0" bev="0" fileid="6" />
                <SequencePoint vc="5" uspid="2637" ordinal="0" offset="1" sl="16" sc="9" el="16" ec="9" bec="0" bev="0" fileid="6" />
                <SequencePoint vc="5" uspid="2638" ordinal="0" offset="12" sl="17" sc="9" el="17" ec="9" bec="0" bev="0" fileid="6" />
                <SequencePoint vc="5" uspid="2639" ordinal="0" offset="29" sl="19" sc="9" el="19" ec="9" bec="0" bev="0" fileid="6" />
                <SequencePoint vc="5" uspid="2640" ordinal="0" offset="40" sl="20" sc="9" el="20" ec="9" bec="0" bev="0" fileid="6" />
                <SequencePoint vc="5" uspid="2641" ordinal="0" offset="57" sl="21" sc="9" el="21" ec="9" bec="0" bev="0" fileid="6" />
                <SequencePoint vc="5" uspid="2642" ordinal="0" offset="74" sl="22" sc="5" el="22" ec="5" bec="0" bev="0" fileid="6" />
              </SequencePoints>
              <BranchPoints />
            </Method>
            <Method visited="true" cyclomaticComplexity="0" nPathComplexity="0" sequenceCoverage="100.0" branchCoverage="0" crapScore="0" isConstructor="false" isStatic="false" isGetter="false" isSetter="false">
              <Summary numSequencePoints="4" visitedSequencePoints="4" numBranchPoints="0" visitedBranchPoints="0" sequenceCoverage="100.0" branchCoverage="0" maxCyclomaticComplexity="0" minCyclomaticComplexity="0" maxCrapScore="0" minCrapScore="0" visitedClasses="0" numClasses="0" visitedMethods="1" numMethods="1" />
              <MetadataToken>100663345</MetadataToken>
              <Name>System.Void RockKillTest::TearDown()</Name>
              <FileRef uid="6" />
              <SequencePoints>
                <SequencePoint vc="5" uspid="2643" ordinal="0" offset="0" sl="26" sc="5" el="26" ec="5" bec="0" bev="0" fileid="6" />
                <SequencePoint vc="5" uspid="2644" ordinal="0" offset="1" sl="27" sc="9" el="27" ec="9" bec="0" bev="0" fileid="6" />
                <SequencePoint vc="5" uspid="2645" ordinal="0" offset="13" sl="28" sc="9" el="28" ec="9" bec="0" bev="0" fileid="6" />
                <SequencePoint vc="5" uspid="2646" ordinal="0" offset="25" sl="29" sc="5" el="29" ec="5" bec="0" bev="0" fileid="6" />
              </SequencePoints>
              <BranchPoints />
            </Method>
            <Method visited="true" cyclomaticComplexity="0" nPathComplexity="0" sequenceCoverage="100.0" branchCoverage="0" crapScore="0" isConstructor="false" isStatic="false" isGetter="false" isSetter="false">
              <Summary numSequencePoints="8" visitedSequencePoints="8" numBranchPoints="0" visitedBranchPoints="0" sequenceCoverage="100.0" branchCoverage="0" maxCyclomaticComplexity="0" minCyclomaticComplexity="0" maxCrapScore="0" minCrapScore="0" visitedClasses="0" numClasses="0" visitedMethods="1" numMethods="1" />
              <MetadataToken>100663347</MetadataToken>
              <Name>System.Void RockKillTest::Update_LogsShieldStateChange()</Name>
              <FileRef uid="6" />
              <SequencePoints>
                <SequencePoint vc="1" uspid="2647" ordinal="0" offset="0" sl="48" sc="5" el="48" ec="5" bec="0" bev="0" fileid="6" />
                <SequencePoint vc="1" uspid="2648" ordinal="0" offset="1" sl="49" sc="9" el="49" ec="9" bec="0" bev="0" fileid="6" />
                <SequencePoint vc="1" uspid="2649" ordinal="0" offset="18" sl="50" sc="9" el="50" ec="9" bec="0" bev="0" fileid="6" />
                <SequencePoint vc="1" uspid="2650" ordinal="0" offset="30" sl="52" sc="9" el="52" ec="9" bec="0" bev="0" fileid="6" />
                <SequencePoint vc="1" uspid="2651" ordinal="0" offset="42" sl="53" sc="9" el="53" ec="9" bec="0" bev="0" fileid="6" />
                <SequencePoint vc="1" uspid="2652" ordinal="0" offset="54" sl="55" sc="9" el="55" ec="9" bec="0" bev="0" fileid="6" />
                <SequencePoint vc="1" uspid="2653" ordinal="0" offset="66" sl="56" sc="9" el="56" ec="9" bec="0" bev="0" fileid="6" />
                <SequencePoint vc="1" uspid="2654" ordinal="0" offset="78" sl="57" sc="5" el="57" ec="5" bec="0" bev="0" fileid="6" />
              </SequencePoints>
              <BranchPoints />
            </Method>
          </Methods>
        </Class>
        <Class>
          <Summary numSequencePoints="21" visitedSequencePoints="21" numBranchPoints="0" visitedBranchPoints="0" sequenceCoverage="100.0" branchCoverage="0.0" maxCyclomaticComplexity="0" minCyclomaticComplexity="0" maxCrapScore="0" minCrapScore="0" visitedClasses="1" numClasses="1" visitedMethods="3" numMethods="3" />
          <FullName>TotalCoinControllerTest</FullName>
          <Methods>
            <Method visited="true" cyclomaticComplexity="0" nPathComplexity="0" sequenceCoverage="100.0" branchCoverage="0" crapScore="0" isConstructor="false" isStatic="false" isGetter="false" isSetter="false">
              <Summary numSequencePoints="8" visitedSequencePoints="8" numBranchPoints="0" visitedBranchPoints="0" sequenceCoverage="100.0" branchCoverage="0" maxCyclomaticComplexity="0" minCyclomaticComplexity="0" maxCrapScore="0" minCrapScore="0" visitedClasses="0" numClasses="0" visitedMethods="1" numMethods="1" />
              <MetadataToken>100663352</MetadataToken>
              <Name>System.Void TotalCoinControllerTest::Setup()</Name>
              <FileRef uid="7" />
              <SequencePoints>
                <SequencePoint vc="2" uspid="2655" ordinal="0" offset="0" sl="19" sc="5" el="19" ec="5" bec="0" bev="0" fileid="7" />
                <SequencePoint vc="2" uspid="2656" ordinal="0" offset="1" sl="20" sc="9" el="20" ec="9" bec="0" bev="0" fileid="7" />
                <SequencePoint vc="2" uspid="2657" ordinal="0" offset="12" sl="21" sc="9" el="21" ec="9" bec="0" bev="0" fileid="7" />
                <SequencePoint vc="2" uspid="2658" ordinal="0" offset="29" sl="22" sc="9" el="22" ec="9" bec="0" bev="0" fileid="7" />
                <SequencePoint vc="2" uspid="2659" ordinal="0" offset="51" sl="23" sc="9" el="23" ec="9" bec="0" bev="0" fileid="7" />
                <SequencePoint vc="2" uspid="2660" ordinal="0" offset="72" sl="24" sc="9" el="24" ec="9" bec="0" bev="0" fileid="7" />
                <SequencePoint vc="2" uspid="2661" ordinal="0" offset="89" sl="27" sc="9" el="27" ec="9" bec="0" bev="0" fileid="7" />
                <SequencePoint vc="2" uspid="2662" ordinal="0" offset="101" sl="28" sc="5" el="28" ec="5" bec="0" bev="0" fileid="7" />
              </SequencePoints>
              <BranchPoints />
            </Method>
            <Method visited="true" cyclomaticComplexity="0" nPathComplexity="0" sequenceCoverage="100.0" branchCoverage="0" crapScore="0" isConstructor="false" isStatic="false" isGetter="false" isSetter="false">
              <Summary numSequencePoints="7" visitedSequencePoints="7" numBranchPoints="0" visitedBranchPoints="0" sequenceCoverage="100.0" branchCoverage="0" maxCyclomaticComplexity="0" minCyclomaticComplexity="0" maxCrapScore="0" minCrapScore="0" visitedClasses="0" numClasses="0" visitedMethods="1" numMethods="1" />
              <MetadataToken>100663353</MetadataToken>
              <Name>System.Void TotalCoinControllerTest::Teardown()</Name>
              <FileRef uid="7" />
              <SequencePoints>
                <SequencePoint vc="2" uspid="2663" ordinal="0" offset="0" sl="35" sc="5" el="35" ec="5" bec="0" bev="0" fileid="7" />
                <SequencePoint vc="2" uspid="2664" ordinal="0" offset="1" sl="36" sc="9" el="36" ec="9" bec="0" bev="0" fileid="7" />
                <SequencePoint vc="2" uspid="2665" ordinal="0" offset="13" sl="37" sc="9" el="37" ec="9" bec="0" bev="0" fileid="7" />
                <SequencePoint vc="2" uspid="2666" ordinal="0" offset="28" sl="38" sc="9" el="38" ec="9" bec="0" bev="0" fileid="7" />
                <SequencePoint vc="2" uspid="2667" ordinal="0" offset="29" sl="39" sc="13" el="39" ec="13" bec="0" bev="0" fileid="7" />
                <SequencePoint vc="2" uspid="2668" ordinal="0" offset="41" sl="40" sc="9" el="40" ec="9" bec="0" bev="0" fileid="7" />
                <SequencePoint vc="2" uspid="2669" ordinal="0" offset="42" sl="41" sc="5" el="41" ec="5" bec="0" bev="0" fileid="7" />
              </SequencePoints>
              <BranchPoints />
            </Method>
            <Method visited="true" cyclomaticComplexity="0" nPathComplexity="0" sequenceCoverage="100.0" branchCoverage="0" crapScore="0" isConstructor="false" isStatic="false" isGetter="false" isSetter="false">
              <Summary numSequencePoints="6" visitedSequencePoints="6" numBranchPoints="0" visitedBranchPoints="0" sequenceCoverage="100.0" branchCoverage="0" maxCyclomaticComplexity="0" minCyclomaticComplexity="0" maxCrapScore="0" minCrapScore="0" visitedClasses="0" numClasses="0" visitedMethods="1" numMethods="1" />
              <MetadataToken>100663355</MetadataToken>
              <Name>System.Void TotalCoinControllerTest::UpdateCoins_UpdatesTotalCoinsAndText()</Name>
              <FileRef uid="7" />
              <SequencePoints>
                <SequencePoint vc="1" uspid="2670" ordinal="0" offset="0" sl="62" sc="5" el="62" ec="5" bec="0" bev="0" fileid="7" />
                <SequencePoint vc="1" uspid="2671" ordinal="0" offset="1" sl="64" sc="9" el="64" ec="9" bec="0" bev="0" fileid="7" />
                <SequencePoint vc="1" uspid="2672" ordinal="0" offset="18" sl="67" sc="9" el="67" ec="9" bec="0" bev="0" fileid="7" />
                <SequencePoint vc="1" uspid="2673" ordinal="0" offset="30" sl="70" sc="9" el="70" ec="9" bec="0" bev="0" fileid="7" />
                <SequencePoint vc="1" uspid="2674" ordinal="0" offset="69" sl="71" sc="9" el="71" ec="9" bec="0" bev="0" fileid="7" />
                <SequencePoint vc="1" uspid="2675" ordinal="0" offset="106" sl="72" sc="5" el="72" ec="5" bec="0" bev="0" fileid="7" />
              </SequencePoints>
              <BranchPoints />
            </Method>
          </Methods>
        </Class>
        <Class>
          <Summary numSequencePoints="12" visitedSequencePoints="12" numBranchPoints="0" visitedBranchPoints="0" sequenceCoverage="100.0" branchCoverage="0.0" maxCyclomaticComplexity="0" minCyclomaticComplexity="0" maxCrapScore="0" minCrapScore="0" visitedClasses="1" numClasses="1" visitedMethods="3" numMethods="3" />
          <FullName>WaterRiseTest</FullName>
          <Methods>
            <Method visited="true" cyclomaticComplexity="0" nPathComplexity="0" sequenceCoverage="100.0" branchCoverage="0" crapScore="0" isConstructor="false" isStatic="false" isGetter="false" isSetter="false">
              <Summary numSequencePoints="6" visitedSequencePoints="6" numBranchPoints="0" visitedBranchPoints="0" sequenceCoverage="100.0" branchCoverage="0" maxCyclomaticComplexity="0" minCyclomaticComplexity="0" maxCrapScore="0" minCrapScore="0" visitedClasses="0" numClasses="0" visitedMethods="1" numMethods="1" />
              <MetadataToken>100663357</MetadataToken>
              <Name>System.Void WaterRiseTest::SetUp()</Name>
              <FileRef uid="8" />
              <SequencePoints>
                <SequencePoint vc="2" uspid="2676" ordinal="0" offset="0" sl="14" sc="5" el="14" ec="5" bec="0" bev="0" fileid="8" />
                <SequencePoint vc="2" uspid="2677" ordinal="0" offset="1" sl="16" sc="9" el="16" ec="9" bec="0" bev="0" fileid="8" />
                <SequencePoint vc="2" uspid="2678" ordinal="0" offset="17" sl="17" sc="9" el="17" ec="9" bec="0" bev="0" fileid="8" />
                <SequencePoint vc="2" uspid="2679" ordinal="0" offset="34" sl="18" sc="9" el="18" ec="9" bec="0" bev="0" fileid="8" />
                <SequencePoint vc="2" uspid="2680" ordinal="0" offset="71" sl="19" sc="9" el="19" ec="9" bec="0" bev="0" fileid="8" />
                <SequencePoint vc="2" uspid="2681" ordinal="0" offset="83" sl="20" sc="5" el="20" ec="5" bec="0" bev="0" fileid="8" />
              </SequencePoints>
              <BranchPoints />
            </Method>
            <Method visited="true" cyclomaticComplexity="0" nPathComplexity="0" sequenceCoverage="100.0" branchCoverage="0" crapScore="0" isConstructor="false" isStatic="false" isGetter="false" isSetter="false">
              <Summary numSequencePoints="3" visitedSequencePoints="3" numBranchPoints="0" visitedBranchPoints="0" sequenceCoverage="100.0" branchCoverage="0" maxCyclomaticComplexity="0" minCyclomaticComplexity="0" maxCrapScore="0" minCrapScore="0" visitedClasses="0" numClasses="0" visitedMethods="1" numMethods="1" />
              <MetadataToken>100663358</MetadataToken>
              <Name>System.Void WaterRiseTest::TearDown()</Name>
              <FileRef uid="8" />
              <SequencePoints>
                <SequencePoint vc="2" uspid="2682" ordinal="0" offset="0" sl="24" sc="5" el="24" ec="5" bec="0" bev="0" fileid="8" />
                <SequencePoint vc="2" uspid="2683" ordinal="0" offset="1" sl="26" sc="9" el="26" ec="9" bec="0" bev="0" fileid="8" />
                <SequencePoint vc="2" uspid="2684" ordinal="0" offset="13" sl="27" sc="5" el="27" ec="5" bec="0" bev="0" fileid="8" />
              </SequencePoints>
              <BranchPoints />
            </Method>
            <Method visited="true" cyclomaticComplexity="0" nPathComplexity="0" sequenceCoverage="100.0" branchCoverage="0" crapScore="0" isConstructor="false" isStatic="false" isGetter="false" isSetter="false">
              <Summary numSequencePoints="3" visitedSequencePoints="3" numBranchPoints="0" visitedBranchPoints="0" sequenceCoverage="100.0" branchCoverage="0" maxCyclomaticComplexity="0" minCyclomaticComplexity="0" maxCrapScore="0" minCrapScore="0" visitedClasses="0" numClasses="0" visitedMethods="1" numMethods="1" />
              <MetadataToken>100663359</MetadataToken>
              <Name>System.Void WaterRiseTest::WaterRise_Start_InitializesOriginalYCorrectly()</Name>
              <FileRef uid="8" />
              <SequencePoints>
                <SequencePoint vc="1" uspid="2685" ordinal="0" offset="0" sl="34" sc="5" el="34" ec="5" bec="0" bev="0" fileid="8" />
                <SequencePoint vc="1" uspid="2686" ordinal="0" offset="1" sl="35" sc="9" el="35" ec="9" bec="0" bev="0" fileid="8" />
                <SequencePoint vc="1" uspid="2687" ordinal="0" offset="39" sl="36" sc="5" el="36" ec="5" bec="0" bev="0" fileid="8" />
              </SequencePoints>
              <BranchPoints />
            </Method>
          </Methods>
        </Class>
        <Class>
          <Summary numSequencePoints="13" visitedSequencePoints="13" numBranchPoints="0" visitedBranchPoints="0" sequenceCoverage="100.0" branchCoverage="0.0" maxCyclomaticComplexity="0" minCyclomaticComplexity="0" maxCrapScore="0" minCrapScore="0" visitedClasses="1" numClasses="1" visitedMethods="1" numMethods="1" />
          <FullName>AirMeterTest/&lt;AirConsumesCorrectlyUnderwater&gt;d__6</FullName>
          <Methods>
            <Method visited="true" cyclomaticComplexity="0" nPathComplexity="0" sequenceCoverage="100.0" branchCoverage="0" crapScore="0" isConstructor="false" isStatic="false" isGetter="false" isSetter="false">
              <Summary numSequencePoints="13" visitedSequencePoints="13" numBranchPoints="0" visitedBranchPoints="0" sequenceCoverage="100.0" branchCoverage="0" maxCyclomaticComplexity="0" minCyclomaticComplexity="0" maxCrapScore="0" minCrapScore="0" visitedClasses="0" numClasses="0" visitedMethods="1" numMethods="1" />
              <MetadataToken>100663366</MetadataToken>
              <Name>System.Boolean AirMeterTest/&lt;AirConsumesCorrectlyUnderwater&gt;d__6::MoveNext()</Name>
              <FileRef uid="1" />
              <SequencePoints>
                <SequencePoint vc="1" uspid="2688" ordinal="0" offset="34" sl="64" sc="5" el="64" ec="5" bec="0" bev="0" fileid="1" />
                <SequencePoint vc="1" uspid="2689" ordinal="0" offset="35" sl="65" sc="9" el="65" ec="9" bec="0" bev="0" fileid="1" />
                <SequencePoint vc="1" uspid="2690" ordinal="0" offset="67" sl="66" sc="9" el="66" ec="9" bec="0" bev="0" fileid="1" />
                <SequencePoint vc="1" uspid="2691" ordinal="0" offset="89" sl="67" sc="9" el="67" ec="9" bec="0" bev="0" fileid="1" />
                <SequencePoint vc="1" uspid="2692" ordinal="0" offset="111" sl="70" sc="14" el="70" ec="14" bec="0" bev="0" fileid="1" />
                <SequencePoint vc="157" uspid="2693" ordinal="0" offset="124" sl="71" sc="9" el="71" ec="9" bec="0" bev="0" fileid="1" />
                <SequencePoint vc="157" uspid="2694" ordinal="0" offset="125" sl="72" sc="13" el="72" ec="13" bec="0" bev="0" fileid="1" />
                <SequencePoint vc="157" uspid="2695" ordinal="0" offset="142" sl="73" sc="13" el="73" ec="13" bec="0" bev="0" fileid="1" />
                <SequencePoint vc="157" uspid="2696" ordinal="0" offset="165" sl="74" sc="9" el="74" ec="9" bec="0" bev="0" fileid="1" />
                <SequencePoint vc="157" uspid="2697" ordinal="0" offset="166" sl="70" sc="41" el="70" ec="41" bec="0" bev="0" fileid="1" />
                <SequencePoint vc="158" uspid="2698" ordinal="0" offset="184" sl="70" sc="30" el="70" ec="30" bec="0" bev="0" fileid="1" />
                <SequencePoint vc="1" uspid="2699" ordinal="0" offset="201" sl="76" sc="9" el="76" ec="9" bec="0" bev="0" fileid="1" />
                <SequencePoint vc="1" uspid="2700" ordinal="0" offset="239" sl="77" sc="5" el="77" ec="5" bec="0" bev="0" fileid="1" />
              </SequencePoints>
              <BranchPoints />
            </Method>
          </Methods>
        </Class>
        <Class>
          <Summary numSequencePoints="14" visitedSequencePoints="14" numBranchPoints="0" visitedBranchPoints="0" sequenceCoverage="100.0" branchCoverage="0.0" maxCyclomaticComplexity="0" minCyclomaticComplexity="0" maxCrapScore="0" minCrapScore="0" visitedClasses="1" numClasses="1" visitedMethods="1" numMethods="1" />
          <FullName>AirMeterTest/&lt;AirReplenishesCorrectlyNotUnderwater&gt;d__7</FullName>
          <Methods>
            <Method visited="true" cyclomaticComplexity="0" nPathComplexity="0" sequenceCoverage="100.0" branchCoverage="0" crapScore="0" isConstructor="false" isStatic="false" isGetter="false" isSetter="false">
              <Summary numSequencePoints="14" visitedSequencePoints="14" numBranchPoints="0" visitedBranchPoints="0" sequenceCoverage="100.0" branchCoverage="0" maxCyclomaticComplexity="0" minCyclomaticComplexity="0" maxCrapScore="0" minCrapScore="0" visitedClasses="0" numClasses="0" visitedMethods="1" numMethods="1" />
              <MetadataToken>100663372</MetadataToken>
              <Name>System.Boolean AirMeterTest/&lt;AirReplenishesCorrectlyNotUnderwater&gt;d__7::MoveNext()</Name>
              <FileRef uid="1" />
              <SequencePoints>
                <SequencePoint vc="1" uspid="2701" ordinal="0" offset="34" sl="84" sc="5" el="84" ec="5" bec="0" bev="0" fileid="1" />
                <SequencePoint vc="1" uspid="2702" ordinal="0" offset="35" sl="85" sc="9" el="85" ec="9" bec="0" bev="0" fileid="1" />
                <SequencePoint vc="1" uspid="2703" ordinal="0" offset="67" sl="86" sc="9" el="86" ec="9" bec="0" bev="0" fileid="1" />
                <SequencePoint vc="1" uspid="2704" ordinal="0" offset="89" sl="87" sc="9" el="87" ec="9" bec="0" bev="0" fileid="1" />
                <SequencePoint vc="1" uspid="2705" ordinal="0" offset="110" sl="88" sc="9" el="88" ec="9" bec="0" bev="0" fileid="1" />
                <SequencePoint vc="1" uspid="2706" ordinal="0" offset="132" sl="91" sc="14" el="91" ec="14" bec="0" bev="0" fileid="1" />
                <SequencePoint vc="234" uspid="2707" ordinal="0" offset="145" sl="92" sc="9" el="92" ec="9" bec="0" bev="0" fileid="1" />
                <SequencePoint vc="234" uspid="2708" ordinal="0" offset="146" sl="93" sc="13" el="93" ec="13" bec="0" bev="0" fileid="1" />
                <SequencePoint vc="234" uspid="2709" ordinal="0" offset="163" sl="94" sc="13" el="94" ec="13" bec="0" bev="0" fileid="1" />
                <SequencePoint vc="234" uspid="2710" ordinal="0" offset="186" sl="95" sc="9" el="95" ec="9" bec="0" bev="0" fileid="1" />
                <SequencePoint vc="234" uspid="2711" ordinal="0" offset="187" sl="91" sc="41" el="91" ec="41" bec="0" bev="0" fileid="1" />
                <SequencePoint vc="235" uspid="2712" ordinal="0" offset="205" sl="91" sc="30" el="91" ec="30" bec="0" bev="0" fileid="1" />
                <SequencePoint vc="1" uspid="2713" ordinal="0" offset="222" sl="97" sc="9" el="97" ec="9" bec="0" bev="0" fileid="1" />
                <SequencePoint vc="1" uspid="2714" ordinal="0" offset="260" sl="98" sc="5" el="98" ec="5" bec="0" bev="0" fileid="1" />
              </SequencePoints>
              <BranchPoints />
            </Method>
          </Methods>
        </Class>
        <Class>
          <Summary numSequencePoints="15" visitedSequencePoints="15" numBranchPoints="0" visitedBranchPoints="0" sequenceCoverage="100.0" branchCoverage="0.0" maxCyclomaticComplexity="0" minCyclomaticComplexity="0" maxCrapScore="0" minCrapScore="0" visitedClasses="1" numClasses="1" visitedMethods="1" numMethods="1" />
          <FullName>AirMeterTest/&lt;Update_AirFullyReplenished_HidesAirMeter&gt;d__10</FullName>
          <Methods>
            <Method visited="true" cyclomaticComplexity="0" nPathComplexity="0" sequenceCoverage="100.0" branchCoverage="0" crapScore="0" isConstructor="false" isStatic="false" isGetter="false" isSetter="false">
              <Summary numSequencePoints="15" visitedSequencePoints="15" numBranchPoints="0" visitedBranchPoints="0" sequenceCoverage="100.0" branchCoverage="0" maxCyclomaticComplexity="0" minCyclomaticComplexity="0" maxCrapScore="0" minCrapScore="0" visitedClasses="0" numClasses="0" visitedMethods="1" numMethods="1" />
              <MetadataToken>100663378</MetadataToken>
              <Name>System.Boolean AirMeterTest/&lt;Update_AirFullyReplenished_HidesAirMeter&gt;d__10::MoveNext()</Name>
              <FileRef uid="1" />
              <SequencePoints>
                <SequencePoint vc="1" uspid="2715" ordinal="0" offset="34" sl="129" sc="5" el="129" ec="5" bec="0" bev="0" fileid="1" />
                <SequencePoint vc="1" uspid="2716" ordinal="0" offset="35" sl="131" sc="9" el="131" ec="9" bec="0" bev="0" fileid="1" />
                <SequencePoint vc="1" uspid="2717" ordinal="0" offset="46" sl="132" sc="9" el="132" ec="9" bec="0" bev="0" fileid="1" />
                <SequencePoint vc="1" uspid="2718" ordinal="0" offset="63" sl="133" sc="9" el="133" ec="9" bec="0" bev="0" fileid="1" />
                <SequencePoint vc="1" uspid="2719" ordinal="0" offset="85" sl="134" sc="9" el="134" ec="9" bec="0" bev="0" fileid="1" />
                <SequencePoint vc="1" uspid="2720" ordinal="0" offset="102" sl="135" sc="9" el="135" ec="9" bec="0" bev="0" fileid="1" />
                <SequencePoint vc="1" uspid="2721" ordinal="0" offset="118" sl="136" sc="9" el="136" ec="9" bec="0" bev="0" fileid="1" />
                <SequencePoint vc="1" uspid="2722" ordinal="0" offset="135" sl="137" sc="9" el="137" ec="9" bec="0" bev="0" fileid="1" />
                <SequencePoint vc="1" uspid="2723" ordinal="0" offset="151" sl="138" sc="9" el="138" ec="9" bec="0" bev="0" fileid="1" />
                <SequencePoint vc="1" uspid="2724" ordinal="0" offset="169" sl="140" sc="9" el="140" ec="9" bec="0" bev="0" fileid="1" />
                <SequencePoint vc="1" uspid="2725" ordinal="0" offset="185" sl="141" sc="9" el="141" ec="9" bec="0" bev="0" fileid="1" />
                <SequencePoint vc="1" uspid="2726" ordinal="0" offset="201" sl="144" sc="9" el="144" ec="9" bec="0" bev="0" fileid="1" />
                <SequencePoint vc="1" uspid="2727" ordinal="0" offset="213" sl="145" sc="9" el="145" ec="9" bec="0" bev="0" fileid="1" />
                <SequencePoint vc="1" uspid="2728" ordinal="0" offset="236" sl="148" sc="9" el="148" ec="9" bec="0" bev="0" fileid="1" />
                <SequencePoint vc="1" uspid="2729" ordinal="0" offset="268" sl="149" sc="5" el="149" ec="5" bec="0" bev="0" fileid="1" />
              </SequencePoints>
              <BranchPoints />
            </Method>
          </Methods>
        </Class>
        <Class>
          <Summary numSequencePoints="11" visitedSequencePoints="8" numBranchPoints="0" visitedBranchPoints="0" sequenceCoverage="72.73" branchCoverage="0.0" maxCyclomaticComplexity="0" minCyclomaticComplexity="0" maxCrapScore="0" minCrapScore="0" visitedClasses="1" numClasses="1" visitedMethods="1" numMethods="1" />
          <FullName>AirMeterTest/&lt;Update_WithNoAir_LoadsTitleScreen&gt;d__11</FullName>
          <Methods>
            <Method visited="true" cyclomaticComplexity="0" nPathComplexity="0" sequenceCoverage="72.73" branchCoverage="0" crapScore="0" isConstructor="false" isStatic="false" isGetter="false" isSetter="false">
              <Summary numSequencePoints="11" visitedSequencePoints="8" numBranchPoints="0" visitedBranchPoints="0" sequenceCoverage="72.73" branchCoverage="0" maxCyclomaticComplexity="0" minCyclomaticComplexity="0" maxCrapScore="0" minCrapScore="0" visitedClasses="0" numClasses="0" visitedMethods="1" numMethods="1" />
              <MetadataToken>100663384</MetadataToken>
              <Name>System.Boolean AirMeterTest/&lt;Update_WithNoAir_LoadsTitleScreen&gt;d__11::MoveNext()</Name>
              <FileRef uid="1" />
              <SequencePoints>
                <SequencePoint vc="1" uspid="2730" ordinal="0" offset="34" sl="155" sc="5" el="155" ec="5" bec="0" bev="0" fileid="1" />
                <SequencePoint vc="1" uspid="2731" ordinal="0" offset="35" sl="157" sc="9" el="157" ec="9" bec="0" bev="0" fileid="1" />
                <SequencePoint vc="1" uspid="2732" ordinal="0" offset="51" sl="158" sc="9" el="158" ec="9" bec="0" bev="0" fileid="1" />
                <SequencePoint vc="1" uspid="2733" ordinal="0" offset="68" sl="159" sc="9" el="159" ec="9" bec="0" bev="0" fileid="1" />
                <SequencePoint vc="1" uspid="2734" ordinal="0" offset="90" sl="160" sc="9" el="160" ec="9" bec="0" bev="0" fileid="1" />
                <SequencePoint vc="1" uspid="2735" ordinal="0" offset="111" sl="161" sc="9" el="161" ec="9" bec="0" bev="0" fileid="1" />
                <SequencePoint vc="1" uspid="2736" ordinal="0" offset="128" sl="162" sc="9" el="162" ec="9" bec="0" bev="0" fileid="1" />
                <SequencePoint vc="1" uspid="2737" ordinal="0" offset="144" sl="165" sc="9" el="165" ec="9" bec="0" bev="0" fileid="1" />
                <SequencePoint vc="0" uspid="2738" ordinal="0" offset="156" sl="168" sc="9" el="168" ec="9" bec="0" bev="0" fileid="1" />
                <SequencePoint vc="0" uspid="2739" ordinal="0" offset="179" sl="172" sc="9" el="172" ec="9" bec="0" bev="0" fileid="1" />
                <SequencePoint vc="0" uspid="2740" ordinal="0" offset="241" sl="174" sc="5" el="174" ec="5" bec="0" bev="0" fileid="1" />
              </SequencePoints>
              <BranchPoints />
            </Method>
          </Methods>
        </Class>
        <Class>
          <Summary numSequencePoints="12" visitedSequencePoints="12" numBranchPoints="0" visitedBranchPoints="0" sequenceCoverage="100.0" branchCoverage="0.0" maxCyclomaticComplexity="0" minCyclomaticComplexity="0" maxCrapScore="0" minCrapScore="0" visitedClasses="1" numClasses="1" visitedMethods="1" numMethods="1" />
          <FullName>ChangeSpriteTest/&lt;TestOriginalColorAfterExitingWater&gt;d__1</FullName>
          <Methods>
            <Method visited="true" cyclomaticComplexity="0" nPathComplexity="0" sequenceCoverage="100.0" branchCoverage="0" crapScore="0" isConstructor="false" isStatic="false" isGetter="false" isSetter="false">
              <Summary numSequencePoints="12" visitedSequencePoints="12" numBranchPoints="0" visitedBranchPoints="0" sequenceCoverage="100.0" branchCoverage="0" maxCyclomaticComplexity="0" minCyclomaticComplexity="0" maxCrapScore="0" minCrapScore="0" visitedClasses="0" numClasses="0" visitedMethods="1" numMethods="1" />
              <MetadataToken>100663390</MetadataToken>
              <Name>System.Boolean ChangeSpriteTest/&lt;TestOriginalColorAfterExitingWater&gt;d__1::MoveNext()</Name>
              <FileRef uid="9" />
              <SequencePoints>
                <SequencePoint vc="1" uspid="2741" ordinal="0" offset="34" sl="28" sc="5" el="28" ec="5" bec="0" bev="0" fileid="9" />
                <SequencePoint vc="1" uspid="2742" ordinal="0" offset="35" sl="30" sc="9" el="30" ec="9" bec="0" bev="0" fileid="9" />
                <SequencePoint vc="1" uspid="2743" ordinal="0" offset="46" sl="31" sc="9" el="31" ec="9" bec="0" bev="0" fileid="9" />
                <SequencePoint vc="1" uspid="2744" ordinal="0" offset="63" sl="32" sc="9" el="32" ec="9" bec="0" bev="0" fileid="9" />
                <SequencePoint vc="1" uspid="2745" ordinal="0" offset="80" sl="33" sc="9" el="33" ec="9" bec="0" bev="0" fileid="9" />
                <SequencePoint vc="1" uspid="2746" ordinal="0" offset="93" sl="36" sc="9" el="36" ec="9" bec="0" bev="0" fileid="9" />
                <SequencePoint vc="1" uspid="2747" ordinal="0" offset="110" sl="37" sc="9" el="37" ec="9" bec="0" bev="0" fileid="9" />
                <SequencePoint vc="1" uspid="2748" ordinal="0" offset="128" sl="38" sc="9" el="38" ec="9" bec="0" bev="0" fileid="9" />
                <SequencePoint vc="1" uspid="2749" ordinal="0" offset="145" sl="39" sc="9" el="39" ec="9" bec="0" bev="0" fileid="9" />
                <SequencePoint vc="1" uspid="2750" ordinal="0" offset="163" sl="42" sc="9" el="42" ec="9" bec="0" bev="0" fileid="9" />
                <SequencePoint vc="1" uspid="2751" ordinal="0" offset="175" sl="44" sc="9" el="44" ec="9" bec="0" bev="0" fileid="9" />
                <SequencePoint vc="1" uspid="2752" ordinal="0" offset="198" sl="45" sc="5" el="45" ec="5" bec="0" bev="0" fileid="9" />
              </SequencePoints>
              <BranchPoints />
            </Method>
          </Methods>
        </Class>
        <Class>
          <Summary numSequencePoints="13" visitedSequencePoints="13" numBranchPoints="0" visitedBranchPoints="0" sequenceCoverage="100.0" branchCoverage="0.0" maxCyclomaticComplexity="0" minCyclomaticComplexity="0" maxCrapScore="0" minCrapScore="0" visitedClasses="1" numClasses="1" visitedMethods="1" numMethods="1" />
          <FullName>ChangeSpriteTest/&lt;TestOriginalRotationAfterExitingWater&gt;d__3</FullName>
          <Methods>
            <Method visited="true" cyclomaticComplexity="0" nPathComplexity="0" sequenceCoverage="100.0" branchCoverage="0" crapScore="0" isConstructor="false" isStatic="false" isGetter="false" isSetter="false">
              <Summary numSequencePoints="13" visitedSequencePoints="13" numBranchPoints="0" visitedBranchPoints="0" sequenceCoverage="100.0" branchCoverage="0" maxCyclomaticComplexity="0" minCyclomaticComplexity="0" maxCrapScore="0" minCrapScore="0" visitedClasses="0" numClasses="0" visitedMethods="1" numMethods="1" />
              <MetadataToken>100663396</MetadataToken>
              <Name>System.Boolean ChangeSpriteTest/&lt;TestOriginalRotationAfterExitingWater&gt;d__3::MoveNext()</Name>
              <FileRef uid="9" />
              <SequencePoints>
                <SequencePoint vc="1" uspid="2753" ordinal="0" offset="34" sl="71" sc="5" el="71" ec="5" bec="0" bev="0" fileid="9" />
                <SequencePoint vc="1" uspid="2754" ordinal="0" offset="35" sl="73" sc="9" el="73" ec="9" bec="0" bev="0" fileid="9" />
                <SequencePoint vc="1" uspid="2755" ordinal="0" offset="46" sl="74" sc="9" el="74" ec="9" bec="0" bev="0" fileid="9" />
                <SequencePoint vc="1" uspid="2756" ordinal="0" offset="63" sl="75" sc="9" el="75" ec="9" bec="0" bev="0" fileid="9" />
                <SequencePoint vc="1" uspid="2757" ordinal="0" offset="80" sl="76" sc="9" el="76" ec="9" bec="0" bev="0" fileid="9" />
                <SequencePoint vc="1" uspid="2758" ordinal="0" offset="97" sl="77" sc="9" el="77" ec="9" bec="0" bev="0" fileid="9" />
                <SequencePoint vc="1" uspid="2759" ordinal="0" offset="110" sl="80" sc="9" el="80" ec="9" bec="0" bev="0" fileid="9" />
                <SequencePoint vc="1" uspid="2760" ordinal="0" offset="127" sl="81" sc="9" el="81" ec="9" bec="0" bev="0" fileid="9" />
[...]
                <SequencePoint vc="1" uspid="4567" ordinal="0" offset="23" sl="17" sc="9" el="17" ec="9" bec="0" bev="0" fileid="39" />
                <SequencePoint vc="1" uspid="4568" ordinal="0" offset="24" sl="18" sc="13" el="18" ec="13" bec="0" bev="0" fileid="39" />
                <SequencePoint vc="1" uspid="4569" ordinal="0" offset="36" sl="19" sc="13" el="19" ec="13" bec="0" bev="0" fileid="39" />
                <SequencePoint vc="1" uspid="4570" ordinal="0" offset="52" sl="20" sc="13" el="20" ec="13" bec="0" bev="0" fileid="39" />
                <SequencePoint vc="1" uspid="4571" ordinal="0" offset="53" sl="21" sc="17" el="21" ec="17" bec="0" bev="0" fileid="39" />
                <SequencePoint vc="1" uspid="4572" ordinal="0" offset="64" sl="22" sc="13" el="22" ec="13" bec="0" bev="0" fileid="39" />
                <SequencePoint vc="1" uspid="4573" ordinal="0" offset="65" sl="23" sc="9" el="23" ec="9" bec="0" bev="0" fileid="39" />
                <SequencePoint vc="0" uspid="4574" ordinal="0" offset="68" sl="25" sc="9" el="25" ec="9" bec="0" bev="0" fileid="39" />
                <SequencePoint vc="0" uspid="4575" ordinal="0" offset="69" sl="26" sc="13" el="26" ec="13" bec="0" bev="0" fileid="39" />
                <SequencePoint vc="0" uspid="4576" ordinal="0" offset="80" sl="27" sc="9" el="27" ec="9" bec="0" bev="0" fileid="39" />
                <SequencePoint vc="1" uspid="4577" ordinal="0" offset="81" sl="28" sc="5" el="28" ec="5" bec="0" bev="0" fileid="39" />
              </SequencePoints>
              <BranchPoints />
            </Method>
            <Method visited="true" cyclomaticComplexity="0" nPathComplexity="0" sequenceCoverage="76.92" branchCoverage="0" crapScore="0" isConstructor="false" isStatic="false" isGetter="false" isSetter="false">
              <Summary numSequencePoints="13" visitedSequencePoints="10" numBranchPoints="0" visitedBranchPoints="0" sequenceCoverage="76.92" branchCoverage="0" maxCyclomaticComplexity="0" minCyclomaticComplexity="0" maxCrapScore="0" minCrapScore="0" visitedClasses="0" numClasses="0" visitedMethods="1" numMethods="1" />
              <MetadataToken>100663548</MetadataToken>
              <Name>System.Void RockKill::Update()</Name>
              <FileRef uid="39" />
              <SequencePoints>
                <SequencePoint vc="2" uspid="4578" ordinal="0" offset="0" sl="32" sc="5" el="32" ec="5" bec="0" bev="0" fileid="39" />
                <SequencePoint vc="2" uspid="4579" ordinal="0" offset="1" sl="33" sc="9" el="33" ec="9" bec="0" bev="0" fileid="39" />
                <SequencePoint vc="2" uspid="4580" ordinal="0" offset="17" sl="34" sc="9" el="34" ec="9" bec="0" bev="0" fileid="39" />
                <SequencePoint vc="2" uspid="4581" ordinal="0" offset="18" sl="35" sc="13" el="35" ec="13" bec="0" bev="0" fileid="39" />
                <SequencePoint vc="1" uspid="4582" ordinal="0" offset="44" sl="36" sc="13" el="36" ec="13" bec="0" bev="0" fileid="39" />
                <SequencePoint vc="1" uspid="4583" ordinal="0" offset="45" sl="37" sc="17" el="37" ec="17" bec="0" bev="0" fileid="39" />
                <SequencePoint vc="1" uspid="4584" ordinal="0" offset="77" sl="38" sc="17" el="38" ec="17" bec="0" bev="0" fileid="39" />
                <SequencePoint vc="1" uspid="4585" ordinal="0" offset="94" sl="39" sc="13" el="39" ec="13" bec="0" bev="0" fileid="39" />
                <SequencePoint vc="2" uspid="4586" ordinal="0" offset="95" sl="40" sc="9" el="40" ec="9" bec="0" bev="0" fileid="39" />
                <SequencePoint vc="0" uspid="4587" ordinal="0" offset="98" sl="42" sc="9" el="42" ec="9" bec="0" bev="0" fileid="39" />
                <SequencePoint vc="0" uspid="4588" ordinal="0" offset="99" sl="43" sc="13" el="43" ec="13" bec="0" bev="0" fileid="39" />
                <SequencePoint vc="0" uspid="4589" ordinal="0" offset="110" sl="44" sc="9" el="44" ec="9" bec="0" bev="0" fileid="39" />
                <SequencePoint vc="2" uspid="4590" ordinal="0" offset="111" sl="45" sc="5" el="45" ec="5" bec="0" bev="0" fileid="39" />
              </SequencePoints>
              <BranchPoints />
            </Method>
            <Method visited="true" cyclomaticComplexity="0" nPathComplexity="0" sequenceCoverage="52.94" branchCoverage="0" crapScore="0" isConstructor="false" isStatic="false" isGetter="false" isSetter="false">
              <Summary numSequencePoints="17" visitedSequencePoints="9" numBranchPoints="0" visitedBranchPoints="0" sequenceCoverage="52.94" branchCoverage="0" maxCyclomaticComplexity="0" minCyclomaticComplexity="0" maxCrapScore="0" minCrapScore="0" visitedClasses="0" numClasses="0" visitedMethods="1" numMethods="1" />
              <MetadataToken>100663549</MetadataToken>
              <Name>System.Void RockKill::OnTriggerEnter2D(UnityEngine.Collider2D)</Name>
              <FileRef uid="39" />
              <SequencePoints>
                <SequencePoint vc="3" uspid="4591" ordinal="0" offset="0" sl="52" sc="5" el="52" ec="5" bec="0" bev="0" fileid="39" />
                <SequencePoint vc="3" uspid="4592" ordinal="0" offset="1" sl="53" sc="9" el="53" ec="9" bec="0" bev="0" fileid="39" />
                <SequencePoint vc="2" uspid="4593" ordinal="0" offset="26" sl="54" sc="9" el="54" ec="9" bec="0" bev="0" fileid="39" />
                <SequencePoint vc="2" uspid="4594" ordinal="0" offset="27" sl="55" sc="13" el="55" ec="13" bec="0" bev="0" fileid="39" />
                <SequencePoint vc="0" uspid="4595" ordinal="0" offset="45" sl="56" sc="13" el="56" ec="13" bec="0" bev="0" fileid="39" />
                <SequencePoint vc="0" uspid="4596" ordinal="0" offset="46" sl="59" sc="17" el="59" ec="17" bec="0" bev="0" fileid="39" />
                <SequencePoint vc="0" uspid="4597" ordinal="0" offset="57" sl="62" sc="17" el="62" ec="17" bec="0" bev="0" fileid="39" />
                <SequencePoint vc="0" uspid="4598" ordinal="0" offset="69" sl="63" sc="13" el="63" ec="13" bec="0" bev="0" fileid="39" />
                <SequencePoint vc="0" uspid="4599" ordinal="0" offset="72" sl="65" sc="13" el="65" ec="13" bec="0" bev="0" fileid="39" />
                <SequencePoint vc="0" uspid="4600" ordinal="0" offset="73" sl="66" sc="17" el="66" ec="17" bec="0" bev="0" fileid="39" />
                <SequencePoint vc="0" uspid="4601" ordinal="0" offset="85" sl="67" sc="13" el="67" ec="13" bec="0" bev="0" fileid="39" />
                <SequencePoint vc="0" uspid="4602" ordinal="0" offset="86" sl="68" sc="9" el="68" ec="9" bec="0" bev="0" fileid="39" />
                <SequencePoint vc="1" uspid="4603" ordinal="0" offset="89" sl="69" sc="14" el="69" ec="14" bec="0" bev="0" fileid="39" />
                <SequencePoint vc="1" uspid="4604" ordinal="0" offset="114" sl="70" sc="9" el="70" ec="9" bec="0" bev="0" fileid="39" />
                <SequencePoint vc="1" uspid="4605" ordinal="0" offset="115" sl="71" sc="13" el="71" ec="13" bec="0" bev="0" fileid="39" />
                <SequencePoint vc="1" uspid="4606" ordinal="0" offset="127" sl="72" sc="9" el="72" ec="9" bec="0" bev="0" fileid="39" />
                <SequencePoint vc="1" uspid="4607" ordinal="0" offset="128" sl="73" sc="5" el="73" ec="5" bec="0" bev="0" fileid="39" />
              </SequencePoints>
              <BranchPoints />
            </Method>
            <Method visited="true" cyclomaticComplexity="0" nPathComplexity="0" sequenceCoverage="100.0" branchCoverage="0" crapScore="0" isConstructor="true" isStatic="false" isGetter="false" isSetter="false">
              <Summary numSequencePoints="1" visitedSequencePoints="1" numBranchPoints="0" visitedBranchPoints="0" sequenceCoverage="100.0" branchCoverage="0" maxCyclomaticComplexity="0" minCyclomaticComplexity="0" maxCrapScore="0" minCrapScore="0" visitedClasses="0" numClasses="0" visitedMethods="1" numMethods="1" />
              <MetadataToken>100663550</MetadataToken>
              <Name>RockKill::RockKill()</Name>
              <FileRef uid="39" />
              <SequencePoints>
                <SequencePoint vc="5" uspid="4608" ordinal="0" offset="0" sl="6" sc="5" el="6" ec="5" bec="0" bev="0" fileid="39" />
              </SequencePoints>
              <BranchPoints />
            </Method>
          </Methods>
        </Class>
        <Class>
          <Summary numSequencePoints="16" visitedSequencePoints="11" numBranchPoints="0" visitedBranchPoints="0" sequenceCoverage="68.75" branchCoverage="0.0" maxCyclomaticComplexity="0" minCyclomaticComplexity="0" maxCrapScore="0" minCrapScore="0" visitedClasses="1" numClasses="1" visitedMethods="2" numMethods="2" />
          <FullName>SettingsManager</FullName>
          <Methods>
            <Method visited="true" cyclomaticComplexity="0" nPathComplexity="0" sequenceCoverage="61.54" branchCoverage="0" crapScore="0" isConstructor="false" isStatic="true" isGetter="true" isSetter="false">
              <Summary numSequencePoints="13" visitedSequencePoints="8" numBranchPoints="0" visitedBranchPoints="0" sequenceCoverage="61.54" branchCoverage="0" maxCyclomaticComplexity="0" minCyclomaticComplexity="0" maxCrapScore="0" minCrapScore="0" visitedClasses="0" numClasses="0" visitedMethods="1" numMethods="1" />
              <MetadataToken>100663551</MetadataToken>
              <Name>static SettingsManager SettingsManager::get_Instance()</Name>
              <FileRef uid="40" />
              <SequencePoints>
                <SequencePoint vc="1" uspid="4609" ordinal="0" offset="0" sl="16" sc="9" el="16" ec="9" bec="0" bev="0" fileid="40" />
                <SequencePoint vc="1" uspid="4610" ordinal="0" offset="1" sl="17" sc="13" el="17" ec="13" bec="0" bev="0" fileid="40" />
                <SequencePoint vc="1" uspid="4611" ordinal="0" offset="16" sl="18" sc="13" el="18" ec="13" bec="0" bev="0" fileid="40" />
                <SequencePoint vc="1" uspid="4612" ordinal="0" offset="17" sl="19" sc="17" el="19" ec="17" bec="0" bev="0" fileid="40" />
                <SequencePoint vc="1" uspid="4613" ordinal="0" offset="27" sl="20" sc="17" el="20" ec="17" bec="0" bev="0" fileid="40" />
                <SequencePoint vc="0" uspid="4614" ordinal="0" offset="42" sl="21" sc="17" el="21" ec="17" bec="0" bev="0" fileid="40" />
                <SequencePoint vc="0" uspid="4615" ordinal="0" offset="43" sl="22" sc="21" el="22" ec="21" bec="0" bev="0" fileid="40" />
                <SequencePoint vc="0" uspid="4616" ordinal="0" offset="61" sl="26" sc="21" el="26" ec="21" bec="0" bev="0" fileid="40" />
                <SequencePoint vc="0" uspid="4617" ordinal="0" offset="72" sl="27" sc="21" el="27" ec="21" bec="0" bev="0" fileid="40" />
                <SequencePoint vc="0" uspid="4618" ordinal="0" offset="79" sl="28" sc="17" el="28" ec="17" bec="0" bev="0" fileid="40" />
                <SequencePoint vc="1" uspid="4619" ordinal="0" offset="80" sl="29" sc="13" el="29" ec="13" bec="0" bev="0" fileid="40" />
                <SequencePoint vc="1" uspid="4620" ordinal="0" offset="81" sl="30" sc="13" el="30" ec="13" bec="0" bev="0" fileid="40" />
                <SequencePoint vc="1" uspid="4621" ordinal="0" offset="89" sl="31" sc="9" el="31" ec="9" bec="0" bev="0" fileid="40" />
              </SequencePoints>
              <BranchPoints />
            </Method>
            <Method visited="true" cyclomaticComplexity="0" nPathComplexity="0" sequenceCoverage="100.0" branchCoverage="0" crapScore="0" isConstructor="false" isStatic="false" isGetter="true" isSetter="false">
              <Summary numSequencePoints="3" visitedSequencePoints="3" numBranchPoints="0" visitedBranchPoints="0" sequenceCoverage="100.0" branchCoverage="0" maxCyclomaticComplexity="0" minCyclomaticComplexity="0" maxCrapScore="0" minCrapScore="0" visitedClasses="0" numClasses="0" visitedMethods="1" numMethods="1" />
              <MetadataToken>100663554</MetadataToken>
              <Name>System.Collections.Generic.List[KeyCode] SettingsManager::get_UpShortcutKeys()</Name>
              <FileRef uid="40" />
              <SequencePoints>
                <SequencePoint vc="1" uspid="4628" ordinal="0" offset="0" sl="49" sc="47" el="49" ec="47" bec="0" bev="0" fileid="40" />
                <SequencePoint vc="1" uspid="4629" ordinal="0" offset="1" sl="49" sc="49" el="49" ec="49" bec="0" bev="0" fileid="40" />
                <SequencePoint vc="1" uspid="4630" ordinal="0" offset="10" sl="49" sc="72" el="49" ec="72" bec="0" bev="0" fileid="40" />
              </SequencePoints>
              <BranchPoints />
            </Method>
          </Methods>
        </Class>
        <Class>
          <Summary numSequencePoints="12" visitedSequencePoints="3" numBranchPoints="0" visitedBranchPoints="0" sequenceCoverage="25.00" branchCoverage="0.0" maxCyclomaticComplexity="0" minCyclomaticComplexity="0" maxCrapScore="0" minCrapScore="0" visitedClasses="1" numClasses="1" visitedMethods="1" numMethods="1" />
          <FullName>SettingsManagerExtensions</FullName>
          <Methods>
            <Method visited="true" cyclomaticComplexity="0" nPathComplexity="0" sequenceCoverage="25.00" branchCoverage="0" crapScore="0" isConstructor="false" isStatic="true" isGetter="false" isSetter="false">
              <Summary numSequencePoints="12" visitedSequencePoints="3" numBranchPoints="0" visitedBranchPoints="0" sequenceCoverage="25.00" branchCoverage="0" maxCyclomaticComplexity="0" minCyclomaticComplexity="0" maxCrapScore="0" minCrapScore="0" visitedClasses="0" numClasses="0" visitedMethods="1" numMethods="1" />
              <MetadataToken>100663569</MetadataToken>
              <Name>static System.Boolean SettingsManagerExtensions::AreKeyCombinationsPressed(System.Collections.Generic.List[KeyCode])</Name>
              <FileRef uid="40" />
              <SequencePoints>
                <SequencePoint vc="1" uspid="4724" ordinal="0" offset="0" sl="185" sc="5" el="185" ec="5" bec="0" bev="0" fileid="40" />
                <SequencePoint vc="1" uspid="4725" ordinal="0" offset="1" sl="186" sc="9" el="186" ec="9" bec="0" bev="0" fileid="40" />
                <SequencePoint vc="1" uspid="4726" ordinal="0" offset="2" sl="186" sc="33" el="186" ec="33" bec="0" bev="0" fileid="40" />
                <SequencePoint vc="0" uspid="4727" ordinal="0" offset="11" sl="186" sc="18" el="186" ec="18" bec="0" bev="0" fileid="40" />
                <SequencePoint vc="0" uspid="4728" ordinal="0" offset="19" sl="187" sc="9" el="187" ec="9" bec="0" bev="0" fileid="40" />
                <SequencePoint vc="0" uspid="4729" ordinal="0" offset="20" sl="188" sc="13" el="188" ec="13" bec="0" bev="0" fileid="40" />
                <SequencePoint vc="0" uspid="4730" ordinal="0" offset="33" sl="189" sc="13" el="189" ec="13" bec="0" bev="0" fileid="40" />
                <SequencePoint vc="0" uspid="4731" ordinal="0" offset="34" sl="190" sc="17" el="190" ec="17" bec="0" bev="0" fileid="40" />
                <SequencePoint vc="0" uspid="4732" ordinal="0" offset="38" sl="192" sc="9" el="192" ec="9" bec="0" bev="0" fileid="40" />
                <SequencePoint vc="0" uspid="4733" ordinal="0" offset="39" sl="186" sc="30" el="186" ec="30" bec="0" bev="0" fileid="40" />
                <SequencePoint vc="0" uspid="4734" ordinal="0" offset="65" sl="193" sc="9" el="193" ec="9" bec="0" bev="0" fileid="40" />
                <SequencePoint vc="0" uspid="4735" ordinal="0" offset="69" sl="194" sc="5" el="194" ec="5" bec="0" bev="0" fileid="40" />
              </SequencePoints>
              <BranchPoints />
            </Method>
          </Methods>
        </Class>
        <Class>
          <Summary numSequencePoints="16" visitedSequencePoints="0" numBranchPoints="0" visitedBranchPoints="0" sequenceCoverage="0.0" branchCoverage="0.0" maxCyclomaticComplexity="0" minCyclomaticComplexity="0" maxCrapScore="0" minCrapScore="0" visitedClasses="0" numClasses="1" visitedMethods="0" numMethods="2" />
          <FullName>TitleScreen</FullName>
          <Methods>
            <Method visited="false" cyclomaticComplexity="0" nPathComplexity="0" sequenceCoverage="0.0" branchCoverage="0" crapScore="0" isConstructor="false" isStatic="false" isGetter="false" isSetter="false">
              <Summary numSequencePoints="13" visitedSequencePoints="0" numBranchPoints="0" visitedBranchPoints="0" sequenceCoverage="0.0" branchCoverage="0" maxCyclomaticComplexity="0" minCyclomaticComplexity="0" maxCrapScore="0" minCrapScore="0" visitedClasses="0" numClasses="0" visitedMethods="0" numMethods="1" />
              <MetadataToken>100663583</MetadataToken>
              <Name>System.Void TitleScreen::DestroyInactiveModals[T]()</Name>
              <FileRef uid="42" />
              <SequencePoints>
                <SequencePoint vc="0" uspid="4810" ordinal="0" offset="0" sl="104" sc="0" el="104" ec="0" bec="0" bev="0" fileid="42" />
                <SequencePoint vc="0" uspid="4811" ordinal="0" offset="1" sl="106" sc="0" el="106" ec="0" bec="0" bev="0" fileid="42" />
                <SequencePoint vc="0" uspid="4812" ordinal="0" offset="7" sl="108" sc="0" el="108" ec="0" bec="0" bev="0" fileid="42" />
                <SequencePoint vc="0" uspid="4813" ordinal="0" offset="8" sl="108" sc="0" el="108" ec="0" bec="0" bev="0" fileid="42" />
                <SequencePoint vc="0" uspid="4814" ordinal="0" offset="14" sl="108" sc="0" el="108" ec="0" bec="0" bev="0" fileid="42" />
                <SequencePoint vc="0" uspid="4815" ordinal="0" offset="22" sl="109" sc="0" el="109" ec="0" bec="0" bev="0" fileid="42" />
                <SequencePoint vc="0" uspid="4816" ordinal="0" offset="23" sl="111" sc="0" el="111" ec="0" bec="0" bev="0" fileid="42" />
                <SequencePoint vc="0" uspid="4817" ordinal="0" offset="52" sl="112" sc="0" el="112" ec="0" bec="0" bev="0" fileid="42" />
                <SequencePoint vc="0" uspid="4818" ordinal="0" offset="53" sl="113" sc="0" el="113" ec="0" bec="0" bev="0" fileid="42" />
                <SequencePoint vc="0" uspid="4819" ordinal="0" offset="70" sl="114" sc="0" el="114" ec="0" bec="0" bev="0" fileid="42" />
                <SequencePoint vc="0" uspid="4820" ordinal="0" offset="71" sl="115" sc="0" el="115" ec="0" bec="0" bev="0" fileid="42" />
                <SequencePoint vc="0" uspid="4821" ordinal="0" offset="76" sl="108" sc="0" el="108" ec="0" bec="0" bev="0" fileid="42" />
                <SequencePoint vc="0" uspid="4822" ordinal="0" offset="82" sl="116" sc="0" el="116" ec="0" bec="0" bev="0" fileid="42" />
              </SequencePoints>
              <BranchPoints />
            </Method>
            <Method visited="false" cyclomaticComplexity="0" nPathComplexity="0" sequenceCoverage="0.0" branchCoverage="0" crapScore="0" isConstructor="false" isStatic="false" isGetter="false" isSetter="false">
              <Summary numSequencePoints="3" visitedSequencePoints="0" numBranchPoints="0" visitedBranchPoints="0" sequenceCoverage="0.0" branchCoverage="0" maxCyclomaticComplexity="0" minCyclomaticComplexity="0" maxCrapScore="0" minCrapScore="0" visitedClasses="0" numClasses="0" visitedMethods="0" numMethods="1" />
              <MetadataToken>100663584</MetadataToken>
              <Name>System.Boolean TitleScreen::IsClosingAnimationPlaying[T](T)</Name>
              <FileRef uid="42" />
              <SequencePoints>
                <SequencePoint vc="0" uspid="4823" ordinal="0" offset="0" sl="119" sc="0" el="119" ec="0" bec="0" bev="0" fileid="42" />
                <SequencePoint vc="0" uspid="4824" ordinal="0" offset="1" sl="121" sc="0" el="121" ec="0" bec="0" bev="0" fileid="42" />
                <SequencePoint vc="0" uspid="4825" ordinal="0" offset="34" sl="122" sc="0" el="122" ec="0" bec="0" bev="0" fileid="42" />
              </SequencePoints>
              <BranchPoints />
            </Method>
          </Methods>
        </Class>
      </Classes>
    </Module>
  </Modules>
</CoverageSession>