<?xml version="1.0" encoding="utf-8"?>
<CoverageSession xmlns:xsd="http://www.w3.org/2001/XMLSchema" xmlns:xsi="http://www.w3.org/2001/XMLSchema-instance" Version="0.0.0.0">
  <Summary numSequencePoints="385" visitedSequencePoints="176" numBranchPoints="0" visitedBranchPoints="0" sequenceCoverage="45.71" branchCoverage="0.0" maxCyclomaticComplexity="0" minCyclomaticComplexity="0" maxCrapScore="0" minCrapScore="0" visitedClasses="15" numClasses="18" visitedMethods="27" numMethods="53" />
  <Modules>
    <Module>
      <Summary numSequencePoints="90" visitedSequencePoints="90" numBranchPoints="0" visitedBranchPoints="0" sequenceCoverage="100.0" branchCoverage="0.0" maxCyclomaticComplexity="0" minCyclomaticComplexity="0" maxCrapScore="0" minCrapScore="0" visitedClasses="7" numClasses="7" visitedMethods="7" numMethods="7" />
      <ModuleTime>0001-01-01T00:00:00</ModuleTime>
      <ModuleName>EditMode</ModuleName>
      <Files>
        <File uid="1" fullPath="C:/Users/Zach/Documents/.myDocs/School/teamwaterfall/src/Flow Runner/Assets/Tests/EditMode/AirMeterTests.cs" />
        <File uid="2" fullPath="C:/Users/Zach/Documents/.myDocs/School/teamwaterfall/src/Flow Runner/Assets/Tests/EditMode/ChangeSpriteTest.cs" />
        <File uid="3" fullPath="C:/Users/Zach/Documents/.myDocs/School/teamwaterfall/src/Flow Runner/Assets/Tests/EditMode/PlayerMovementTests.cs" />
      </Files>
      <Classes>
        <Class>
          <Summary numSequencePoints="11" visitedSequencePoints="11" numBranchPoints="0" visitedBranchPoints="0" sequenceCoverage="100.0" branchCoverage="0.0" maxCyclomaticComplexity="0" minCyclomaticComplexity="0" maxCrapScore="0" minCrapScore="0" visitedClasses="1" numClasses="1" visitedMethods="1" numMethods="1" />
          <FullName>AirMeterTests/&lt;TestAirConsumption&gt;d__0</FullName>
          <Methods>
            <Method visited="true" cyclomaticComplexity="0" nPathComplexity="0" sequenceCoverage="100.0" branchCoverage="0" crapScore="0" isConstructor="false" isStatic="false" isGetter="false" isSetter="false">
              <Summary numSequencePoints="11" visitedSequencePoints="11" numBranchPoints="0" visitedBranchPoints="0" sequenceCoverage="100.0" branchCoverage="0" maxCyclomaticComplexity="0" minCyclomaticComplexity="0" maxCrapScore="0" minCrapScore="0" visitedClasses="0" numClasses="0" visitedMethods="1" numMethods="1" />
              <MetadataToken>100663311</MetadataToken>
              <Name>System.Boolean AirMeterTests/&lt;TestAirConsumption&gt;d__0::MoveNext()</Name>
              <FileRef uid="1" />
              <SequencePoints>
                <SequencePoint vc="1" uspid="2105" ordinal="0" offset="31" sl="11" sc="5" el="11" ec="5" bec="0" bev="0" fileid="1" />
                <SequencePoint vc="1" uspid="2106" ordinal="0" offset="32" sl="13" sc="9" el="13" ec="9" bec="0" bev="0" fileid="1" />
                <SequencePoint vc="1" uspid="2107" ordinal="0" offset="43" sl="14" sc="9" el="14" ec="9" bec="0" bev="0" fileid="1" />
                <SequencePoint vc="1" uspid="2108" ordinal="0" offset="60" sl="17" sc="9" el="17" ec="9" bec="0" bev="0" fileid="1" />
                <SequencePoint vc="1" uspid="2109" ordinal="0" offset="71" sl="18" sc="9" el="18" ec="9" bec="0" bev="0" fileid="1" />
                <SequencePoint vc="1" uspid="2110" ordinal="0" offset="88" sl="19" sc="9" el="19" ec="9" bec="0" bev="0" fileid="1" />
                <SequencePoint vc="1" uspid="2111" ordinal="0" offset="105" sl="21" sc="9" el="21" ec="9" bec="0" bev="0" fileid="1" />
                <SequencePoint vc="1" uspid="2112" ordinal="0" offset="121" sl="24" sc="9" el="24" ec="9" bec="0" bev="0" fileid="1" />
                <SequencePoint vc="1" uspid="2113" ordinal="0" offset="133" sl="25" sc="9" el="25" ec="9" bec="0" bev="0" fileid="1" />
                <SequencePoint vc="1" uspid="2114" ordinal="0" offset="156" sl="28" sc="9" el="28" ec="9" bec="0" bev="0" fileid="1" />
                <SequencePoint vc="1" uspid="2115" ordinal="0" offset="194" sl="29" sc="5" el="29" ec="5" bec="0" bev="0" fileid="1" />
              </SequencePoints>
              <BranchPoints />
            </Method>
          </Methods>
        </Class>
        <Class>
          <Summary numSequencePoints="12" visitedSequencePoints="12" numBranchPoints="0" visitedBranchPoints="0" sequenceCoverage="100.0" branchCoverage="0.0" maxCyclomaticComplexity="0" minCyclomaticComplexity="0" maxCrapScore="0" minCrapScore="0" visitedClasses="1" numClasses="1" visitedMethods="1" numMethods="1" />
          <FullName>ChangeSpriteTest/&lt;TestOriginalColorAfterExitingWater&gt;d__1</FullName>
          <Methods>
            <Method visited="true" cyclomaticComplexity="0" nPathComplexity="0" sequenceCoverage="100.0" branchCoverage="0" crapScore="0" isConstructor="false" isStatic="false" isGetter="false" isSetter="false">
              <Summary numSequencePoints="12" visitedSequencePoints="12" numBranchPoints="0" visitedBranchPoints="0" sequenceCoverage="100.0" branchCoverage="0" maxCyclomaticComplexity="0" minCyclomaticComplexity="0" maxCrapScore="0" minCrapScore="0" visitedClasses="0" numClasses="0" visitedMethods="1" numMethods="1" />
              <MetadataToken>100663317</MetadataToken>
              <Name>System.Boolean ChangeSpriteTest/&lt;TestOriginalColorAfterExitingWater&gt;d__1::MoveNext()</Name>
              <FileRef uid="2" />
              <SequencePoints>
                <SequencePoint vc="1" uspid="2116" ordinal="0" offset="34" sl="28" sc="5" el="28" ec="5" bec="0" bev="0" fileid="2" />
                <SequencePoint vc="1" uspid="2117" ordinal="0" offset="35" sl="30" sc="9" el="30" ec="9" bec="0" bev="0" fileid="2" />
                <SequencePoint vc="1" uspid="2118" ordinal="0" offset="46" sl="31" sc="9" el="31" ec="9" bec="0" bev="0" fileid="2" />
                <SequencePoint vc="1" uspid="2119" ordinal="0" offset="63" sl="32" sc="9" el="32" ec="9" bec="0" bev="0" fileid="2" />
                <SequencePoint vc="1" uspid="2120" ordinal="0" offset="80" sl="33" sc="9" el="33" ec="9" bec="0" bev="0" fileid="2" />
                <SequencePoint vc="1" uspid="2121" ordinal="0" offset="93" sl="36" sc="9" el="36" ec="9" bec="0" bev="0" fileid="2" />
                <SequencePoint vc="1" uspid="2122" ordinal="0" offset="110" sl="37" sc="9" el="37" ec="9" bec="0" bev="0" fileid="2" />
                <SequencePoint vc="1" uspid="2123" ordinal="0" offset="128" sl="38" sc="9" el="38" ec="9" bec="0" bev="0" fileid="2" />
                <SequencePoint vc="1" uspid="2124" ordinal="0" offset="145" sl="39" sc="9" el="39" ec="9" bec="0" bev="0" fileid="2" />
                <SequencePoint vc="1" uspid="2125" ordinal="0" offset="163" sl="42" sc="9" el="42" ec="9" bec="0" bev="0" fileid="2" />
                <SequencePoint vc="1" uspid="2126" ordinal="0" offset="175" sl="44" sc="9" el="44" ec="9" bec="0" bev="0" fileid="2" />
                <SequencePoint vc="1" uspid="2127" ordinal="0" offset="198" sl="45" sc="5" el="45" ec="5" bec="0" bev="0" fileid="2" />
              </SequencePoints>
              <BranchPoints />
            </Method>
          </Methods>
        </Class>
        <Class>
          <Summary numSequencePoints="13" visitedSequencePoints="13" numBranchPoints="0" visitedBranchPoints="0" sequenceCoverage="100.0" branchCoverage="0.0" maxCyclomaticComplexity="0" minCyclomaticComplexity="0" maxCrapScore="0" minCrapScore="0" visitedClasses="1" numClasses="1" visitedMethods="1" numMethods="1" />
          <FullName>ChangeSpriteTest/&lt;TestOriginalRotationAfterExitingWater&gt;d__3</FullName>
          <Methods>
            <Method visited="true" cyclomaticComplexity="0" nPathComplexity="0" sequenceCoverage="100.0" branchCoverage="0" crapScore="0" isConstructor="false" isStatic="false" isGetter="false" isSetter="false">
              <Summary numSequencePoints="13" visitedSequencePoints="13" numBranchPoints="0" visitedBranchPoints="0" sequenceCoverage="100.0" branchCoverage="0" maxCyclomaticComplexity="0" minCyclomaticComplexity="0" maxCrapScore="0" minCrapScore="0" visitedClasses="0" numClasses="0" visitedMethods="1" numMethods="1" />
              <MetadataToken>100663323</MetadataToken>
              <Name>System.Boolean ChangeSpriteTest/&lt;TestOriginalRotationAfterExitingWater&gt;d__3::MoveNext()</Name>
              <FileRef uid="2" />
              <SequencePoints>
                <SequencePoint vc="1" uspid="2128" ordinal="0" offset="34" sl="71" sc="5" el="71" ec="5" bec="0" bev="0" fileid="2" />
                <SequencePoint vc="1" uspid="2129" ordinal="0" offset="35" sl="73" sc="9" el="73" ec="9" bec="0" bev="0" fileid="2" />
                <SequencePoint vc="1" uspid="2130" ordinal="0" offset="46" sl="74" sc="9" el="74" ec="9" bec="0" bev="0" fileid="2" />
                <SequencePoint vc="1" uspid="2131" ordinal="0" offset="63" sl="75" sc="9" el="75" ec="9" bec="0" bev="0" fileid="2" />
                <SequencePoint vc="1" uspid="2132" ordinal="0" offset="80" sl="76" sc="9" el="76" ec="9" bec="0" bev="0" fileid="2" />
                <SequencePoint vc="1" uspid="2133" ordinal="0" offset="97" sl="77" sc="9" el="77" ec="9" bec="0" bev="0" fileid="2" />
                <SequencePoint vc="1" uspid="2134" ordinal="0" offset="110" sl="80" sc="9" el="80" ec="9" bec="0" bev="0" fileid="2" />
                <SequencePoint vc="1" uspid="2135" ordinal="0" offset="127" sl="81" sc="9" el="81" ec="9" bec="0" bev="0" fileid="2" />
                <SequencePoint vc="1" uspid="2136" ordinal="0" offset="145" sl="82" sc="9" el="82" ec="9" bec="0" bev="0" fileid="2" />
                <SequencePoint vc="1" uspid="2137" ordinal="0" offset="162" sl="83" sc="9" el="83" ec="9" bec="0" bev="0" fileid="2" />
                <SequencePoint vc="1" uspid="2138" ordinal="0" offset="180" sl="86" sc="9" el="86" ec="9" bec="0" bev="0" fileid="2" />
                <SequencePoint vc="1" uspid="2139" ordinal="0" offset="192" sl="87" sc="9" el="87" ec="9" bec="0" bev="0" fileid="2" />
                <SequencePoint vc="1" uspid="2140" ordinal="0" offset="215" sl="88" sc="5" el="88" ec="5" bec="0" bev="0" fileid="2" />
              </SequencePoints>
              <BranchPoints />
            </Method>
          </Methods>
        </Class>
        <Class>
          <Summary numSequencePoints="11" visitedSequencePoints="11" numBranchPoints="0" visitedBranchPoints="0" sequenceCoverage="100.0" branchCoverage="0.0" maxCyclomaticComplexity="0" minCyclomaticComplexity="0" maxCrapScore="0" minCrapScore="0" visitedClasses="1" numClasses="1" visitedMethods="1" numMethods="1" />
          <FullName>ChangeSpriteTest/&lt;TestUnderwaterColor&gt;d__0</FullName>
          <Methods>
            <Method visited="true" cyclomaticComplexity="0" nPathComplexity="0" sequenceCoverage="100.0" branchCoverage="0" crapScore="0" isConstructor="false" isStatic="false" isGetter="false" isSetter="false">
              <Summary numSequencePoints="11" visitedSequencePoints="11" numBranchPoints="0" visitedBranchPoints="0" sequenceCoverage="100.0" branchCoverage="0" maxCyclomaticComplexity="0" minCyclomaticComplexity="0" maxCrapScore="0" minCrapScore="0" visitedClasses="0" numClasses="0" visitedMethods="1" numMethods="1" />
              <MetadataToken>100663329</MetadataToken>
              <Name>System.Boolean ChangeSpriteTest/&lt;TestUnderwaterColor&gt;d__0::MoveNext()</Name>
              <FileRef uid="2" />
              <SequencePoints>
                <SequencePoint vc="1" uspid="2141" ordinal="0" offset="34" sl="9" sc="5" el="9" ec="5" bec="0" bev="0" fileid="2" />
                <SequencePoint vc="1" uspid="2142" ordinal="0" offset="35" sl="11" sc="9" el="11" ec="9" bec="0" bev="0" fileid="2" />
                <SequencePoint vc="1" uspid="2143" ordinal="0" offset="46" sl="12" sc="9" el="12" ec="9" bec="0" bev="0" fileid="2" />
                <SequencePoint vc="1" uspid="2144" ordinal="0" offset="63" sl="13" sc="9" el="13" ec="9" bec="0" bev="0" fileid="2" />
                <SequencePoint vc="1" uspid="2145" ordinal="0" offset="80" sl="14" sc="9" el="14" ec="9" bec="0" bev="0" fileid="2" />
                <SequencePoint vc="1" uspid="2146" ordinal="0" offset="97" sl="15" sc="9" el="15" ec="9" bec="0" bev="0" fileid="2" />
                <SequencePoint vc="1" uspid="2147" ordinal="0" offset="110" sl="18" sc="9" el="18" ec="9" bec="0" bev="0" fileid="2" />
                <SequencePoint vc="1" uspid="2148" ordinal="0" offset="127" sl="19" sc="9" el="19" ec="9" bec="0" bev="0" fileid="2" />
                <SequencePoint vc="1" uspid="2149" ordinal="0" offset="145" sl="22" sc="9" el="22" ec="9" bec="0" bev="0" fileid="2" />
                <SequencePoint vc="1" uspid="2150" ordinal="0" offset="157" sl="23" sc="9" el="23" ec="9" bec="0" bev="0" fileid="2" />
                <SequencePoint vc="1" uspid="2151" ordinal="0" offset="180" sl="24" sc="5" el="24" ec="5" bec="0" bev="0" fileid="2" />
              </SequencePoints>
              <BranchPoints />
            </Method>
          </Methods>
        </Class>
        <Class>
          <Summary numSequencePoints="11" visitedSequencePoints="11" numBranchPoints="0" visitedBranchPoints="0" sequenceCoverage="100.0" branchCoverage="0.0" maxCyclomaticComplexity="0" minCyclomaticComplexity="0" maxCrapScore="0" minCrapScore="0" visitedClasses="1" numClasses="1" visitedMethods="1" numMethods="1" />
          <FullName>ChangeSpriteTest/&lt;TestUnderwaterRotation&gt;d__2</FullName>
          <Methods>
            <Method visited="true" cyclomaticComplexity="0" nPathComplexity="0" sequenceCoverage="100.0" branchCoverage="0" crapScore="0" isConstructor="false" isStatic="false" isGetter="false" isSetter="false">
              <Summary numSequencePoints="11" visitedSequencePoints="11" numBranchPoints="0" visitedBranchPoints="0" sequenceCoverage="100.0" branchCoverage="0" maxCyclomaticComplexity="0" minCyclomaticComplexity="0" maxCrapScore="0" minCrapScore="0" visitedClasses="0" numClasses="0" visitedMethods="1" numMethods="1" />
              <MetadataToken>100663335</MetadataToken>
              <Name>System.Boolean ChangeSpriteTest/&lt;TestUnderwaterRotation&gt;d__2::MoveNext()</Name>
              <FileRef uid="2" />
              <SequencePoints>
                <SequencePoint vc="1" uspid="2152" ordinal="0" offset="34" sl="49" sc="5" el="49" ec="5" bec="0" bev="0" fileid="2" />
                <SequencePoint vc="1" uspid="2153" ordinal="0" offset="35" sl="51" sc="9" el="51" ec="9" bec="0" bev="0" fileid="2" />
                <SequencePoint vc="1" uspid="2154" ordinal="0" offset="46" sl="52" sc="9" el="52" ec="9" bec="0" bev="0" fileid="2" />
                <SequencePoint vc="1" uspid="2155" ordinal="0" offset="63" sl="53" sc="9" el="53" ec="9" bec="0" bev="0" fileid="2" />
                <SequencePoint vc="1" uspid="2156" ordinal="0" offset="80" sl="55" sc="9" el="55" ec="9" bec="0" bev="0" fileid="2" />
                <SequencePoint vc="1" uspid="2157" ordinal="0" offset="106" sl="58" sc="9" el="58" ec="9" bec="0" bev="0" fileid="2" />
                <SequencePoint vc="1" uspid="2158" ordinal="0" offset="118" sl="61" sc="9" el="61" ec="9" bec="0" bev="0" fileid="2" />
                <SequencePoint vc="1" uspid="2159" ordinal="0" offset="135" sl="62" sc="9" el="62" ec="9" bec="0" bev="0" fileid="2" />
                <SequencePoint vc="1" uspid="2160" ordinal="0" offset="148" sl="63" sc="9" el="63" ec="9" bec="0" bev="0" fileid="2" />
                <SequencePoint vc="1" uspid="2161" ordinal="0" offset="166" sl="66" sc="9" el="66" ec="9" bec="0" bev="0" fileid="2" />
                <SequencePoint vc="1" uspid="2162" ordinal="0" offset="189" sl="67" sc="5" el="67" ec="5" bec="0" bev="0" fileid="2" />
              </SequencePoints>
              <BranchPoints />
            </Method>
          </Methods>
        </Class>
        <Class>
          <Summary numSequencePoints="11" visitedSequencePoints="11" numBranchPoints="0" visitedBranchPoints="0" sequenceCoverage="100.0" branchCoverage="0.0" maxCyclomaticComplexity="0" minCyclomaticComplexity="0" maxCrapScore="0" minCrapScore="0" visitedClasses="1" numClasses="1" visitedMethods="1" numMethods="1" />
          <FullName>PlayerMovementTests/&lt;TestIsGrounded&gt;d__1</FullName>
          <Methods>
            <Method visited="true" cyclomaticComplexity="0" nPathComplexity="0" sequenceCoverage="100.0" branchCoverage="0" crapScore="0" isConstructor="false" isStatic="false" isGetter="false" isSetter="false">
              <Summary numSequencePoints="11" visitedSequencePoints="11" numBranchPoints="0" visitedBranchPoints="0" sequenceCoverage="100.0" branchCoverage="0" maxCyclomaticComplexity="0" minCyclomaticComplexity="0" maxCrapScore="0" minCrapScore="0" visitedClasses="0" numClasses="0" visitedMethods="1" numMethods="1" />
              <MetadataToken>100663341</MetadataToken>
              <Name>System.Boolean PlayerMovementTests/&lt;TestIsGrounded&gt;d__1::MoveNext()</Name>
              <FileRef uid="3" />
              <SequencePoints>
                <SequencePoint vc="1" uspid="2163" ordinal="0" offset="34" sl="45" sc="5" el="45" ec="5" bec="0" bev="0" fileid="3" />
                <SequencePoint vc="1" uspid="2164" ordinal="0" offset="35" sl="47" sc="9" el="47" ec="9" bec="0" bev="0" fileid="3" />
                <SequencePoint vc="1" uspid="2165" ordinal="0" offset="46" sl="48" sc="9" el="48" ec="9" bec="0" bev="0" fileid="3" />
                <SequencePoint vc="1" uspid="2166" ordinal="0" offset="63" sl="51" sc="9" el="51" ec="9" bec="0" bev="0" fileid="3" />
                <SequencePoint vc="1" uspid="2167" ordinal="0" offset="79" sl="52" sc="9" el="52" ec="9" bec="0" bev="0" fileid="3" />
                <SequencePoint vc="1" uspid="2168" ordinal="0" offset="116" sl="53" sc="9" el="53" ec="9" bec="0" bev="0" fileid="3" />
                <SequencePoint vc="1" uspid="2169" ordinal="0" offset="133" sl="54" sc="9" el="54" ec="9" bec="0" bev="0" fileid="3" />
                <SequencePoint vc="1" uspid="2170" ordinal="0" offset="155" sl="57" sc="9" el="57" ec="9" bec="0" bev="0" fileid="3" />
                <SequencePoint vc="1" uspid="2171" ordinal="0" offset="190" sl="60" sc="9" el="60" ec="9" bec="0" bev="0" fileid="3" />
                <SequencePoint vc="1" uspid="2172" ordinal="0" offset="213" sl="63" sc="9" el="63" ec="9" bec="0" bev="0" fileid="3" />
                <SequencePoint vc="1" uspid="2173" ordinal="0" offset="240" sl="64" sc="5" el="64" ec="5" bec="0" bev="0" fileid="3" />
              </SequencePoints>
              <BranchPoints />
            </Method>
          </Methods>
        </Class>
        <Class>
          <Summary numSequencePoints="21" visitedSequencePoints="21" numBranchPoints="0" visitedBranchPoints="0" sequenceCoverage="100.0" branchCoverage="0.0" maxCyclomaticComplexity="0" minCyclomaticComplexity="0" maxCrapScore="0" minCrapScore="0" visitedClasses="1" numClasses="1" visitedMethods="1" numMethods="1" />
          <FullName>PlayerMovementTests/&lt;TestJump&gt;d__0</FullName>
          <Methods>
            <Method visited="true" cyclomaticComplexity="0" nPathComplexity="0" sequenceCoverage="100.0" branchCoverage="0" crapScore="0" isConstructor="false" isStatic="false" isGetter="false" isSetter="false">
              <Summary numSequencePoints="21" visitedSequencePoints="21" numBranchPoints="0" visitedBranchPoints="0" sequenceCoverage="100.0" branchCoverage="0" maxCyclomaticComplexity="0" minCyclomaticComplexity="0" maxCrapScore="0" minCrapScore="0" visitedClasses="0" numClasses="0" visitedMethods="1" numMethods="1" />
              <MetadataToken>100663347</MetadataToken>
              <Name>System.Boolean PlayerMovementTests/&lt;TestJump&gt;d__0::MoveNext()</Name>
              <FileRef uid="3" />
              <SequencePoints>
                <SequencePoint vc="1" uspid="2174" ordinal="0" offset="34" sl="10" sc="5" el="10" ec="5" bec="0" bev="0" fileid="3" />
                <SequencePoint vc="1" uspid="2175" ordinal="0" offset="35" sl="12" sc="9" el="12" ec="9" bec="0" bev="0" fileid="3" />
                <SequencePoint vc="1" uspid="2176" ordinal="0" offset="46" sl="13" sc="9" el="13" ec="9" bec="0" bev="0" fileid="3" />
                <SequencePoint vc="1" uspid="2177" ordinal="0" offset="63" sl="16" sc="9" el="16" ec="9" bec="0" bev="0" fileid="3" />
                <SequencePoint vc="1" uspid="2178" ordinal="0" offset="75" sl="19" sc="9" el="19" ec="9" bec="0" bev="0" fileid="3" />
                <SequencePoint vc="1" uspid="2179" ordinal="0" offset="92" sl="20" sc="9" el="20" ec="9" bec="0" bev="0" fileid="3" />
                <SequencePoint vc="1" uspid="2180" ordinal="0" offset="108" sl="21" sc="9" el="21" ec="9" bec="0" bev="0" fileid="3" />
                <SequencePoint vc="1" uspid="2181" ordinal="0" offset="109" sl="22" sc="13" el="22" ec="13" bec="0" bev="0" fileid="3" />
                <SequencePoint vc="1" uspid="2182" ordinal="0" offset="120" sl="23" sc="13" el="23" ec="13" bec="0" bev="0" fileid="3" />
                <SequencePoint vc="1" uspid="2183" ordinal="0" offset="137" sl="24" sc="9" el="24" ec="9" bec="0" bev="0" fileid="3" />
                <SequencePoint vc="1" uspid="2184" ordinal="0" offset="138" sl="27" sc="9" el="27" ec="9" bec="0" bev="0" fileid="3" />
                <SequencePoint vc="1" uspid="2185" ordinal="0" offset="155" sl="30" sc="9" el="30" ec="9" bec="0" bev="0" fileid="3" />
                <SequencePoint vc="1" uspid="2186" ordinal="0" offset="177" sl="33" sc="9" el="33" ec="9" bec="0" bev="0" fileid="3" />
                <SequencePoint vc="1" uspid="2187" ordinal="0" offset="189" sl="34" sc="9" el="34" ec="9" bec="0" bev="0" fileid="3" />
                <SequencePoint vc="1" uspid="2188" ordinal="0" offset="206" sl="35" sc="9" el="35" ec="9" bec="0" bev="0" fileid="3" />
                <SequencePoint vc="1" uspid="2189" ordinal="0" offset="224" sl="36" sc="9" el="36" ec="9" bec="0" bev="0" fileid="3" />
                <SequencePoint vc="1" uspid="2190" ordinal="0" offset="236" sl="37" sc="9" el="37" ec="9" bec="0" bev="0" fileid="3" />
                <SequencePoint vc="1" uspid="2191" ordinal="0" offset="253" sl="38" sc="9" el="38" ec="9" bec="0" bev="0" fileid="3" />
                <SequencePoint vc="1" uspid="2192" ordinal="0" offset="271" sl="39" sc="9" el="39" ec="9" bec="0" bev="0" fileid="3" />
                <SequencePoint vc="1" uspid="2193" ordinal="0" offset="283" sl="40" sc="9" el="40" ec="9" bec="0" bev="0" fileid="3" />
                <SequencePoint vc="1" uspid="2194" ordinal="0" offset="306" sl="41" sc="5" el="41" ec="5" bec="0" bev="0" fileid="3" />
              </SequencePoints>
              <BranchPoints />
            </Method>
          </Methods>
        </Class>
      </Classes>
    </Module>
    <Module>
      <Summary numSequencePoints="295" visitedSequencePoints="86" numBranchPoints="0" visitedBranchPoints="0" sequenceCoverage="29.15" branchCoverage="0.0" maxCyclomaticComplexity="0" minCyclomaticComplexity="0" maxCrapScore="0" minCrapScore="0" visitedClasses="8" numClasses="11" visitedMethods="20" numMethods="46" />
      <ModuleTime>0001-01-01T00:00:00</ModuleTime>
      <ModuleName>ScriptsAssembly</ModuleName>
      <Files>
        <File uid="4" fullPath="C:/Users/Zach/Documents/.myDocs/School/teamwaterfall/src/Flow Runner/Assets/Scripts/BackgroundScroller.cs" />
        <File uid="5" fullPath="C:/Users/Zach/Documents/.myDocs/School/teamwaterfall/src/Flow Runner/Assets/Scripts/Commands.cs" />
        <File uid="6" fullPath="C:/Users/Zach/Documents/.myDocs/School/teamwaterfall/src/Flow Runner/Assets/Scripts/GameMechanics/BirdMovment.cs" />
        <File uid="7" fullPath="C:/Users/Zach/Documents/.myDocs/School/teamwaterfall/src/Flow Runner/Assets/Scripts/GameMechanics/BirdSpawner.cs" />
        <File uid="8" fullPath="C:/Users/Zach/Documents/.myDocs/School/teamwaterfall/src/Flow Runner/Assets/Scripts/GameMechanics/CoinCollector.cs" />
        <File uid="9" fullPath="C:/Users/Zach/Documents/.myDocs/School/teamwaterfall/src/Flow Runner/Assets/Scripts/GameMechanics/CoinController.cs" />
        <File uid="10" fullPath="C:/Users/Zach/Documents/.myDocs/School/teamwaterfall/src/Flow Runner/Assets/Scripts/GameMechanics/PlatformControllerLevel.cs" />
        <File uid="11" fullPath="C:/Users/Zach/Documents/.myDocs/School/teamwaterfall/src/Flow Runner/Assets/Scripts/GameMechanics/RockFalling.cs" />
        <File uid="12" fullPath="C:/Users/Zach/Documents/.myDocs/School/teamwaterfall/src/Flow Runner/Assets/Scripts/GameMechanics/ScoreController.cs" />
        <File uid="13" fullPath="C:/Users/Zach/Documents/.myDocs/School/teamwaterfall/src/Flow Runner/Assets/Scripts/GameMechanics/SideToSideMovement.cs" />
        <File uid="14" fullPath="C:/Users/Zach/Documents/.myDocs/School/teamwaterfall/src/Flow Runner/Assets/Scripts/GameMechanics/TotalCoinController.cs" />
        <File uid="15" fullPath="C:/Users/Zach/Documents/.myDocs/School/teamwaterfall/src/Flow Runner/Assets/Scripts/GameMechanics/WaterRise.cs" />
        <File uid="16" fullPath="C:/Users/Zach/Documents/.myDocs/School/teamwaterfall/src/Flow Runner/Assets/Scripts/GameScreen.cs" />
        <File uid="17" fullPath="C:/Users/Zach/Documents/.myDocs/School/teamwaterfall/src/Flow Runner/Assets/Scripts/Guide.cs" />
        <File uid="18" fullPath="C:/Users/Zach/Documents/.myDocs/School/teamwaterfall/src/Flow Runner/Assets/Scripts/HighscoresManager.cs" />
        <File uid="19" fullPath="C:/Users/Zach/Documents/.myDocs/School/teamwaterfall/src/Flow Runner/Assets/Scripts/ModalWindow.cs" />
        <File uid="20" fullPath="C:/Users/Zach/Documents/.myDocs/School/teamwaterfall/src/Flow Runner/Assets/Scripts/ModalWindowButton.cs" />
        <File uid="21" fullPath="C:/Users/Zach/Documents/.myDocs/School/teamwaterfall/src/Flow Runner/Assets/Scripts/ModalWindows/GuideModalWindow.cs" />
        <File uid="22" fullPath="C:/Users/Zach/Documents/.myDocs/School/teamwaterfall/src/Flow Runner/Assets/Scripts/ModalWindows/HighscoresModalWindow.cs" />
        <File uid="23" fullPath="C:/Users/Zach/Documents/.myDocs/School/teamwaterfall/src/Flow Runner/Assets/Scripts/ModalWindows/History.cs" />
        <File uid="24" fullPath="C:/Users/Zach/Documents/.myDocs/School/teamwaterfall/src/Flow Runner/Assets/Scripts/ModalWindows/PauseModalWindow.cs" />
        <File uid="25" fullPath="C:/Users/Zach/Documents/.myDocs/School/teamwaterfall/src/Flow Runner/Assets/Scripts/ModalWindows/SettingsModalWindow.cs" />
        <File uid="26" fullPath="C:/Users/Zach/Documents/.myDocs/School/teamwaterfall/src/Flow Runner/Assets/Scripts/ModalWindows/ToastModalWindow.cs" />
        <File uid="27" fullPath="C:/Users/Zach/Documents/.myDocs/School/teamwaterfall/src/Flow Runner/Assets/Scripts/PauseManager.cs" />
        <File uid="28" fullPath="C:/Users/Zach/Documents/.myDocs/School/teamwaterfall/src/Flow Runner/Assets/Scripts/PlayerScripts/AirMeter.cs" />
        <File uid="29" fullPath="C:/Users/Zach/Documents/.myDocs/School/teamwaterfall/src/Flow Runner/Assets/Scripts/PlayerScripts/CameraController.cs" />
        <File uid="30" fullPath="C:/Users/Zach/Documents/.myDocs/School/teamwaterfall/src/Flow Runner/Assets/Scripts/PlayerScripts/ChangeSprite.cs" />
        <File uid="31" fullPath="C:/Users/Zach/Documents/.myDocs/School/teamwaterfall/src/Flow Runner/Assets/Scripts/PlayerScripts/CoinDelete.cs" />
        <File uid="32" fullPath="C:/Users/Zach/Documents/.myDocs/School/teamwaterfall/src/Flow Runner/Assets/Scripts/PlayerScripts/PlayerMovement.cs" />
        <File uid="33" fullPath="C:/Users/Zach/Documents/.myDocs/School/teamwaterfall/src/Flow Runner/Assets/Scripts/PlayerScripts/RockKill.cs" />
        <File uid="34" fullPath="C:/Users/Zach/Documents/.myDocs/School/teamwaterfall/src/Flow Runner/Assets/Scripts/SettingsManager.cs" />
        <File uid="35" fullPath="C:/Users/Zach/Documents/.myDocs/School/teamwaterfall/src/Flow Runner/Assets/Scripts/TitleScreen.cs" />
      </Files>
      <Classes>
        <Class>
          <Summary numSequencePoints="1" visitedSequencePoints="1" numBranchPoints="0" visitedBranchPoints="0" sequenceCoverage="100.0" branchCoverage="0.0" maxCyclomaticComplexity="0" minCyclomaticComplexity="0" maxCrapScore="0" minCrapScore="0" visitedClasses="1" numClasses="1" visitedMethods="1" numMethods="1" />
          <FullName>TotalCoinController</FullName>
          <Methods>
            <Method visited="true" cyclomaticComplexity="0" nPathComplexity="0" sequenceCoverage="100.0" branchCoverage="0" crapScore="0" isConstructor="true" isStatic="false" isGetter="false" isSetter="false">
              <Summary numSequencePoints="1" visitedSequencePoints="1" numBranchPoints="0" visitedBranchPoints="0" sequenceCoverage="100.0" branchCoverage="0" maxCyclomaticComplexity="0" minCyclomaticComplexity="0" maxCrapScore="0" minCrapScore="0" visitedClasses="0" numClasses="0" visitedMethods="1" numMethods="1" />
              <MetadataToken>100663364</MetadataToken>
              <Name>TotalCoinController::TotalCoinController()</Name>
              <FileRef uid="14" />
              <SequencePoints>
                <SequencePoint vc="1" uspid="2562" ordinal="0" offset="0" sl="9" sc="5" el="9" ec="5" bec="0" bev="0" fileid="14" />
              </SequencePoints>
              <BranchPoints />
            </Method>
          </Methods>
        </Class>
        <Class>
          <Summary numSequencePoints="16" visitedSequencePoints="0" numBranchPoints="0" visitedBranchPoints="0" sequenceCoverage="0.0" branchCoverage="0.0" maxCyclomaticComplexity="0" minCyclomaticComplexity="0" maxCrapScore="0" minCrapScore="0" visitedClasses="0" numClasses="1" visitedMethods="0" numMethods="2" />
          <FullName>GameScreen</FullName>
          <Methods>
            <Method visited="false" cyclomaticComplexity="0" nPathComplexity="0" sequenceCoverage="0.0" branchCoverage="0" crapScore="0" isConstructor="false" isStatic="false" isGetter="false" isSetter="false">
              <Summary numSequencePoints="13" visitedSequencePoints="0" numBranchPoints="0" visitedBranchPoints="0" sequenceCoverage="0.0" branchCoverage="0" maxCyclomaticComplexity="0" minCyclomaticComplexity="0" maxCrapScore="0" minCrapScore="0" visitedClasses="0" numClasses="0" visitedMethods="0" numMethods="1" />
              <MetadataToken>100663370</MetadataToken>
              <Name>System.Void GameScreen::DestroyInactiveModals[T]()</Name>
              <FileRef uid="16" />
              <SequencePoints>
                <SequencePoint vc="0" uspid="2581" ordinal="0" offset="0" sl="26" sc="0" el="26" ec="0" bec="0" bev="0" fileid="16" />
                <SequencePoint vc="0" uspid="2582" ordinal="0" offset="1" sl="28" sc="0" el="28" ec="0" bec="0" bev="0" fileid="16" />
                <SequencePoint vc="0" uspid="2583" ordinal="0" offset="7" sl="30" sc="0" el="30" ec="0" bec="0" bev="0" fileid="16" />
                <SequencePoint vc="0" uspid="2584" ordinal="0" offset="8" sl="30" sc="0" el="30" ec="0" bec="0" bev="0" fileid="16" />
                <SequencePoint vc="0" uspid="2585" ordinal="0" offset="14" sl="30" sc="0" el="30" ec="0" bec="0" bev="0" fileid="16" />
                <SequencePoint vc="0" uspid="2586" ordinal="0" offset="22" sl="31" sc="0" el="31" ec="0" bec="0" bev="0" fileid="16" />
                <SequencePoint vc="0" uspid="2587" ordinal="0" offset="23" sl="33" sc="0" el="33" ec="0" bec="0" bev="0" fileid="16" />
                <SequencePoint vc="0" uspid="2588" ordinal="0" offset="52" sl="34" sc="0" el="34" ec="0" bec="0" bev="0" fileid="16" />
                <SequencePoint vc="0" uspid="2589" ordinal="0" offset="53" sl="35" sc="0" el="35" ec="0" bec="0" bev="0" fileid="16" />
                <SequencePoint vc="0" uspid="2590" ordinal="0" offset="70" sl="36" sc="0" el="36" ec="0" bec="0" bev="0" fileid="16" />
                <SequencePoint vc="0" uspid="2591" ordinal="0" offset="71" sl="37" sc="0" el="37" ec="0" bec="0" bev="0" fileid="16" />
                <SequencePoint vc="0" uspid="2592" ordinal="0" offset="76" sl="30" sc="0" el="30" ec="0" bec="0" bev="0" fileid="16" />
                <SequencePoint vc="0" uspid="2593" ordinal="0" offset="82" sl="38" sc="0" el="38" ec="0" bec="0" bev="0" fileid="16" />
              </SequencePoints>
              <BranchPoints />
            </Method>
            <Method visited="false" cyclomaticComplexity="0" nPathComplexity="0" sequenceCoverage="0.0" branchCoverage="0" crapScore="0" isConstructor="false" isStatic="false" isGetter="false" isSetter="false">
              <Summary numSequencePoints="3" visitedSequencePoints="0" numBranchPoints="0" visitedBranchPoints="0" sequenceCoverage="0.0" branchCoverage="0" maxCyclomaticComplexity="0" minCyclomaticComplexity="0" maxCrapScore="0" minCrapScore="0" visitedClasses="0" numClasses="0" visitedMethods="0" numMethods="1" />
              <MetadataToken>100663371</MetadataToken>
              <Name>System.Boolean GameScreen::IsClosingAnimationPlaying[T](T)</Name>
              <FileRef uid="16" />
              <SequencePoints>
                <SequencePoint vc="0" uspid="2594" ordinal="0" offset="0" sl="41" sc="0" el="41" ec="0" bec="0" bev="0" fileid="16" />
                <SequencePoint vc="0" uspid="2595" ordinal="0" offset="1" sl="43" sc="0" el="43" ec="0" bec="0" bev="0" fileid="16" />
                <SequencePoint vc="0" uspid="2596" ordinal="0" offset="34" sl="44" sc="0" el="44" ec="0" bec="0" bev="0" fileid="16" />
              </SequencePoints>
              <BranchPoints />
            </Method>
          </Methods>
        </Class>
        <Class>
          <Summary numSequencePoints="1" visitedSequencePoints="1" numBranchPoints="0" visitedBranchPoints="0" sequenceCoverage="100.0" branchCoverage="0.0" maxCyclomaticComplexity="0" minCyclomaticComplexity="0" maxCrapScore="0" minCrapScore="0" visitedClasses="1" numClasses="1" visitedMethods="1" numMethods="1" />
          <FullName>HighscoresManager</FullName>
          <Methods>
            <Method visited="true" cyclomaticComplexity="0" nPathComplexity="0" sequenceCoverage="100.0" branchCoverage="0" crapScore="0" isConstructor="true" isStatic="false" isGetter="false" isSetter="false">
              <Summary numSequencePoints="1" visitedSequencePoints="1" numBranchPoints="0" visitedBranchPoints="0" sequenceCoverage="100.0" branchCoverage="0" maxCyclomaticComplexity="0" minCyclomaticComplexity="0" maxCrapScore="0" minCrapScore="0" visitedClasses="0" numClasses="0" visitedMethods="1" numMethods="1" />
              <MetadataToken>100663384</MetadataToken>
              <Name>HighscoresManager::HighscoresManager()</Name>
              <FileRef uid="18" />
              <SequencePoints>
                <SequencePoint vc="1" uspid="2676" ordinal="0" offset="0" sl="35" sc="5" el="35" ec="5" bec="0" bev="0" fileid="18" />
              </SequencePoints>
              <BranchPoints />
            </Method>
          </Methods>
        </Class>
        <Class>
          <Summary numSequencePoints="99" visitedSequencePoints="0" numBranchPoints="0" visitedBranchPoints="0" sequenceCoverage="0.0" branchCoverage="0.0" maxCyclomaticComplexity="0" minCyclomaticComplexity="0" maxCrapScore="0" minCrapScore="0" visitedClasses="0" numClasses="1" visitedMethods="0" numMethods="22" />
          <FullName>ModalWindow[T]</FullName>
          <Methods>
            <Method visited="false" cyclomaticComplexity="0" nPathComplexity="0" sequenceCoverage="0.0" branchCoverage="0" crapScore="0" isConstructor="false" isStatic="false" isGetter="true" isSetter="false">
              <Summary numSequencePoints="1" visitedSequencePoints="0" numBranchPoints="0" visitedBranchPoints="0" sequenceCoverage="0.0" branchCoverage="0" maxCyclomaticComplexity="0" minCyclomaticComplexity="0" maxCrapScore="0" minCrapScore="0" visitedClasses="0" numClasses="0" visitedMethods="0" numMethods="1" />
              <MetadataToken>100663387</MetadataToken>
              <Name>T ModalWindow[T]::get_Instance()</Name>
              <FileRef uid="19" />
              <SequencePoints>
                <SequencePoint vc="0" uspid="2683" ordinal="0" offset="0" sl="19" sc="0" el="19" ec="0" bec="0" bev="0" fileid="19" />
              </SequencePoints>
              <BranchPoints />
            </Method>
            <Method visited="false" cyclomaticComplexity="0" nPathComplexity="0" sequenceCoverage="0.0" branchCoverage="0" crapScore="0" isConstructor="false" isStatic="false" isGetter="false" isSetter="true">
              <Summary numSequencePoints="1" visitedSequencePoints="0" numBranchPoints="0" visitedBranchPoints="0" sequenceCoverage="0.0" branchCoverage="0" maxCyclomaticComplexity="0" minCyclomaticComplexity="0" maxCrapScore="0" minCrapScore="0" visitedClasses="0" numClasses="0" visitedMethods="0" numMethods="1" />
              <MetadataToken>100663388</MetadataToken>
              <Name>System.Void ModalWindow[T]::set_Instance(T)</Name>
              <FileRef uid="19" />
              <SequencePoints>
                <SequencePoint vc="0" uspid="2684" ordinal="0" offset="0" sl="19" sc="0" el="19" ec="0" bec="0" bev="0" fileid="19" />
              </SequencePoints>
              <BranchPoints />
            </Method>
            <Method visited="false" cyclomaticComplexity="0" nPathComplexity="0" sequenceCoverage="0.0" branchCoverage="0" crapScore="0" isConstructor="false" isStatic="false" isGetter="true" isSetter="false">
              <Summary numSequencePoints="1" visitedSequencePoints="0" numBranchPoints="0" visitedBranchPoints="0" sequenceCoverage="0.0" branchCoverage="0" maxCyclomaticComplexity="0" minCyclomaticComplexity="0" maxCrapScore="0" minCrapScore="0" visitedClasses="0" numClasses="0" visitedMethods="0" numMethods="1" />
              <MetadataToken>100663389</MetadataToken>
              <Name>System.Boolean ModalWindow[T]::get_Ignorable()</Name>
              <FileRef uid="19" />
              <SequencePoints>
                <SequencePoint vc="0" uspid="2685" ordinal="0" offset="0" sl="26" sc="0" el="26" ec="0" bec="0" bev="0" fileid="19" />
              </SequencePoints>
              <BranchPoints />
            </Method>
            <Method visited="false" cyclomaticComplexity="0" nPathComplexity="0" sequenceCoverage="0.0" branchCoverage="0" crapScore="0" isConstructor="false" isStatic="false" isGetter="false" isSetter="true">
              <Summary numSequencePoints="7" visitedSequencePoints="0" numBranchPoints="0" visitedBranchPoints="0" sequenceCoverage="0.0" branchCoverage="0" maxCyclomaticComplexity="0" minCyclomaticComplexity="0" maxCrapScore="0" minCrapScore="0" visitedClasses="0" numClasses="0" visitedMethods="0" numMethods="1" />
              <MetadataToken>100663390</MetadataToken>
              <Name>System.Void ModalWindow[T]::set_Ignorable(System.Boolean)</Name>
              <FileRef uid="19" />
              <SequencePoints>
                <SequencePoint vc="0" uspid="2686" ordinal="0" offset="0" sl="28" sc="0" el="28" ec="0" bec="0" bev="0" fileid="19" />
                <SequencePoint vc="0" uspid="2687" ordinal="0" offset="1" sl="29" sc="0" el="29" ec="0" bec="0" bev="0" fileid="19" />
                <SequencePoint vc="0" uspid="2688" ordinal="0" offset="8" sl="30" sc="0" el="30" ec="0" bec="0" bev="0" fileid="19" />
                <SequencePoint vc="0" uspid="2689" ordinal="0" offset="23" sl="30" sc="0" el="30" ec="0" bec="0" bev="0" fileid="19" />
                <SequencePoint vc="0" uspid="2690" ordinal="0" offset="36" sl="31" sc="0" el="31" ec="0" bec="0" bev="0" fileid="19" />
                <SequencePoint vc="0" uspid="2691" ordinal="0" offset="51" sl="31" sc="0" el="31" ec="0" bec="0" bev="0" fileid="19" />
                <SequencePoint vc="0" uspid="2692" ordinal="0" offset="69" sl="32" sc="0" el="32" ec="0" bec="0" bev="0" fileid="19" />
              </SequencePoints>
              <BranchPoints />
            </Method>
            <Method visited="false" cyclomaticComplexity="0" nPathComplexity="0" sequenceCoverage="0.0" branchCoverage="0" crapScore="0" isConstructor="false" isStatic="false" isGetter="true" isSetter="false">
              <Summary numSequencePoints="1" visitedSequencePoints="0" numBranchPoints="0" visitedBranchPoints="0" sequenceCoverage="0.0" branchCoverage="0" maxCyclomaticComplexity="0" minCyclomaticComplexity="0" maxCrapScore="0" minCrapScore="0" visitedClasses="0" numClasses="0" visitedMethods="0" numMethods="1" />
              <MetadataToken>100663391</MetadataToken>
              <Name>System.Boolean ModalWindow[T]::get_Visible()</Name>
              <FileRef uid="19" />
              <SequencePoints>
                <SequencePoint vc="0" uspid="2693" ordinal="0" offset="0" sl="37" sc="0" el="37" ec="0" bec="0" bev="0" fileid="19" />
              </SequencePoints>
              <BranchPoints />
            </Method>
            <Method visited="false" cyclomaticComplexity="0" nPathComplexity="0" sequenceCoverage="0.0" branchCoverage="0" crapScore="0" isConstructor="false" isStatic="false" isGetter="false" isSetter="true">
              <Summary numSequencePoints="1" visitedSequencePoints="0" numBranchPoints="0" visitedBranchPoints="0" sequenceCoverage="0.0" branchCoverage="0" maxCyclomaticComplexity="0" minCyclomaticComplexity="0" maxCrapScore="0" minCrapScore="0" visitedClasses="0" numClasses="0" visitedMethods="0" numMethods="1" />
              <MetadataToken>100663392</MetadataToken>
              <Name>System.Void ModalWindow[T]::set_Visible(System.Boolean)</Name>
              <FileRef uid="19" />
              <SequencePoints>
                <SequencePoint vc="0" uspid="2694" ordinal="0" offset="0" sl="38" sc="0" el="38" ec="0" bec="0" bev="0" fileid="19" />
              </SequencePoints>
              <BranchPoints />
            </Method>
            <Method visited="false" cyclomaticComplexity="0" nPathComplexity="0" sequenceCoverage="0.0" branchCoverage="0" crapScore="0" isConstructor="false" isStatic="true" isGetter="false" isSetter="false">
              <Summary numSequencePoints="13" visitedSequencePoints="0" numBranchPoints="0" visitedBranchPoints="0" sequenceCoverage="0.0" branchCoverage="0" maxCyclomaticComplexity="0" minCyclomaticComplexity="0" maxCrapScore="0" minCrapScore="0" visitedClasses="0" numClasses="0" visitedMethods="0" numMethods="1" />
              <MetadataToken>100663393</MetadataToken>
              <Name>static ResType ModalWindow[T]::GetModalWindowResource[ResType](System.String)</Name>
              <FileRef uid="19" />
              <SequencePoints>
                <SequencePoint vc="0" uspid="2695" ordinal="0" offset="0" sl="46" sc="0" el="46" ec="0" bec="0" bev="0" fileid="19" />
                <SequencePoint vc="0" uspid="2696" ordinal="0" offset="1" sl="47" sc="0" el="47" ec="0" bec="0" bev="0" fileid="19" />
                <SequencePoint vc="0" uspid="2697" ordinal="0" offset="13" sl="48" sc="0" el="48" ec="0" bec="0" bev="0" fileid="19" />
                <SequencePoint vc="0" uspid="2698" ordinal="0" offset="30" sl="49" sc="0" el="49" ec="0" bec="0" bev="0" fileid="19" />
                <SequencePoint vc="0" uspid="2699" ordinal="0" offset="31" sl="50" sc="0" el="50" ec="0" bec="0" bev="0" fileid="19" />
                <SequencePoint vc="0" uspid="2700" ordinal="0" offset="45" sl="53" sc="0" el="53" ec="0" bec="0" bev="0" fileid="19" />
                <SequencePoint vc="0" uspid="2701" ordinal="0" offset="46" sl="54" sc="0" el="54" ec="0" bec="0" bev="0" fileid="19" />
                <SequencePoint vc="0" uspid="2702" ordinal="0" offset="54" sl="55" sc="0" el="55" ec="0" bec="0" bev="0" fileid="19" />
                <SequencePoint vc="0" uspid="2703" ordinal="0" offset="72" sl="56" sc="0" el="56" ec="0" bec="0" bev="0" fileid="19" />
                <SequencePoint vc="0" uspid="2704" ordinal="0" offset="73" sl="57" sc="0" el="57" ec="0" bec="0" bev="0" fileid="19" />
                <SequencePoint vc="0" uspid="2705" ordinal="0" offset="92" sl="58" sc="0" el="58" ec="0" bec="0" bev="0" fileid="19" />
                <SequencePoint vc="0" uspid="2706" ordinal="0" offset="93" sl="60" sc="0" el="60" ec="0" bec="0" bev="0" fileid="19" />
                <SequencePoint vc="0" uspid="2707" ordinal="0" offset="98" sl="62" sc="0" el="62" ec="0" bec="0" bev="0" fileid="19" />
              </SequencePoints>
              <BranchPoints />
            </Method>
            <Method visited="false" cyclomaticComplexity="0" nPathComplexity="0" sequenceCoverage="0.0" branchCoverage="0" crapScore="0" isConstructor="false" isStatic="true" isGetter="false" isSetter="false">
              <Summary numSequencePoints="3" visitedSequencePoints="0" numBranchPoints="0" visitedBranchPoints="0" sequenceCoverage="0.0" branchCoverage="0" maxCyclomaticComplexity="0" minCyclomaticComplexity="0" maxCrapScore="0" minCrapScore="0" visitedClasses="0" numClasses="0" visitedMethods="0" numMethods="1" />
              <MetadataToken>100663394</MetadataToken>
              <Name>static ModalWindowButton ModalWindow[T]::GetButtonPrefab(ModalButtonType)</Name>
              <FileRef uid="19" />
              <SequencePoints>
                <SequencePoint vc="0" uspid="2708" ordinal="0" offset="0" sl="65" sc="0" el="65" ec="0" bec="0" bev="0" fileid="19" />
                <SequencePoint vc="0" uspid="2709" ordinal="0" offset="1" sl="66" sc="0" el="66" ec="0" bec="0" bev="0" fileid="19" />
                <SequencePoint vc="0" uspid="2710" ordinal="0" offset="32" sl="67" sc="0" el="67" ec="0" bec="0" bev="0" fileid="19" />
              </SequencePoints>
              <BranchPoints />
            </Method>
            <Method visited="false" cyclomaticComplexity="0" nPathComplexity="0" sequenceCoverage="0.0" branchCoverage="0" crapScore="0" isConstructor="false" isStatic="true" isGetter="false" isSetter="false">
              <Summary numSequencePoints="8" visitedSequencePoints="0" numBranchPoints="0" visitedBranchPoints="0" sequenceCoverage="0.0" branchCoverage="0" maxCyclomaticComplexity="0" minCyclomaticComplexity="0" maxCrapScore="0" minCrapScore="0" visitedClasses="0" numClasses="0" visitedMethods="0" numMethods="1" />
              <MetadataToken>100663395</MetadataToken>
              <Name>static T ModalWindow[T]::Create(System.Boolean)</Name>
              <FileRef uid="19" />
              <SequencePoints>
                <SequencePoint vc="0" uspid="2711" ordinal="0" offset="0" sl="72" sc="0" el="72" ec="0" bec="0" bev="0" fileid="19" />
                <SequencePoint vc="0" uspid="2712" ordinal="0" offset="1" sl="73" sc="0" el="73" ec="0" bec="0" bev="0" fileid="19" />
                <SequencePoint vc="0" uspid="2713" ordinal="0" offset="17" sl="74" sc="0" el="74" ec="0" bec="0" bev="0" fileid="19" />
                <SequencePoint vc="0" uspid="2714" ordinal="0" offset="29" sl="75" sc="0" el="75" ec="0" bec="0" bev="0" fileid="19" />
                <SequencePoint vc="0" uspid="2715" ordinal="0" offset="42" sl="76" sc="0" el="76" ec="0" bec="0" bev="0" fileid="19" />
                <SequencePoint vc="0" uspid="2716" ordinal="0" offset="55" sl="77" sc="0" el="77" ec="0" bec="0" bev="0" fileid="19" />
                <SequencePoint vc="0" uspid="2717" ordinal="0" offset="68" sl="79" sc="0" el="79" ec="0" bec="0" bev="0" fileid="19" />
                <SequencePoint vc="0" uspid="2718" ordinal="0" offset="82" sl="80" sc="0" el="80" ec="0" bec="0" bev="0" fileid="19" />
              </SequencePoints>
              <BranchPoints />
            </Method>
            <Method visited="false" cyclomaticComplexity="0" nPathComplexity="0" sequenceCoverage="0.0" branchCoverage="0" crapScore="0" isConstructor="false" isStatic="false" isGetter="false" isSetter="false">
              <Summary numSequencePoints="6" visitedSequencePoints="0" numBranchPoints="0" visitedBranchPoints="0" sequenceCoverage="0.0" branchCoverage="0" maxCyclomaticComplexity="0" minCyclomaticComplexity="0" maxCrapScore="0" minCrapScore="0" visitedClasses="0" numClasses="0" visitedMethods="0" numMethods="1" />
              <MetadataToken>100663396</MetadataToken>
              <Name>System.Void ModalWindow[T]::Awake()</Name>
              <FileRef uid="19" />
              <SequencePoints>
                <SequencePoint vc="0" uspid="2719" ordinal="0" offset="0" sl="83" sc="0" el="83" ec="0" bec="0" bev="0" fileid="19" />
                <SequencePoint vc="0" uspid="2720" ordinal="0" offset="1" sl="84" sc="0" el="84" ec="0" bec="0" bev="0" fileid="19" />
                <SequencePoint vc="0" uspid="2721" ordinal="0" offset="16" sl="84" sc="0" el="84" ec="0" bec="0" bev="0" fileid="19" />
                <SequencePoint vc="0" uspid="2722" ordinal="0" offset="46" sl="85" sc="0" el="85" ec="0" bec="0" bev="0" fileid="19" />
                <SequencePoint vc="0" uspid="2723" ordinal="0" offset="61" sl="85" sc="0" el="85" ec="0" bec="0" bev="0" fileid="19" />
                <SequencePoint vc="0" uspid="2724" ordinal="0" offset="91" sl="86" sc="0" el="86" ec="0" bec="0" bev="0" fileid="19" />
              </SequencePoints>
              <BranchPoints />
            </Method>
            <Method visited="false" cyclomaticComplexity="0" nPathComplexity="0" sequenceCoverage="0.0" branchCoverage="0" crapScore="0" isConstructor="false" isStatic="false" isGetter="false" isSetter="false">
              <Summary numSequencePoints="4" visitedSequencePoints="0" numBranchPoints="0" visitedBranchPoints="0" sequenceCoverage="0.0" branchCoverage="0" maxCyclomaticComplexity="0" minCyclomaticComplexity="0" maxCrapScore="0" minCrapScore="0" visitedClasses="0" numClasses="0" visitedMethods="0" numMethods="1" />
              <MetadataToken>100663397</MetadataToken>
              <Name>T ModalWindow[T]::SetHeader(System.String)</Name>
              <FileRef uid="19" />
              <SequencePoints>
                <SequencePoint vc="0" uspid="2725" ordinal="0" offset="0" sl="89" sc="0" el="89" ec="0" bec="0" bev="0" fileid="19" />
                <SequencePoint vc="0" uspid="2726" ordinal="0" offset="1" sl="90" sc="0" el="90" ec="0" bec="0" bev="0" fileid="19" />
                <SequencePoint vc="0" uspid="2727" ordinal="0" offset="14" sl="92" sc="0" el="92" ec="0" bec="0" bev="0" fileid="19" />
                <SequencePoint vc="0" uspid="2728" ordinal="0" offset="23" sl="93" sc="0" el="93" ec="0" bec="0" bev="0" fileid="19" />
              </SequencePoints>
              <BranchPoints />
            </Method>
            <Method visited="false" cyclomaticComplexity="0" nPathComplexity="0" sequenceCoverage="0.0" branchCoverage="0" crapScore="0" isConstructor="false" isStatic="false" isGetter="false" isSetter="false">
              <Summary numSequencePoints="4" visitedSequencePoints="0" numBranchPoints="0" visitedBranchPoints="0" sequenceCoverage="0.0" branchCoverage="0" maxCyclomaticComplexity="0" minCyclomaticComplexity="0" maxCrapScore="0" minCrapScore="0" visitedClasses="0" numClasses="0" visitedMethods="0" numMethods="1" />
              <MetadataToken>100663398</MetadataToken>
              <Name>T ModalWindow[T]::SetBody(System.String)</Name>
              <FileRef uid="19" />
              <SequencePoints>
                <SequencePoint vc="0" uspid="2729" ordinal="0" offset="0" sl="96" sc="0" el="96" ec="0" bec="0" bev="0" fileid="19" />
                <SequencePoint vc="0" uspid="2730" ordinal="0" offset="1" sl="97" sc="0" el="97" ec="0" bec="0" bev="0" fileid="19" />
                <SequencePoint vc="0" uspid="2731" ordinal="0" offset="14" sl="99" sc="0" el="99" ec="0" bec="0" bev="0" fileid="19" />
                <SequencePoint vc="0" uspid="2732" ordinal="0" offset="23" sl="100" sc="0" el="100" ec="0" bec="0" bev="0" fileid="19" />
              </SequencePoints>
              <BranchPoints />
            </Method>
            <Method visited="false" cyclomaticComplexity="0" nPathComplexity="0" sequenceCoverage="0.0" branchCoverage="0" crapScore="0" isConstructor="false" isStatic="false" isGetter="false" isSetter="false">
              <Summary numSequencePoints="8" visitedSequencePoints="0" numBranchPoints="0" visitedBranchPoints="0" sequenceCoverage="0.0" branchCoverage="0" maxCyclomaticComplexity="0" minCyclomaticComplexity="0" maxCrapScore="0" minCrapScore="0" visitedClasses="0" numClasses="0" visitedMethods="0" numMethods="1" />
              <MetadataToken>100663399</MetadataToken>
              <Name>T ModalWindow[T]::AddButton(System.String, System.Action, ModalButtonType)</Name>
              <FileRef uid="19" />
              <SequencePoints>
                <SequencePoint vc="0" uspid="2733" ordinal="0" offset="0" sl="103" sc="0" el="103" ec="0" bec="0" bev="0" fileid="19" />
                <SequencePoint vc="0" uspid="2734" ordinal="0" offset="1" sl="104" sc="0" el="104" ec="0" bec="0" bev="0" fileid="19" />
                <SequencePoint vc="0" uspid="2735" ordinal="0" offset="19" sl="104" sc="0" el="104" ec="0" bec="0" bev="0" fileid="19" />
                <SequencePoint vc="0" uspid="2736" ordinal="0" offset="28" sl="106" sc="0" el="106" ec="0" bec="0" bev="0" fileid="19" />
                <SequencePoint vc="0" uspid="2737" ordinal="0" offset="46" sl="107" sc="0" el="107" ec="0" bec="0" bev="0" fileid="19" />
                <SequencePoint vc="0" uspid="2738" ordinal="0" offset="69" sl="108" sc="0" el="108" ec="0" bec="0" bev="0" fileid="19" />
                <SequencePoint vc="0" uspid="2739" ordinal="0" offset="82" sl="110" sc="0" el="110" ec="0" bec="0" bev="0" fileid="19" />
                <SequencePoint vc="0" uspid="2740" ordinal="0" offset="91" sl="111" sc="0" el="111" ec="0" bec="0" bev="0" fileid="19" />
              </SequencePoints>
              <BranchPoints />
            </Method>
            <Method visited="false" cyclomaticComplexity="0" nPathComplexity="0" sequenceCoverage="0.0" branchCoverage="0" crapScore="0" isConstructor="false" isStatic="false" isGetter="false" isSetter="false">
              <Summary numSequencePoints="6" visitedSequencePoints="0" numBranchPoints="0" visitedBranchPoints="0" sequenceCoverage="0.0" branchCoverage="0" maxCyclomaticComplexity="0" minCyclomaticComplexity="0" maxCrapScore="0" minCrapScore="0" visitedClasses="0" numClasses="0" visitedMethods="0" numMethods="1" />
              <MetadataToken>100663400</MetadataToken>
              <Name>System.Void ModalWindow[T]::OnBeforeShow()</Name>
              <FileRef uid="19" />
              <SequencePoints>
                <SequencePoint vc="0" uspid="2741" ordinal="0" offset="0" sl="114" sc="0" el="114" ec="0" bec="0" bev="0" fileid="19" />
                <SequencePoint vc="0" uspid="2742" ordinal="0" offset="1" sl="115" sc="0" el="115" ec="0" bec="0" bev="0" fileid="19" />
                <SequencePoint vc="0" uspid="2743" ordinal="0" offset="19" sl="116" sc="0" el="116" ec="0" bec="0" bev="0" fileid="19" />
                <SequencePoint vc="0" uspid="2744" ordinal="0" offset="20" sl="117" sc="0" el="117" ec="0" bec="0" bev="0" fileid="19" />
                <SequencePoint vc="0" uspid="2745" ordinal="0" offset="34" sl="118" sc="0" el="118" ec="0" bec="0" bev="0" fileid="19" />
                <SequencePoint vc="0" uspid="2746" ordinal="0" offset="35" sl="119" sc="0" el="119" ec="0" bec="0" bev="0" fileid="19" />
              </SequencePoints>
              <BranchPoints />
            </Method>
            <Method visited="false" cyclomaticComplexity="0" nPathComplexity="0" sequenceCoverage="0.0" branchCoverage="0" crapScore="0" isConstructor="false" isStatic="false" isGetter="false" isSetter="false">
              <Summary numSequencePoints="3" visitedSequencePoints="0" numBranchPoints="0" visitedBranchPoints="0" sequenceCoverage="0.0" branchCoverage="0" maxCyclomaticComplexity="0" minCyclomaticComplexity="0" maxCrapScore="0" minCrapScore="0" visitedClasses="0" numClasses="0" visitedMethods="0" numMethods="1" />
              <MetadataToken>100663401</MetadataToken>
              <Name>System.Void ModalWindow[T]::Update()</Name>
              <FileRef uid="19" />
              <SequencePoints>
                <SequencePoint vc="0" uspid="2747" ordinal="0" offset="0" sl="122" sc="0" el="122" ec="0" bec="0" bev="0" fileid="19" />
                <SequencePoint vc="0" uspid="2748" ordinal="0" offset="1" sl="123" sc="0" el="123" ec="0" bec="0" bev="0" fileid="19" />
                <SequencePoint vc="0" uspid="2749" ordinal="0" offset="8" sl="124" sc="0" el="124" ec="0" bec="0" bev="0" fileid="19" />
              </SequencePoints>
              <BranchPoints />
            </Method>
            <Method visited="false" cyclomaticComplexity="0" nPathComplexity="0" sequenceCoverage="0.0" branchCoverage="0" crapScore="0" isConstructor="false" isStatic="false" isGetter="false" isSetter="false">
              <Summary numSequencePoints="10" visitedSequencePoints="0" numBranchPoints="0" visitedBranchPoints="0" sequenceCoverage="0.0" branchCoverage="0" maxCyclomaticComplexity="0" minCyclomaticComplexity="0" maxCrapScore="0" minCrapScore="0" visitedClasses="0" numClasses="0" visitedMethods="0" numMethods="1" />
              <MetadataToken>100663402</MetadataToken>
              <Name>System.Void ModalWindow[T]::CheckIgnorableForClose()</Name>
              <FileRef uid="19" />
              <SequencePoints>
                <SequencePoint vc="0" uspid="2750" ordinal="0" offset="0" sl="127" sc="0" el="127" ec="0" bec="0" bev="0" fileid="19" />
                <SequencePoint vc="0" uspid="2751" ordinal="0" offset="1" sl="128" sc="0" el="128" ec="0" bec="0" bev="0" fileid="19" />
                <SequencePoint vc="0" uspid="2752" ordinal="0" offset="12" sl="129" sc="0" el="129" ec="0" bec="0" bev="0" fileid="19" />
                <SequencePoint vc="0" uspid="2753" ordinal="0" offset="13" sl="130" sc="0" el="130" ec="0" bec="0" bev="0" fileid="19" />
                <SequencePoint vc="0" uspid="2754" ordinal="0" offset="31" sl="131" sc="0" el="131" ec="0" bec="0" bev="0" fileid="19" />
                <SequencePoint vc="0" uspid="2755" ordinal="0" offset="32" sl="132" sc="0" el="132" ec="0" bec="0" bev="0" fileid="19" />
                <SequencePoint vc="0" uspid="2756" ordinal="0" offset="52" sl="133" sc="0" el="133" ec="0" bec="0" bev="0" fileid="19" />
                <SequencePoint vc="0" uspid="2757" ordinal="0" offset="69" sl="134" sc="0" el="134" ec="0" bec="0" bev="0" fileid="19" />
                <SequencePoint vc="0" uspid="2758" ordinal="0" offset="70" sl="135" sc="0" el="135" ec="0" bec="0" bev="0" fileid="19" />
                <SequencePoint vc="0" uspid="2759" ordinal="0" offset="71" sl="136" sc="0" el="136" ec="0" bec="0" bev="0" fileid="19" />
              </SequencePoints>
              <BranchPoints />
            </Method>
            <Method visited="false" cyclomaticComplexity="0" nPathComplexity="0" sequenceCoverage="0.0" branchCoverage="0" crapScore="0" isConstructor="false" isStatic="false" isGetter="false" isSetter="false">
              <Summary numSequencePoints="6" visitedSequencePoints="0" numBranchPoints="0" visitedBranchPoints="0" sequenceCoverage="0.0" branchCoverage="0" maxCyclomaticComplexity="0" minCyclomaticComplexity="0" maxCrapScore="0" minCrapScore="0" visitedClasses="0" numClasses="0" visitedMethods="0" numMethods="1" />
              <MetadataToken>100663403</MetadataToken>
              <Name>T ModalWindow[T]::Show()</Name>
              <FileRef uid="19" />
              <SequencePoints>
                <SequencePoint vc="0" uspid="2760" ordinal="0" offset="0" sl="139" sc="0" el="139" ec="0" bec="0" bev="0" fileid="19" />
                <SequencePoint vc="0" uspid="2761" ordinal="0" offset="1" sl="140" sc="0" el="140" ec="0" bec="0" bev="0" fileid="19" />
                <SequencePoint vc="0" uspid="2762" ordinal="0" offset="8" sl="142" sc="0" el="142" ec="0" bec="0" bev="0" fileid="19" />
                <SequencePoint vc="0" uspid="2763" ordinal="0" offset="16" sl="143" sc="0" el="143" ec="0" bec="0" bev="0" fileid="19" />
                <SequencePoint vc="0" uspid="2764" ordinal="0" offset="28" sl="144" sc="0" el="144" ec="0" bec="0" bev="0" fileid="19" />
                <SequencePoint vc="0" uspid="2765" ordinal="0" offset="37" sl="145" sc="0" el="145" ec="0" bec="0" bev="0" fileid="19" />
              </SequencePoints>
              <BranchPoints />
            </Method>
            <Method visited="false" cyclomaticComplexity="0" nPathComplexity="0" sequenceCoverage="0.0" branchCoverage="0" crapScore="0" isConstructor="false" isStatic="false" isGetter="false" isSetter="false">
              <Summary numSequencePoints="5" visitedSequencePoints="0" numBranchPoints="0" visitedBranchPoints="0" sequenceCoverage="0.0" branchCoverage="0" maxCyclomaticComplexity="0" minCyclomaticComplexity="0" maxCrapScore="0" minCrapScore="0" visitedClasses="0" numClasses="0" visitedMethods="0" numMethods="1" />
              <MetadataToken>100663404</MetadataToken>
              <Name>T ModalWindow[T]::Close()</Name>
              <FileRef uid="19" />
              <SequencePoints>
                <SequencePoint vc="0" uspid="2766" ordinal="0" offset="0" sl="148" sc="0" el="148" ec="0" bec="0" bev="0" fileid="19" />
                <SequencePoint vc="0" uspid="2767" ordinal="0" offset="1" sl="149" sc="0" el="149" ec="0" bec="0" bev="0" fileid="19" />
                <SequencePoint vc="0" uspid="2768" ordinal="0" offset="9" sl="150" sc="0" el="150" ec="0" bec="0" bev="0" fileid="19" />
                <SequencePoint vc="0" uspid="2769" ordinal="0" offset="26" sl="151" sc="0" el="151" ec="0" bec="0" bev="0" fileid="19" />
                <SequencePoint vc="0" uspid="2770" ordinal="0" offset="35" sl="152" sc="0" el="152" ec="0" bec="0" bev="0" fileid="19" />
              </SequencePoints>
              <BranchPoints />
            </Method>
            <Method visited="false" cyclomaticComplexity="0" nPathComplexity="0" sequenceCoverage="0.0" branchCoverage="0" crapScore="0" isConstructor="false" isStatic="false" isGetter="false" isSetter="false">
              <Summary numSequencePoints="6" visitedSequencePoints="0" numBranchPoints="0" visitedBranchPoints="0" sequenceCoverage="0.0" branchCoverage="0" maxCyclomaticComplexity="0" minCyclomaticComplexity="0" maxCrapScore="0" minCrapScore="0" visitedClasses="0" numClasses="0" visitedMethods="0" numMethods="1" />
              <MetadataToken>100663405</MetadataToken>
              <Name>System.Void ModalWindow[T]::UI_IgnorePopup()</Name>
              <FileRef uid="19" />
              <SequencePoints>
                <SequencePoint vc="0" uspid="2771" ordinal="0" offset="0" sl="155" sc="0" el="155" ec="0" bec="0" bev="0" fileid="19" />
                <SequencePoint vc="0" uspid="2772" ordinal="0" offset="1" sl="156" sc="0" el="156" ec="0" bec="0" bev="0" fileid="19" />
                <SequencePoint vc="0" uspid="2773" ordinal="0" offset="11" sl="157" sc="0" el="157" ec="0" bec="0" bev="0" fileid="19" />
                <SequencePoint vc="0" uspid="2774" ordinal="0" offset="12" sl="158" sc="0" el="158" ec="0" bec="0" bev="0" fileid="19" />
                <SequencePoint vc="0" uspid="2775" ordinal="0" offset="19" sl="159" sc="0" el="159" ec="0" bec="0" bev="0" fileid="19" />
                <SequencePoint vc="0" uspid="2776" ordinal="0" offset="20" sl="160" sc="0" el="160" ec="0" bec="0" bev="0" fileid="19" />
              </SequencePoints>
              <BranchPoints />
            </Method>
            <Method visited="false" cyclomaticComplexity="0" nPathComplexity="0" sequenceCoverage="0.0" branchCoverage="0" crapScore="0" isConstructor="false" isStatic="false" isGetter="false" isSetter="false">
              <Summary numSequencePoints="3" visitedSequencePoints="0" numBranchPoints="0" visitedBranchPoints="0" sequenceCoverage="0.0" branchCoverage="0" maxCyclomaticComplexity="0" minCyclomaticComplexity="0" maxCrapScore="0" minCrapScore="0" visitedClasses="0" numClasses="0" visitedMethods="0" numMethods="1" />
              <MetadataToken>100663406</MetadataToken>
              <Name>System.Void ModalWindow[T]::ButtonPressedCallback(ModalWindowButton)</Name>
              <FileRef uid="19" />
              <SequencePoints>
                <SequencePoint vc="0" uspid="2777" ordinal="0" offset="0" sl="163" sc="0" el="163" ec="0" bec="0" bev="0" fileid="19" />
                <SequencePoint vc="0" uspid="2778" ordinal="0" offset="1" sl="164" sc="0" el="164" ec="0" bec="0" bev="0" fileid="19" />
                <SequencePoint vc="0" uspid="2779" ordinal="0" offset="8" sl="165" sc="0" el="165" ec="0" bec="0" bev="0" fileid="19" />
              </SequencePoints>
              <BranchPoints />
            </Method>
            <Method visited="false" cyclomaticComplexity="0" nPathComplexity="0" sequenceCoverage="0.0" branchCoverage="0" crapScore="0" isConstructor="true" isStatic="false" isGetter="false" isSetter="false">
              <Summary numSequencePoints="1" visitedSequencePoints="0" numBranchPoints="0" visitedBranchPoints="0" sequenceCoverage="0.0" branchCoverage="0" maxCyclomaticComplexity="0" minCyclomaticComplexity="0" maxCrapScore="0" minCrapScore="0" visitedClasses="0" numClasses="0" visitedMethods="0" numMethods="1" />
              <MetadataToken>100663407</MetadataToken>
              <Name>ModalWindow[T]::ModalWindow()</Name>
              <FileRef uid="19" />
              <SequencePoints>
                <SequencePoint vc="0" uspid="2780" ordinal="0" offset="0" sl="21" sc="0" el="21" ec="0" bec="0" bev="0" fileid="19" />
              </SequencePoints>
              <BranchPoints />
            </Method>
            <Method visited="false" cyclomaticComplexity="0" nPathComplexity="0" sequenceCoverage="0.0" branchCoverage="0" crapScore="0" isConstructor="true" isStatic="true" isGetter="false" isSetter="false">
              <Summary numSequencePoints="1" visitedSequencePoints="0" numBranchPoints="0" visitedBranchPoints="0" sequenceCoverage="0.0" branchCoverage="0" maxCyclomaticComplexity="0" minCyclomaticComplexity="0" maxCrapScore="0" minCrapScore="0" visitedClasses="0" numClasses="0" visitedMethods="0" numMethods="1" />
              <MetadataToken>100663408</MetadataToken>
              <Name>static ModalWindow[T]::ModalWindow()</Name>
              <FileRef uid="19" />
              <SequencePoints>
                <SequencePoint vc="0" uspid="2781" ordinal="0" offset="0" sl="43" sc="0" el="43" ec="0" bec="0" bev="0" fileid="19" />
              </SequencePoints>
              <BranchPoints />
            </Method>
          </Methods>
        </Class>
        <Class>
          <Summary numSequencePoints="8" visitedSequencePoints="8" numBranchPoints="0" visitedBranchPoints="0" sequenceCoverage="100.0" branchCoverage="0.0" maxCyclomaticComplexity="0" minCyclomaticComplexity="0" maxCrapScore="0" minCrapScore="0" visitedClasses="1" numClasses="1" visitedMethods="2" numMethods="2" />
          <FullName>PauseManager</FullName>
          <Methods>
            <Method visited="true" cyclomaticComplexity="0" nPathComplexity="0" sequenceCoverage="100.0" branchCoverage="0" crapScore="0" isConstructor="false" isStatic="true" isGetter="true" isSetter="false">
              <Summary numSequencePoints="3" visitedSequencePoints="3" numBranchPoints="0" visitedBranchPoints="0" sequenceCoverage="100.0" branchCoverage="0" maxCyclomaticComplexity="0" minCyclomaticComplexity="0" maxCrapScore="0" minCrapScore="0" visitedClasses="0" numClasses="0" visitedMethods="1" numMethods="1" />
              <MetadataToken>100663505</MetadataToken>
              <Name>static System.Boolean PauseManager::get_IsPaused()</Name>
              <FileRef uid="27" />
              <SequencePoints>
                <SequencePoint vc="10" uspid="3522" ordinal="0" offset="0" sl="17" sc="13" el="17" ec="13" bec="0" bev="0" fileid="27" />
                <SequencePoint vc="10" uspid="3523" ordinal="0" offset="1" sl="17" sc="15" el="17" ec="15" bec="0" bev="0" fileid="27" />
                <SequencePoint vc="10" uspid="3524" ordinal="0" offset="9" sl="17" sc="36" el="17" ec="36" bec="0" bev="0" fileid="27" />
              </SequencePoints>
              <BranchPoints />
            </Method>
            <Method visited="true" cyclomaticComplexity="0" nPathComplexity="0" sequenceCoverage="100.0" branchCoverage="0" crapScore="0" isConstructor="true" isStatic="true" isGetter="false" isSetter="false">
              <Summary numSequencePoints="5" visitedSequencePoints="5" numBranchPoints="0" visitedBranchPoints="0" sequenceCoverage="100.0" branchCoverage="0" maxCyclomaticComplexity="0" minCyclomaticComplexity="0" maxCrapScore="0" minCrapScore="0" visitedClasses="0" numClasses="0" visitedMethods="1" numMethods="1" />
              <MetadataToken>100663508</MetadataToken>
              <Name>static PauseManager::PauseManager()</Name>
              <FileRef uid="27" />
              <SequencePoints>
                <SequencePoint vc="1" uspid="3566" ordinal="0" offset="0" sl="9" sc="5" el="9" ec="5" bec="0" bev="0" fileid="27" />
                <SequencePoint vc="1" uspid="3567" ordinal="0" offset="6" sl="10" sc="5" el="10" ec="5" bec="0" bev="0" fileid="27" />
                <SequencePoint vc="1" uspid="3568" ordinal="0" offset="16" sl="11" sc="5" el="11" ec="5" bec="0" bev="0" fileid="27" />
                <SequencePoint vc="1" uspid="3569" ordinal="0" offset="26" sl="12" sc="5" el="12" ec="5" bec="0" bev="0" fileid="27" />
                <SequencePoint vc="1" uspid="3570" ordinal="0" offset="36" sl="13" sc="5" el="13" ec="5" bec="0" bev="0" fileid="27" />
              </SequencePoints>
              <BranchPoints />
            </Method>
          </Methods>
        </Class>
        <Class>
          <Summary numSequencePoints="11" visitedSequencePoints="8" numBranchPoints="0" visitedBranchPoints="0" sequenceCoverage="72.73" branchCoverage="0.0" maxCyclomaticComplexity="0" minCyclomaticComplexity="0" maxCrapScore="0" minCrapScore="0" visitedClasses="1" numClasses="1" visitedMethods="2" numMethods="2" />
          <FullName>AirMeter</FullName>
          <Methods>
            <Method visited="true" cyclomaticComplexity="0" nPathComplexity="0" sequenceCoverage="66.67" branchCoverage="0" crapScore="0" isConstructor="false" isStatic="false" isGetter="false" isSetter="false">
              <Summary numSequencePoints="9" visitedSequencePoints="6" numBranchPoints="0" visitedBranchPoints="0" sequenceCoverage="66.67" branchCoverage="0" maxCyclomaticComplexity="0" minCyclomaticComplexity="0" maxCrapScore="0" minCrapScore="0" visitedClasses="0" numClasses="0" visitedMethods="1" numMethods="1" />
              <MetadataToken>100663509</MetadataToken>
              <Name>System.Void AirMeter::Start()</Name>
              <FileRef uid="28" />
              <SequencePoints>
                <SequencePoint vc="1" uspid="3571" ordinal="0" offset="0" sl="22" sc="5" el="22" ec="5" bec="0" bev="0" fileid="28" />
                <SequencePoint vc="1" uspid="3572" ordinal="0" offset="1" sl="23" sc="9" el="23" ec="9" bec="0" bev="0" fileid="28" />
                <SequencePoint vc="0" uspid="3573" ordinal="0" offset="17" sl="24" sc="9" el="24" ec="9" bec="0" bev="0" fileid="28" />
                <SequencePoint vc="0" uspid="3574" ordinal="0" offset="18" sl="25" sc="13" el="25" ec="13" bec="0" bev="0" fileid="28" />
                <SequencePoint vc="0" uspid="3575" ordinal="0" offset="29" sl="26" sc="13" el="26" ec="13" bec="0" bev="0" fileid="28" />
                <SequencePoint vc="1" uspid="3576" ordinal="0" offset="31" sl="29" sc="9" el="29" ec="9" bec="0" bev="0" fileid="28" />
                <SequencePoint vc="1" uspid="3577" ordinal="0" offset="43" sl="32" sc="9" el="32" ec="9" bec="0" bev="0" fileid="28" />
                <SequencePoint vc="1" uspid="3578" ordinal="0" offset="61" sl="33" sc="9" el="33" ec="9" bec="0" bev="0" fileid="28" />
                <SequencePoint vc="1" uspid="3579" ordinal="0" offset="79" sl="34" sc="5" el="34" ec="5" bec="0" bev="0" fileid="28" />
              </SequencePoints>
              <BranchPoints />
            </Method>
            <Method visited="true" cyclomaticComplexity="0" nPathComplexity="0" sequenceCoverage="100.0" branchCoverage="0" crapScore="0" isConstructor="true" isStatic="false" isGetter="false" isSetter="false">
              <Summary numSequencePoints="2" visitedSequencePoints="2" numBranchPoints="0" visitedBranchPoints="0" sequenceCoverage="100.0" branchCoverage="0" maxCyclomaticComplexity="0" minCyclomaticComplexity="0" maxCrapScore="0" minCrapScore="0" visitedClasses="0" numClasses="0" visitedMethods="1" numMethods="1" />
              <MetadataToken>100663511</MetadataToken>
              <Name>AirMeter::AirMeter()</Name>
              <FileRef uid="28" />
              <SequencePoints>
                <SequencePoint vc="1" uspid="3613" ordinal="0" offset="0" sl="11" sc="5" el="11" ec="5" bec="0" bev="0" fileid="28" />
                <SequencePoint vc="1" uspid="3614" ordinal="0" offset="11" sl="12" sc="5" el="12" ec="5" bec="0" bev="0" fileid="28" />
              </SequencePoints>
              <BranchPoints />
            </Method>
          </Methods>
        </Class>
        <Class>
          <Summary numSequencePoints="22" visitedSequencePoints="12" numBranchPoints="0" visitedBranchPoints="0" sequenceCoverage="54.55" branchCoverage="0.0" maxCyclomaticComplexity="0" minCyclomaticComplexity="0" maxCrapScore="0" minCrapScore="0" visitedClasses="1" numClasses="1" visitedMethods="3" numMethods="3" />
          <FullName>ChangeSprite</FullName>
          <Methods>
            <Method visited="true" cyclomaticComplexity="0" nPathComplexity="0" sequenceCoverage="70.00" branchCoverage="0" crapScore="0" isConstructor="false" isStatic="false" isGetter="false" isSetter="false">
              <Summary numSequencePoints="10" visitedSequencePoints="7" numBranchPoints="0" visitedBranchPoints="0" sequenceCoverage="70.00" branchCoverage="0" maxCyclomaticComplexity="0" minCyclomaticComplexity="0" maxCrapScore="0" minCrapScore="0" visitedClasses="0" numClasses="0" visitedMethods="1" numMethods="1" />
              <MetadataToken>100663523</MetadataToken>
              <Name>System.Void ChangeSprite::OnTriggerEnter2D(UnityEngine.Collider2D)</Name>
              <FileRef uid="30" />
              <SequencePoints>
                <SequencePoint vc="4" uspid="3694" ordinal="0" offset="0" sl="89" sc="5" el="89" ec="5" bec="0" bev="0" fileid="30" />
                <SequencePoint vc="4" uspid="3695" ordinal="0" offset="1" sl="90" sc="9" el="90" ec="9" bec="0" bev="0" fileid="30" />
                <SequencePoint vc="4" uspid="3696" ordinal="0" offset="29" sl="91" sc="9" el="91" ec="9" bec="0" bev="0" fileid="30" />
                <SequencePoint vc="4" uspid="3697" ordinal="0" offset="30" sl="93" sc="13" el="93" ec="13" bec="0" bev="0" fileid="30" />
                <SequencePoint vc="0" uspid="3698" ordinal="0" offset="46" sl="94" sc="13" el="94" ec="13" bec="0" bev="0" fileid="30" />
                <SequencePoint vc="0" uspid="3699" ordinal="0" offset="47" sl="95" sc="17" el="95" ec="17" bec="0" bev="0" fileid="30" />
                <SequencePoint vc="0" uspid="3700" ordinal="0" offset="65" sl="96" sc="13" el="96" ec="13" bec="0" bev="0" fileid="30" />
                <SequencePoint vc="4" uspid="3701" ordinal="0" offset="66" sl="97" sc="13" el="97" ec="13" bec="0" bev="0" fileid="30" />
                <SequencePoint vc="4" uspid="3702" ordinal="0" offset="84" sl="98" sc="9" el="98" ec="9" bec="0" bev="0" fileid="30" />
                <SequencePoint vc="4" uspid="3703" ordinal="0" offset="85" sl="99" sc="5" el="99" ec="5" bec="0" bev="0" fileid="30" />
              </SequencePoints>
              <BranchPoints />
            </Method>
            <Method visited="true" cyclomaticComplexity="0" nPathComplexity="0" sequenceCoverage="30.00" branchCoverage="0" crapScore="0" isConstructor="false" isStatic="false" isGetter="false" isSetter="false">
              <Summary numSequencePoints="10" visitedSequencePoints="3" numBranchPoints="0" visitedBranchPoints="0" sequenceCoverage="30.00" branchCoverage="0" maxCyclomaticComplexity="0" minCyclomaticComplexity="0" maxCrapScore="0" minCrapScore="0" visitedClasses="0" numClasses="0" visitedMethods="1" numMethods="1" />
              <MetadataToken>100663524</MetadataToken>
              <Name>System.Void ChangeSprite::OnTriggerExit2D(UnityEngine.Collider2D)</Name>
              <FileRef uid="30" />
              <SequencePoints>
                <SequencePoint vc="2" uspid="3704" ordinal="0" offset="0" sl="106" sc="5" el="106" ec="5" bec="0" bev="0" fileid="30" />
                <SequencePoint vc="2" uspid="3705" ordinal="0" offset="1" sl="107" sc="9" el="107" ec="9" bec="0" bev="0" fileid="30" />
                <SequencePoint vc="0" uspid="3706" ordinal="0" offset="29" sl="108" sc="9" el="108" ec="9" bec="0" bev="0" fileid="30" />
                <SequencePoint vc="0" uspid="3707" ordinal="0" offset="30" sl="110" sc="13" el="110" ec="13" bec="0" bev="0" fileid="30" />
                <SequencePoint vc="0" uspid="3708" ordinal="0" offset="46" sl="111" sc="13" el="111" ec="13" bec="0" bev="0" fileid="30" />
                <SequencePoint vc="0" uspid="3709" ordinal="0" offset="47" sl="112" sc="17" el="112" ec="17" bec="0" bev="0" fileid="30" />
                <SequencePoint vc="0" uspid="3710" ordinal="0" offset="65" sl="113" sc="13" el="113" ec="13" bec="0" bev="0" fileid="30" />
                <SequencePoint vc="0" uspid="3711" ordinal="0" offset="66" sl="114" sc="13" el="114" ec="13" bec="0" bev="0" fileid="30" />
                <SequencePoint vc="0" uspid="3712" ordinal="0" offset="84" sl="115" sc="9" el="115" ec="9" bec="0" bev="0" fileid="30" />
                <SequencePoint vc="2" uspid="3713" ordinal="0" offset="85" sl="116" sc="5" el="116" ec="5" bec="0" bev="0" fileid="30" />
              </SequencePoints>
              <BranchPoints />
            </Method>
            <Method visited="true" cyclomaticComplexity="0" nPathComplexity="0" sequenceCoverage="100.0" branchCoverage="0" crapScore="0" isConstructor="true" isStatic="false" isGetter="false" isSetter="false">
              <Summary numSequencePoints="2" visitedSequencePoints="2" numBranchPoints="0" visitedBranchPoints="0" sequenceCoverage="100.0" branchCoverage="0" maxCyclomaticComplexity="0" minCyclomaticComplexity="0" maxCrapScore="0" minCrapScore="0" visitedClasses="0" numClasses="0" visitedMethods="1" numMethods="1" />
              <MetadataToken>100663525</MetadataToken>
              <Name>ChangeSprite::ChangeSprite()</Name>
              <FileRef uid="30" />
              <SequencePoints>
                <SequencePoint vc="4" uspid="3714" ordinal="0" offset="0" sl="7" sc="5" el="7" ec="5" bec="0" bev="0" fileid="30" />
                <SequencePoint vc="4" uspid="3715" ordinal="0" offset="11" sl="9" sc="5" el="9" ec="5" bec="0" bev="0" fileid="30" />
              </SequencePoints>
              <BranchPoints />
            </Method>
          </Methods>
        </Class>
        <Class>
          <Summary numSequencePoints="90" visitedSequencePoints="32" numBranchPoints="0" visitedBranchPoints="0" sequenceCoverage="35.56" branchCoverage="0.0" maxCyclomaticComplexity="0" minCyclomaticComplexity="0" maxCrapScore="0" minCrapScore="0" visitedClasses="1" numClasses="1" visitedMethods="7" numMethods="7" />
          <FullName>PlayerMovement</FullName>
          <Methods>
[...]
                <SequencePoint vc="0" uspid="3804" ordinal="0" offset="582" sl="216" sc="13" el="216" ec="13" bec="0" bev="0" fileid="32" />
                <SequencePoint vc="0" uspid="3805" ordinal="0" offset="583" sl="217" sc="17" el="217" ec="17" bec="0" bev="0" fileid="32" />
                <SequencePoint vc="0" uspid="3806" ordinal="0" offset="613" sl="218" sc="13" el="218" ec="13" bec="0" bev="0" fileid="32" />
                <SequencePoint vc="0" uspid="3807" ordinal="0" offset="614" sl="219" sc="9" el="219" ec="9" bec="0" bev="0" fileid="32" />
                <SequencePoint vc="3" uspid="3808" ordinal="0" offset="615" sl="220" sc="5" el="220" ec="5" bec="0" bev="0" fileid="32" />
              </SequencePoints>
              <BranchPoints />
            </Method>
            <Method visited="true" cyclomaticComplexity="0" nPathComplexity="0" sequenceCoverage="100.0" branchCoverage="0" crapScore="0" isConstructor="false" isStatic="false" isGetter="false" isSetter="false">
              <Summary numSequencePoints="3" visitedSequencePoints="3" numBranchPoints="0" visitedBranchPoints="0" sequenceCoverage="100.0" branchCoverage="0" maxCyclomaticComplexity="0" minCyclomaticComplexity="0" maxCrapScore="0" minCrapScore="0" visitedClasses="0" numClasses="0" visitedMethods="1" numMethods="1" />
              <MetadataToken>100663535</MetadataToken>
              <Name>System.Boolean PlayerMovement::IsGrounded()</Name>
              <FileRef uid="32" />
              <SequencePoints>
                <SequencePoint vc="1" uspid="3809" ordinal="0" offset="0" sl="227" sc="5" el="227" ec="5" bec="0" bev="0" fileid="32" />
                <SequencePoint vc="1" uspid="3810" ordinal="0" offset="1" sl="228" sc="9" el="228" ec="9" bec="0" bev="0" fileid="32" />
                <SequencePoint vc="1" uspid="3811" ordinal="0" offset="62" sl="229" sc="5" el="229" ec="5" bec="0" bev="0" fileid="32" />
              </SequencePoints>
              <BranchPoints />
            </Method>
            <Method visited="true" cyclomaticComplexity="0" nPathComplexity="0" sequenceCoverage="50.00" branchCoverage="0" crapScore="0" isConstructor="false" isStatic="false" isGetter="false" isSetter="false">
              <Summary numSequencePoints="6" visitedSequencePoints="3" numBranchPoints="0" visitedBranchPoints="0" sequenceCoverage="50.00" branchCoverage="0" maxCyclomaticComplexity="0" minCyclomaticComplexity="0" maxCrapScore="0" minCrapScore="0" visitedClasses="0" numClasses="0" visitedMethods="1" numMethods="1" />
              <MetadataToken>100663538</MetadataToken>
              <Name>System.Void PlayerMovement::OnTriggerEnter2D(UnityEngine.Collider2D)</Name>
              <FileRef uid="32" />
              <SequencePoints>
                <SequencePoint vc="1" uspid="3818" ordinal="0" offset="0" sl="248" sc="5" el="248" ec="5" bec="0" bev="0" fileid="32" />
                <SequencePoint vc="1" uspid="3819" ordinal="0" offset="1" sl="249" sc="9" el="249" ec="9" bec="0" bev="0" fileid="32" />
                <SequencePoint vc="0" uspid="3820" ordinal="0" offset="16" sl="250" sc="9" el="250" ec="9" bec="0" bev="0" fileid="32" />
                <SequencePoint vc="0" uspid="3821" ordinal="0" offset="17" sl="252" sc="13" el="252" ec="13" bec="0" bev="0" fileid="32" />
                <SequencePoint vc="0" uspid="3822" ordinal="0" offset="24" sl="253" sc="9" el="253" ec="9" bec="0" bev="0" fileid="32" />
                <SequencePoint vc="1" uspid="3823" ordinal="0" offset="25" sl="254" sc="5" el="254" ec="5" bec="0" bev="0" fileid="32" />
              </SequencePoints>
              <BranchPoints />
            </Method>
            <Method visited="true" cyclomaticComplexity="0" nPathComplexity="0" sequenceCoverage="50.00" branchCoverage="0" crapScore="0" isConstructor="false" isStatic="false" isGetter="false" isSetter="false">
              <Summary numSequencePoints="6" visitedSequencePoints="3" numBranchPoints="0" visitedBranchPoints="0" sequenceCoverage="50.00" branchCoverage="0" maxCyclomaticComplexity="0" minCyclomaticComplexity="0" maxCrapScore="0" minCrapScore="0" visitedClasses="0" numClasses="0" visitedMethods="1" numMethods="1" />
              <MetadataToken>100663539</MetadataToken>
              <Name>System.Void PlayerMovement::OnTriggerExit2D(UnityEngine.Collider2D)</Name>
              <FileRef uid="32" />
              <SequencePoints>
                <SequencePoint vc="1" uspid="3824" ordinal="0" offset="0" sl="261" sc="5" el="261" ec="5" bec="0" bev="0" fileid="32" />
                <SequencePoint vc="1" uspid="3825" ordinal="0" offset="1" sl="262" sc="9" el="262" ec="9" bec="0" bev="0" fileid="32" />
                <SequencePoint vc="0" uspid="3826" ordinal="0" offset="16" sl="263" sc="9" el="263" ec="9" bec="0" bev="0" fileid="32" />
                <SequencePoint vc="0" uspid="3827" ordinal="0" offset="17" sl="265" sc="13" el="265" ec="13" bec="0" bev="0" fileid="32" />
                <SequencePoint vc="0" uspid="3828" ordinal="0" offset="24" sl="266" sc="9" el="266" ec="9" bec="0" bev="0" fileid="32" />
                <SequencePoint vc="1" uspid="3829" ordinal="0" offset="25" sl="267" sc="5" el="267" ec="5" bec="0" bev="0" fileid="32" />
              </SequencePoints>
              <BranchPoints />
            </Method>
            <Method visited="true" cyclomaticComplexity="0" nPathComplexity="0" sequenceCoverage="100.0" branchCoverage="0" crapScore="0" isConstructor="true" isStatic="false" isGetter="false" isSetter="false">
              <Summary numSequencePoints="6" visitedSequencePoints="6" numBranchPoints="0" visitedBranchPoints="0" sequenceCoverage="100.0" branchCoverage="0" maxCyclomaticComplexity="0" minCyclomaticComplexity="0" maxCrapScore="0" minCrapScore="0" visitedClasses="0" numClasses="0" visitedMethods="1" numMethods="1" />
              <MetadataToken>100663540</MetadataToken>
              <Name>PlayerMovement::PlayerMovement()</Name>
              <FileRef uid="32" />
              <SequencePoints>
                <SequencePoint vc="2" uspid="3830" ordinal="0" offset="0" sl="22" sc="5" el="22" ec="5" bec="0" bev="0" fileid="32" />
                <SequencePoint vc="2" uspid="3831" ordinal="0" offset="11" sl="23" sc="5" el="23" ec="5" bec="0" bev="0" fileid="32" />
                <SequencePoint vc="2" uspid="3832" ordinal="0" offset="18" sl="24" sc="5" el="24" ec="5" bec="0" bev="0" fileid="32" />
                <SequencePoint vc="2" uspid="3833" ordinal="0" offset="25" sl="27" sc="5" el="27" ec="5" bec="0" bev="0" fileid="32" />
                <SequencePoint vc="2" uspid="3834" ordinal="0" offset="36" sl="28" sc="5" el="28" ec="5" bec="0" bev="0" fileid="32" />
                <SequencePoint vc="2" uspid="3835" ordinal="0" offset="47" sl="29" sc="5" el="29" ec="5" bec="0" bev="0" fileid="32" />
              </SequencePoints>
              <BranchPoints />
            </Method>
          </Methods>
        </Class>
        <Class>
          <Summary numSequencePoints="19" visitedSequencePoints="14" numBranchPoints="0" visitedBranchPoints="0" sequenceCoverage="73.68" branchCoverage="0.0" maxCyclomaticComplexity="0" minCyclomaticComplexity="0" maxCrapScore="0" minCrapScore="0" visitedClasses="1" numClasses="1" visitedMethods="3" numMethods="3" />
          <FullName>SettingsManager</FullName>
          <Methods>
            <Method visited="true" cyclomaticComplexity="0" nPathComplexity="0" sequenceCoverage="61.54" branchCoverage="0" crapScore="0" isConstructor="false" isStatic="true" isGetter="true" isSetter="false">
              <Summary numSequencePoints="13" visitedSequencePoints="8" numBranchPoints="0" visitedBranchPoints="0" sequenceCoverage="61.54" branchCoverage="0" maxCyclomaticComplexity="0" minCyclomaticComplexity="0" maxCrapScore="0" minCrapScore="0" visitedClasses="0" numClasses="0" visitedMethods="1" numMethods="1" />
              <MetadataToken>100663545</MetadataToken>
              <Name>static SettingsManager SettingsManager::get_Instance()</Name>
              <FileRef uid="34" />
              <SequencePoints>
                <SequencePoint vc="9" uspid="3881" ordinal="0" offset="0" sl="16" sc="9" el="16" ec="9" bec="0" bev="0" fileid="34" />
                <SequencePoint vc="9" uspid="3882" ordinal="0" offset="1" sl="17" sc="13" el="17" ec="13" bec="0" bev="0" fileid="34" />
                <SequencePoint vc="1" uspid="3883" ordinal="0" offset="16" sl="18" sc="13" el="18" ec="13" bec="0" bev="0" fileid="34" />
                <SequencePoint vc="1" uspid="3884" ordinal="0" offset="17" sl="19" sc="17" el="19" ec="17" bec="0" bev="0" fileid="34" />
                <SequencePoint vc="1" uspid="3885" ordinal="0" offset="27" sl="20" sc="17" el="20" ec="17" bec="0" bev="0" fileid="34" />
                <SequencePoint vc="0" uspid="3886" ordinal="0" offset="42" sl="21" sc="17" el="21" ec="17" bec="0" bev="0" fileid="34" />
                <SequencePoint vc="0" uspid="3887" ordinal="0" offset="43" sl="22" sc="21" el="22" ec="21" bec="0" bev="0" fileid="34" />
                <SequencePoint vc="0" uspid="3888" ordinal="0" offset="61" sl="26" sc="21" el="26" ec="21" bec="0" bev="0" fileid="34" />
                <SequencePoint vc="0" uspid="3889" ordinal="0" offset="72" sl="27" sc="21" el="27" ec="21" bec="0" bev="0" fileid="34" />
                <SequencePoint vc="0" uspid="3890" ordinal="0" offset="79" sl="28" sc="17" el="28" ec="17" bec="0" bev="0" fileid="34" />
                <SequencePoint vc="1" uspid="3891" ordinal="0" offset="80" sl="29" sc="13" el="29" ec="13" bec="0" bev="0" fileid="34" />
                <SequencePoint vc="9" uspid="3892" ordinal="0" offset="81" sl="30" sc="13" el="30" ec="13" bec="0" bev="0" fileid="34" />
                <SequencePoint vc="9" uspid="3893" ordinal="0" offset="89" sl="31" sc="9" el="31" ec="9" bec="0" bev="0" fileid="34" />
              </SequencePoints>
              <BranchPoints />
            </Method>
            <Method visited="true" cyclomaticComplexity="0" nPathComplexity="0" sequenceCoverage="100.0" branchCoverage="0" crapScore="0" isConstructor="false" isStatic="false" isGetter="true" isSetter="false">
              <Summary numSequencePoints="3" visitedSequencePoints="3" numBranchPoints="0" visitedBranchPoints="0" sequenceCoverage="100.0" branchCoverage="0" maxCyclomaticComplexity="0" minCyclomaticComplexity="0" maxCrapScore="0" minCrapScore="0" visitedClasses="0" numClasses="0" visitedMethods="1" numMethods="1" />
              <MetadataToken>100663548</MetadataToken>
              <Name>System.Collections.Generic.List[KeyCode] SettingsManager::get_UpShortcutKeys()</Name>
              <FileRef uid="34" />
              <SequencePoints>
                <SequencePoint vc="6" uspid="3900" ordinal="0" offset="0" sl="49" sc="47" el="49" ec="47" bec="0" bev="0" fileid="34" />
                <SequencePoint vc="6" uspid="3901" ordinal="0" offset="1" sl="49" sc="49" el="49" ec="49" bec="0" bev="0" fileid="34" />
                <SequencePoint vc="6" uspid="3902" ordinal="0" offset="10" sl="49" sc="72" el="49" ec="72" bec="0" bev="0" fileid="34" />
              </SequencePoints>
              <BranchPoints />
            </Method>
            <Method visited="true" cyclomaticComplexity="0" nPathComplexity="0" sequenceCoverage="100.0" branchCoverage="0" crapScore="0" isConstructor="false" isStatic="false" isGetter="true" isSetter="false">
              <Summary numSequencePoints="3" visitedSequencePoints="3" numBranchPoints="0" visitedBranchPoints="0" sequenceCoverage="100.0" branchCoverage="0" maxCyclomaticComplexity="0" minCyclomaticComplexity="0" maxCrapScore="0" minCrapScore="0" visitedClasses="0" numClasses="0" visitedMethods="1" numMethods="1" />
              <MetadataToken>100663550</MetadataToken>
              <Name>System.Collections.Generic.List[KeyCode] SettingsManager::get_ShieldShortcutKeys()</Name>
              <FileRef uid="34" />
              <SequencePoints>
                <SequencePoint vc="3" uspid="3906" ordinal="0" offset="0" sl="51" sc="51" el="51" ec="51" bec="0" bev="0" fileid="34" />
                <SequencePoint vc="3" uspid="3907" ordinal="0" offset="1" sl="51" sc="53" el="51" ec="53" bec="0" bev="0" fileid="34" />
                <SequencePoint vc="3" uspid="3908" ordinal="0" offset="10" sl="51" sc="80" el="51" ec="80" bec="0" bev="0" fileid="34" />
              </SequencePoints>
              <BranchPoints />
            </Method>
          </Methods>
        </Class>
        <Class>
          <Summary numSequencePoints="12" visitedSequencePoints="10" numBranchPoints="0" visitedBranchPoints="0" sequenceCoverage="83.33" branchCoverage="0.0" maxCyclomaticComplexity="0" minCyclomaticComplexity="0" maxCrapScore="0" minCrapScore="0" visitedClasses="1" numClasses="1" visitedMethods="1" numMethods="1" />
          <FullName>SettingsManagerExtensions</FullName>
          <Methods>
            <Method visited="true" cyclomaticComplexity="0" nPathComplexity="0" sequenceCoverage="83.33" branchCoverage="0" crapScore="0" isConstructor="false" isStatic="true" isGetter="false" isSetter="false">
              <Summary numSequencePoints="12" visitedSequencePoints="10" numBranchPoints="0" visitedBranchPoints="0" sequenceCoverage="83.33" branchCoverage="0" maxCyclomaticComplexity="0" minCyclomaticComplexity="0" maxCrapScore="0" minCrapScore="0" visitedClasses="0" numClasses="0" visitedMethods="1" numMethods="1" />
              <MetadataToken>100663563</MetadataToken>
              <Name>static System.Boolean SettingsManagerExtensions::AreKeyCombinationsPressed(System.Collections.Generic.List[KeyCode])</Name>
              <FileRef uid="34" />
              <SequencePoints>
                <SequencePoint vc="9" uspid="3996" ordinal="0" offset="0" sl="185" sc="5" el="185" ec="5" bec="0" bev="0" fileid="34" />
                <SequencePoint vc="9" uspid="3997" ordinal="0" offset="1" sl="186" sc="9" el="186" ec="9" bec="0" bev="0" fileid="34" />
                <SequencePoint vc="9" uspid="3998" ordinal="0" offset="2" sl="186" sc="33" el="186" ec="33" bec="0" bev="0" fileid="34" />
                <SequencePoint vc="9" uspid="3999" ordinal="0" offset="11" sl="186" sc="18" el="186" ec="18" bec="0" bev="0" fileid="34" />
                <SequencePoint vc="9" uspid="4000" ordinal="0" offset="19" sl="187" sc="9" el="187" ec="9" bec="0" bev="0" fileid="34" />
                <SequencePoint vc="9" uspid="4001" ordinal="0" offset="20" sl="188" sc="13" el="188" ec="13" bec="0" bev="0" fileid="34" />
                <SequencePoint vc="9" uspid="4002" ordinal="0" offset="33" sl="189" sc="13" el="189" ec="13" bec="0" bev="0" fileid="34" />
                <SequencePoint vc="9" uspid="4003" ordinal="0" offset="34" sl="190" sc="17" el="190" ec="17" bec="0" bev="0" fileid="34" />
                <SequencePoint vc="0" uspid="4004" ordinal="0" offset="38" sl="192" sc="9" el="192" ec="9" bec="0" bev="0" fileid="34" />
                <SequencePoint vc="9" uspid="4005" ordinal="0" offset="39" sl="186" sc="30" el="186" ec="30" bec="0" bev="0" fileid="34" />
                <SequencePoint vc="0" uspid="4006" ordinal="0" offset="65" sl="193" sc="9" el="193" ec="9" bec="0" bev="0" fileid="34" />
                <SequencePoint vc="9" uspid="4007" ordinal="0" offset="69" sl="194" sc="5" el="194" ec="5" bec="0" bev="0" fileid="34" />
              </SequencePoints>
              <BranchPoints />
            </Method>
          </Methods>
        </Class>
        <Class>
          <Summary numSequencePoints="16" visitedSequencePoints="0" numBranchPoints="0" visitedBranchPoints="0" sequenceCoverage="0.0" branchCoverage="0.0" maxCyclomaticComplexity="0" minCyclomaticComplexity="0" maxCrapScore="0" minCrapScore="0" visitedClasses="0" numClasses="1" visitedMethods="0" numMethods="2" />
          <FullName>TitleScreen</FullName>
          <Methods>
            <Method visited="false" cyclomaticComplexity="0" nPathComplexity="0" sequenceCoverage="0.0" branchCoverage="0" crapScore="0" isConstructor="false" isStatic="false" isGetter="false" isSetter="false">
              <Summary numSequencePoints="13" visitedSequencePoints="0" numBranchPoints="0" visitedBranchPoints="0" sequenceCoverage="0.0" branchCoverage="0" maxCyclomaticComplexity="0" minCyclomaticComplexity="0" maxCrapScore="0" minCrapScore="0" visitedClasses="0" numClasses="0" visitedMethods="0" numMethods="1" />
              <MetadataToken>100663574</MetadataToken>
              <Name>System.Void TitleScreen::DestroyInactiveModals[T]()</Name>
              <FileRef uid="35" />
              <SequencePoints>
                <SequencePoint vc="0" uspid="4064" ordinal="0" offset="0" sl="99" sc="0" el="99" ec="0" bec="0" bev="0" fileid="35" />
                <SequencePoint vc="0" uspid="4065" ordinal="0" offset="1" sl="101" sc="0" el="101" ec="0" bec="0" bev="0" fileid="35" />
                <SequencePoint vc="0" uspid="4066" ordinal="0" offset="7" sl="103" sc="0" el="103" ec="0" bec="0" bev="0" fileid="35" />
                <SequencePoint vc="0" uspid="4067" ordinal="0" offset="8" sl="103" sc="0" el="103" ec="0" bec="0" bev="0" fileid="35" />
                <SequencePoint vc="0" uspid="4068" ordinal="0" offset="14" sl="103" sc="0" el="103" ec="0" bec="0" bev="0" fileid="35" />
                <SequencePoint vc="0" uspid="4069" ordinal="0" offset="22" sl="104" sc="0" el="104" ec="0" bec="0" bev="0" fileid="35" />
                <SequencePoint vc="0" uspid="4070" ordinal="0" offset="23" sl="106" sc="0" el="106" ec="0" bec="0" bev="0" fileid="35" />
                <SequencePoint vc="0" uspid="4071" ordinal="0" offset="52" sl="107" sc="0" el="107" ec="0" bec="0" bev="0" fileid="35" />
                <SequencePoint vc="0" uspid="4072" ordinal="0" offset="53" sl="108" sc="0" el="108" ec="0" bec="0" bev="0" fileid="35" />
                <SequencePoint vc="0" uspid="4073" ordinal="0" offset="70" sl="109" sc="0" el="109" ec="0" bec="0" bev="0" fileid="35" />
                <SequencePoint vc="0" uspid="4074" ordinal="0" offset="71" sl="110" sc="0" el="110" ec="0" bec="0" bev="0" fileid="35" />
                <SequencePoint vc="0" uspid="4075" ordinal="0" offset="76" sl="103" sc="0" el="103" ec="0" bec="0" bev="0" fileid="35" />
                <SequencePoint vc="0" uspid="4076" ordinal="0" offset="82" sl="111" sc="0" el="111" ec="0" bec="0" bev="0" fileid="35" />
              </SequencePoints>
              <BranchPoints />
            </Method>
            <Method visited="false" cyclomaticComplexity="0" nPathComplexity="0" sequenceCoverage="0.0" branchCoverage="0" crapScore="0" isConstructor="false" isStatic="false" isGetter="false" isSetter="false">
              <Summary numSequencePoints="3" visitedSequencePoints="0" numBranchPoints="0" visitedBranchPoints="0" sequenceCoverage="0.0" branchCoverage="0" maxCyclomaticComplexity="0" minCyclomaticComplexity="0" maxCrapScore="0" minCrapScore="0" visitedClasses="0" numClasses="0" visitedMethods="0" numMethods="1" />
              <MetadataToken>100663575</MetadataToken>
              <Name>System.Boolean TitleScreen::IsClosingAnimationPlaying[T](T)</Name>
              <FileRef uid="35" />
              <SequencePoints>
                <SequencePoint vc="0" uspid="4077" ordinal="0" offset="0" sl="114" sc="0" el="114" ec="0" bec="0" bev="0" fileid="35" />
                <SequencePoint vc="0" uspid="4078" ordinal="0" offset="1" sl="116" sc="0" el="116" ec="0" bec="0" bev="0" fileid="35" />
                <SequencePoint vc="0" uspid="4079" ordinal="0" offset="34" sl="117" sc="0" el="117" ec="0" bec="0" bev="0" fileid="35" />
              </SequencePoints>
              <BranchPoints />
            </Method>
          </Methods>
        </Class>
      </Classes>
    </Module>
  </Modules>
</CoverageSession>